[20:31:58] ---- BEAUTYQUESTS LOGGER - OPENED Thu Aug 03 20:31:58 EDT 2023 ----
[20:32:46] [INFO] [BeautyQuests] Enabling BeautyQuests v0.20.1
[20:32:46] [INFO] [BeautyQuests] ------------ BeautyQuests ------------
[20:32:46] [WARNING] [BeautyQuests] You are not running the Paper software.
It is highly recommended to use it for extended features and more stability.
[20:32:46] [DEBUG] Hooked into [Citizens] v2.0.32-SNAPSHOT (build 3147)
[20:32:46] [DEBUG] Hooked into [WorldGuard] v7.0.8+33cdb4a
[20:32:46] [DEBUG] Hooked into [Vault] v1.7.3-b131
[20:32:46] [DEBUG] Hooked into [PlaceholderAPI] v2.11.3
[20:32:46] [DEBUG] Hooked into [dynmap] v3.6-beta-2-894
[20:32:46] [WARNING] [BeautyQuests] The Minecraft version 1_20_R1 is not supported by BeautyQuests.
[20:32:46] [WARNING] [BeautyQuests] Some functionnalities of the plugin have not been enabled.
[20:32:46] [DEBUG] Loading data file, last time edited : Thu Aug 03 20:24:52 EDT 2023
[20:32:46] [DEBUG] Unavailable string in config for key inv.mobSelect.advancedSpawners
[20:32:46] [INFO] [BeautyQuests] Loaded language en_US (0.021s)!
[20:32:46] [INFO] [BeautyQuests] Loaded start particles: REDSTONE in shape POINT with color R255 G255 B0
[20:32:46] [INFO] [BeautyQuests] Loaded talk particles: VILLAGER_HAPPY in shape BAR
[20:32:46] [INFO] [BeautyQuests] Loaded next particles: SMOKE_NORMAL in shape SPOT
[20:32:46] [DEBUG] Initlializing default stage types.
[20:32:46] [DEBUG] Stage registered (Talk, 0)
[20:32:46] [DEBUG] Stage registered (Items, 1)
[20:32:46] [DEBUG] Stage registered (Mobs, 2)
[20:32:46] [DEBUG] Stage registered (Mine, 3)
[20:32:46] [DEBUG] Stage registered (Place, 4)
[20:32:46] [DEBUG] Stage registered (Chat, 5)
[20:32:46] [DEBUG] Stage registered (Interact, 6)
[20:32:46] [DEBUG] Stage registered (Fish, 7)
[20:32:46] [DEBUG] Stage registered (Melt, 8)
[20:32:46] [DEBUG] Stage registered (Enchant, 9)
[20:32:46] [DEBUG] Stage registered (Craft, 10)
[20:32:46] [DEBUG] Stage registered (Bucket, 11)
[20:32:46] [DEBUG] Stage registered (Location, 12)
[20:32:46] [DEBUG] Stage registered (PlayTime, 13)
[20:32:46] [DEBUG] Stage registered (Breed, 14)
[20:32:46] [DEBUG] Stage registered (Tame, 15)
[20:32:46] [DEBUG] Stage registered (Death, 16)
[20:32:46] [DEBUG] Stage registered (DealDamage, 17)
[20:32:46] [DEBUG] Stage registered (EatDrink, 18)
[20:32:46] [DEBUG] Initlializing default rewards.
[20:32:46] [DEBUG] Quest object registered in registry rewards (id: commandReward, class: fr.skytasul.quests.rewards.CommandReward)
[20:32:46] [DEBUG] Quest object registered in registry rewards (id: itemReward, class: fr.skytasul.quests.rewards.ItemReward)
[20:32:46] [DEBUG] Quest object registered in registry rewards (id: removeItemsReward, class: fr.skytasul.quests.rewards.RemoveItemsReward)
[20:32:46] [DEBUG] Quest object registered in registry rewards (id: textReward, class: fr.skytasul.quests.rewards.MessageReward)
[20:32:46] [DEBUG] Quest object registered in registry rewards (id: tpReward, class: fr.skytasul.quests.rewards.TeleportationReward)
[20:32:46] [DEBUG] Quest object registered in registry rewards (id: expReward, class: fr.skytasul.quests.rewards.XPReward)
[20:32:46] [DEBUG] Quest object registered in registry rewards (id: checkpointReward, class: fr.skytasul.quests.rewards.CheckpointReward)
[20:32:46] [DEBUG] Quest object registered in registry rewards (id: questStopReward, class: fr.skytasul.quests.rewards.QuestStopReward)
[20:32:46] [DEBUG] Quest object registered in registry rewards (id: requirementDependentReward, class: fr.skytasul.quests.rewards.RequirementDependentReward)
[20:32:46] [DEBUG] Quest object registered in registry rewards (id: randomReward, class: fr.skytasul.quests.rewards.RandomReward)
[20:32:46] [DEBUG] Quest object registered in registry rewards (id: wait, class: fr.skytasul.quests.rewards.WaitReward)
[20:32:46] [DEBUG] Quest object registered in registry rewards (id: titleReward, class: fr.skytasul.quests.rewards.TitleReward)
[20:32:46] [DEBUG] Initlializing default requirements.
[20:32:46] [DEBUG] Quest object registered in registry requirements (id: logicalOr, class: fr.skytasul.quests.requirements.logical.LogicalOrRequirement)
[20:32:46] [DEBUG] Quest object registered in registry requirements (id: questRequired, class: fr.skytasul.quests.requirements.QuestRequirement)
[20:32:46] [DEBUG] Quest object registered in registry requirements (id: levelRequired, class: fr.skytasul.quests.requirements.LevelRequirement)
[20:32:46] [DEBUG] Quest object registered in registry requirements (id: permissionRequired, class: fr.skytasul.quests.requirements.PermissionsRequirement)
[20:32:46] [DEBUG] Quest object registered in registry requirements (id: scoreboardRequired, class: fr.skytasul.quests.requirements.ScoreboardRequirement)
[20:32:46] [DEBUG] Quest object registered in registry requirements (id: equipmentRequired, class: fr.skytasul.quests.requirements.EquipmentRequirement)
[20:32:46] [DEBUG] Initlializing default quest options.
[20:32:46] [DEBUG] Quest option registered (id: pool)
[20:32:46] [DEBUG] Quest option registered (id: name)
[20:32:46] [DEBUG] Quest option registered (id: description)
[20:32:46] [DEBUG] Quest option registered (id: customItem)
[20:32:46] [DEBUG] Quest option registered (id: confirmMessage)
[20:32:46] [DEBUG] Quest option registered (id: hologramText)
[20:32:46] [DEBUG] Quest option registered (id: bypassLimit)
[20:32:46] [DEBUG] Quest option registered (id: startableFromGUI)
[20:32:46] [DEBUG] Quest option registered (id: failOnDeath)
[20:32:46] [DEBUG] Quest option registered (id: cancellable)
[20:32:46] [DEBUG] Quest option registered (id: cancelActions)
[20:32:46] [DEBUG] Quest option registered (id: hologramLaunch)
[20:32:46] [DEBUG] Quest option registered (id: hologramLaunchNo)
[20:32:46] [DEBUG] Quest option registered (id: scoreboard)
[20:32:46] [DEBUG] Quest option registered (id: hideNoRequirements)
[20:32:46] [DEBUG] Quest option registered (id: auto)
[20:32:46] [DEBUG] Quest option registered (id: repeatable)
[20:32:46] [DEBUG] Quest option registered (id: timer)
[20:32:46] [DEBUG] Quest option registered (id: visibility)
[20:32:46] [DEBUG] Quest option registered (id: endSound)
[20:32:46] [DEBUG] Quest option registered (id: firework)
[20:32:46] [DEBUG] Quest option registered (id: requirements)
[20:32:46] [DEBUG] Quest option registered (id: startRewards)
[20:32:46] [DEBUG] Quest option registered (id: startMessage)
[20:32:46] [DEBUG] Quest option registered (id: starterNPC)
[20:32:46] [DEBUG] Quest option registered (id: startDialog)
[20:32:46] [DEBUG] Quest option registered (id: endRewards)
[20:32:46] [DEBUG] Quest option registered (id: endMsg)
[20:32:46] [DEBUG] Item comparison registered (id: bukkit)
[20:32:46] [DEBUG] Item comparison registered (id: customBukkit)
[20:32:46] [DEBUG] Item comparison registered (id: material)
[20:32:46] [DEBUG] Item comparison registered (id: name)
[20:32:46] [DEBUG] Item comparison registered (id: lore)
[20:32:46] [DEBUG] Item comparison registered (id: enchants)
[20:32:46] [DEBUG] Item comparison registered (id: repair)
[20:32:46] [DEBUG] Mob factory registered (id: bukkitEntity)
[20:32:46] [DEBUG] Bossbars manager has been registered: fr.skytasul.quests.api.bossbar.BQBossBarImplementation
[20:32:46] [DEBUG] Brigadier registered!
[20:32:46] [DEBUG] Mob factory registered (id: citizensNPC)
[20:32:46] [DEBUG] Now using WorldGuard entry API.
[20:32:46] [DEBUG] Stage registered (Find, 19)
[20:32:46] [DEBUG] Quest object registered in registry requirements (id: regionRequired, class: fr.skytasul.quests.requirements.RegionRequirement)
[20:32:46] [DEBUG] Quest object registered in registry rewards (id: moneyReward, class: fr.skytasul.quests.rewards.MoneyReward)
[20:32:46] [DEBUG] Quest object registered in registry rewards (id: permReward, class: fr.skytasul.quests.rewards.PermissionReward)
[20:32:46] [DEBUG] Quest object registered in registry requirements (id: moneyRequired, class: fr.skytasul.quests.requirements.MoneyRequirement)
[20:32:46] [INFO] [BeautyQuests] Placeholders registered !
[20:32:46] [DEBUG] Quest object registered in registry requirements (id: placeholderRequired, class: fr.skytasul.quests.requirements.PlaceholderRequirement)
[20:32:46] [DEBUG] Started bStats metrics
[20:32:46] [DEBUG] Starting Spigot updater
[20:32:49] [DEBUG] 0 accounts loaded and 10 identifiers.
[20:32:49] [DEBUG] Registered 5 lines in scoreboard
[20:32:49] [INFO] [BeautyQuests] 0 quests loaded (0.04s)!
[20:32:49] [INFO] [BeautyQuests] Periodic saves task started (18000 ticks). Task ID: 89
[20:32:49] [INFO] [BeautyQuests] You are using the latest version of BeautyQuests.
[20:33:12] [INFO] [BeautyQuests] Disabling BeautyQuests v0.20.1
[20:33:12] [INFO] [BeautyQuests] Periodic saves task stopped.
[20:33:12] [DEBUG] Saving 0 loaded accounts and 10 identifiers.
[20:33:12] [DEBUG] Saved datas (0.001s)!
[20:33:12] [DEBUG] Unregistered from WorldGuard entry API.
[20:33:12] Logger was open during 1 minutes
[20:33:12] ---- BEAUTYQUESTS LOGGER - CLOSED Thu Aug 03 20:33:12 EDT 2023 ----
