/*C2*/SET SCHEMA PUBLIC
SET DATABASE TRANSACTION CONTROL MVLOCKS
/*C3*/SET SCHEMA PUBLIC
SET DATABASE TRANSACTION CONTROL MVLOCKS
/*C4*/SET SCHEMA PUBLIC
SET DATABASE TRANSACTION CONTROL MVLOCKS
/*C5*/SET SCHEMA PUBLIC
SET DATABASE TRANSACTION CONTROL MVLOCKS
/*C6*/SET SCHEMA PUBLIC
SET DATABASE TRANSACTION CONTROL MVLOCKS
/*C7*/SET SCHEMA PUBLIC
SET DATABASE TRANSACTION CONTROL MVLOCKS
/*C2*/SET SCHEMA "PUBLIC"
DELETE FROM "libertybans_names" WHERE "uuid"='fcef53df-d285-4228-b2b1-90a7153cb3a3' AND "name"='pluto_rights' AND "lower_name"='pluto_rights' AND "updated"=1685125214
INSERT INTO "libertybans_names" VALUES('fcef53df-d285-4228-b2b1-90a7153cb3a3','pluto_rights','pluto_rights',1685128597)
DELETE FROM "libertybans_addresses" WHERE "uuid"='fcef53df-d285-4228-b2b1-90a7153cb3a3' AND "address"='238a4706' AND "updated"=1685125214
INSERT INTO "libertybans_addresses" VALUES('fcef53df-d285-4228-b2b1-90a7153cb3a3','238a4706',1685128597)
COMMIT
DELETE FROM "libertybans_names" WHERE "uuid"='3d3496b2-d3c7-4c2b-b172-64e21748c7f7' AND "name"='msmarlin' AND "lower_name"='msmarlin' AND "updated"=1685123587
INSERT INTO "libertybans_names" VALUES('3d3496b2-d3c7-4c2b-b172-64e21748c7f7','msmarlin','msmarlin',1685128602)
DELETE FROM "libertybans_addresses" WHERE "uuid"='3d3496b2-d3c7-4c2b-b172-64e21748c7f7' AND "address"='474384d0' AND "updated"=1685123587
INSERT INTO "libertybans_addresses" VALUES('3d3496b2-d3c7-4c2b-b172-64e21748c7f7','474384d0',1685128602)
COMMIT
DELETE FROM "libertybans_names" WHERE "uuid"='d55c6416-fbea-4aea-a5b0-9e2a71f80815' AND "name"='amitskistan' AND "lower_name"='amitskistan' AND "updated"=1685127217
INSERT INTO "libertybans_names" VALUES('d55c6416-fbea-4aea-a5b0-9e2a71f80815','amitskistan','amitskistan',1685128609)
DELETE FROM "libertybans_addresses" WHERE "uuid"='d55c6416-fbea-4aea-a5b0-9e2a71f80815' AND "address"='5131e591' AND "updated"=1685127217
INSERT INTO "libertybans_addresses" VALUES('d55c6416-fbea-4aea-a5b0-9e2a71f80815','5131e591',1685128609)
COMMIT
DELETE FROM "libertybans_names" WHERE "uuid"='3d3496b2-d3c7-4c2b-b172-64e21748c7f7' AND "name"='msmarlin' AND "lower_name"='msmarlin' AND "updated"=1685128602
INSERT INTO "libertybans_names" VALUES('3d3496b2-d3c7-4c2b-b172-64e21748c7f7','msmarlin','msmarlin',1685128710)
DELETE FROM "libertybans_addresses" WHERE "uuid"='3d3496b2-d3c7-4c2b-b172-64e21748c7f7' AND "address"='474384d0' AND "updated"=1685128602
INSERT INTO "libertybans_addresses" VALUES('3d3496b2-d3c7-4c2b-b172-64e21748c7f7','474384d0',1685128710)
COMMIT
DELETE FROM "libertybans_names" WHERE "uuid"='d55c6416-fbea-4aea-a5b0-9e2a71f80815' AND "name"='amitskistan' AND "lower_name"='amitskistan' AND "updated"=1685128609
INSERT INTO "libertybans_names" VALUES('d55c6416-fbea-4aea-a5b0-9e2a71f80815','amitskistan','amitskistan',1685128751)
DELETE FROM "libertybans_addresses" WHERE "uuid"='d55c6416-fbea-4aea-a5b0-9e2a71f80815' AND "address"='5131e591' AND "updated"=1685128609
INSERT INTO "libertybans_addresses" VALUES('d55c6416-fbea-4aea-a5b0-9e2a71f80815','5131e591',1685128751)
COMMIT
DELETE FROM "libertybans_names" WHERE "uuid"='022e62da-c892-4b67-8918-5cc398115e69' AND "name"='Rhythm8503' AND "lower_name"='rhythm8503' AND "updated"=1685051199
INSERT INTO "libertybans_names" VALUES('022e62da-c892-4b67-8918-5cc398115e69','Rhythm8503','rhythm8503',1685128915)
DELETE FROM "libertybans_addresses" WHERE "uuid"='022e62da-c892-4b67-8918-5cc398115e69' AND "address"='424144d6' AND "updated"=1685051199
INSERT INTO "libertybans_addresses" VALUES('022e62da-c892-4b67-8918-5cc398115e69','424144d6',1685128915)
COMMIT
DELETE FROM "libertybans_names" WHERE "uuid"='24417846-d5ed-4608-ae7a-ed643b41c5e1' AND "name"='Rebbebba' AND "lower_name"='rebbebba' AND "updated"=1685126537
INSERT INTO "libertybans_names" VALUES('24417846-d5ed-4608-ae7a-ed643b41c5e1','Rebbebba','rebbebba',1685128982)
DELETE FROM "libertybans_addresses" WHERE "uuid"='24417846-d5ed-4608-ae7a-ed643b41c5e1' AND "address"='448482df' AND "updated"=1685126537
INSERT INTO "libertybans_addresses" VALUES('24417846-d5ed-4608-ae7a-ed643b41c5e1','448482df',1685128982)
COMMIT
DELETE FROM "libertybans_names" WHERE "uuid"='3d3496b2-d3c7-4c2b-b172-64e21748c7f7' AND "name"='msmarlin' AND "lower_name"='msmarlin' AND "updated"=1685128710
INSERT INTO "libertybans_names" VALUES('3d3496b2-d3c7-4c2b-b172-64e21748c7f7','msmarlin','msmarlin',1685129064)
DELETE FROM "libertybans_addresses" WHERE "uuid"='3d3496b2-d3c7-4c2b-b172-64e21748c7f7' AND "address"='474384d0' AND "updated"=1685128710
INSERT INTO "libertybans_addresses" VALUES('3d3496b2-d3c7-4c2b-b172-64e21748c7f7','474384d0',1685129064)
COMMIT
DELETE FROM "libertybans_names" WHERE "uuid"='7ff0fecd-c4ef-46ae-b334-301e1e4d46ea' AND "name"='Gopee360' AND "lower_name"='gopee360' AND "updated"=1685127208
INSERT INTO "libertybans_names" VALUES('7ff0fecd-c4ef-46ae-b334-301e1e4d46ea','Gopee360','gopee360',1685129322)
DELETE FROM "libertybans_addresses" WHERE "uuid"='7ff0fecd-c4ef-46ae-b334-301e1e4d46ea' AND "address"='18a4b777' AND "updated"=1685127208
INSERT INTO "libertybans_addresses" VALUES('7ff0fecd-c4ef-46ae-b334-301e1e4d46ea','18a4b777',1685129322)
COMMIT
DELETE FROM "libertybans_names" WHERE "uuid"='30c797f7-a264-466b-bfbc-ca64e3cdc760' AND "name"='sam__mas' AND "lower_name"='sam__mas' AND "updated"=1685111875
INSERT INTO "libertybans_names" VALUES('30c797f7-a264-466b-bfbc-ca64e3cdc760','sam__mas','sam__mas',1685129579)
DELETE FROM "libertybans_addresses" WHERE "uuid"='30c797f7-a264-466b-bfbc-ca64e3cdc760' AND "address"='4466692e' AND "updated"=1685111875
INSERT INTO "libertybans_addresses" VALUES('30c797f7-a264-466b-bfbc-ca64e3cdc760','4466692e',1685129579)
COMMIT
DELETE FROM "libertybans_names" WHERE "uuid"='cfd66c88-6297-430f-8f8c-ef1b330d1c3d' AND "name"='bee_mp3' AND "lower_name"='bee_mp3' AND "updated"=1685071409
INSERT INTO "libertybans_names" VALUES('cfd66c88-6297-430f-8f8c-ef1b330d1c3d','bee_mp3','bee_mp3',1685129723)
DELETE FROM "libertybans_addresses" WHERE "uuid"='cfd66c88-6297-430f-8f8c-ef1b330d1c3d' AND "address"='43f322e9' AND "updated"=1685071409
INSERT INTO "libertybans_addresses" VALUES('cfd66c88-6297-430f-8f8c-ef1b330d1c3d','43f322e9',1685129723)
COMMIT
DELETE FROM "libertybans_names" WHERE "uuid"='cfd66c88-6297-430f-8f8c-ef1b330d1c3d' AND "name"='bee_mp3' AND "lower_name"='bee_mp3' AND "updated"=1685129723
INSERT INTO "libertybans_names" VALUES('cfd66c88-6297-430f-8f8c-ef1b330d1c3d','bee_mp3','bee_mp3',1685129926)
DELETE FROM "libertybans_addresses" WHERE "uuid"='cfd66c88-6297-430f-8f8c-ef1b330d1c3d' AND "address"='43f322e9' AND "updated"=1685129723
INSERT INTO "libertybans_addresses" VALUES('cfd66c88-6297-430f-8f8c-ef1b330d1c3d','43f322e9',1685129926)
COMMIT
DELETE FROM "libertybans_names" WHERE "uuid"='24417846-d5ed-4608-ae7a-ed643b41c5e1' AND "name"='Rebbebba' AND "lower_name"='rebbebba' AND "updated"=1685128982
INSERT INTO "libertybans_names" VALUES('24417846-d5ed-4608-ae7a-ed643b41c5e1','Rebbebba','rebbebba',1685130009)
DELETE FROM "libertybans_addresses" WHERE "uuid"='24417846-d5ed-4608-ae7a-ed643b41c5e1' AND "address"='448482df' AND "updated"=1685128982
INSERT INTO "libertybans_addresses" VALUES('24417846-d5ed-4608-ae7a-ed643b41c5e1','448482df',1685130009)
COMMIT
/*C4*/DISCONNECT
/*C8*/SET SCHEMA PUBLIC
SET DATABASE TRANSACTION CONTROL MVLOCKS
/*C5*/DISCONNECT
/*C9*/SET SCHEMA PUBLIC
SET DATABASE TRANSACTION CONTROL MVLOCKS
/*C7*/DISCONNECT
/*C10*/SET SCHEMA PUBLIC
SET DATABASE TRANSACTION CONTROL MVLOCKS
/*C6*/DISCONNECT
/*C11*/SET SCHEMA PUBLIC
SET DATABASE TRANSACTION CONTROL MVLOCKS
/*C2*/DISCONNECT
/*C12*/SET SCHEMA PUBLIC
SET DATABASE TRANSACTION CONTROL MVLOCKS
/*C3*/DISCONNECT
/*C13*/SET SCHEMA PUBLIC
SET DATABASE TRANSACTION CONTROL MVLOCKS
/*C8*/DELETE FROM "libertybans_names" WHERE "uuid"='30c797f7-a264-466b-bfbc-ca64e3cdc760' AND "name"='sam__mas' AND "lower_name"='sam__mas' AND "updated"=1685129579
INSERT INTO "libertybans_names" VALUES('30c797f7-a264-466b-bfbc-ca64e3cdc760','sam__mas','sam__mas',1685130527)
DELETE FROM "libertybans_addresses" WHERE "uuid"='30c797f7-a264-466b-bfbc-ca64e3cdc760' AND "address"='4466692e' AND "updated"=1685129579
INSERT INTO "libertybans_addresses" VALUES('30c797f7-a264-466b-bfbc-ca64e3cdc760','4466692e',1685130527)
COMMIT
DELETE FROM "libertybans_names" WHERE "uuid"='8caa6ae6-1fdb-4cd0-834d-fd8d89fa102f' AND "name"='Dare2BeStoopid' AND "lower_name"='dare2bestoopid' AND "updated"=1685067748
INSERT INTO "libertybans_names" VALUES('8caa6ae6-1fdb-4cd0-834d-fd8d89fa102f','Dare2BeStoopid','dare2bestoopid',1685130875)
INSERT INTO "libertybans_addresses" VALUES('8caa6ae6-1fdb-4cd0-834d-fd8d89fa102f','b9bd193a',1685130875)
COMMIT
/*C9*/DISCONNECT
/*C14*/SET SCHEMA PUBLIC
SET DATABASE TRANSACTION CONTROL MVLOCKS
/*C8*/DISCONNECT
/*C15*/SET SCHEMA PUBLIC
SET DATABASE TRANSACTION CONTROL MVLOCKS
/*C10*/DISCONNECT
/*C16*/SET SCHEMA PUBLIC
SET DATABASE TRANSACTION CONTROL MVLOCKS
/*C11*/DISCONNECT
/*C17*/SET SCHEMA PUBLIC
SET DATABASE TRANSACTION CONTROL MVLOCKS
/*C12*/DISCONNECT
/*C18*/SET SCHEMA PUBLIC
SET DATABASE TRANSACTION CONTROL MVLOCKS
/*C13*/DISCONNECT
/*C19*/SET SCHEMA PUBLIC
SET DATABASE TRANSACTION CONTROL MVLOCKS
/*C14*/DELETE FROM "libertybans_names" WHERE "uuid"='dd930365-0811-4060-bc4a-add87c3a3323' AND "name"='jahonfroy123' AND "lower_name"='jahonfroy123' AND "updated"=1685114765
INSERT INTO "libertybans_names" VALUES('dd930365-0811-4060-bc4a-add87c3a3323','jahonfroy123','jahonfroy123',1685131742)
DELETE FROM "libertybans_addresses" WHERE "uuid"='dd930365-0811-4060-bc4a-add87c3a3323' AND "address"='ad380372' AND "updated"=1685114765
INSERT INTO "libertybans_addresses" VALUES('dd930365-0811-4060-bc4a-add87c3a3323','ad380372',1685131742)
COMMIT
DISCONNECT
/*C20*/SET SCHEMA PUBLIC
SET DATABASE TRANSACTION CONTROL MVLOCKS
/*C15*/DISCONNECT
/*C21*/SET SCHEMA PUBLIC
SET DATABASE TRANSACTION CONTROL MVLOCKS
/*C16*/DISCONNECT
/*C22*/SET SCHEMA PUBLIC
SET DATABASE TRANSACTION CONTROL MVLOCKS
/*C18*/DISCONNECT
/*C23*/SET SCHEMA PUBLIC
SET DATABASE TRANSACTION CONTROL MVLOCKS
/*C17*/DISCONNECT
/*C24*/SET SCHEMA PUBLIC
SET DATABASE TRANSACTION CONTROL MVLOCKS
/*C19*/DISCONNECT
/*C25*/SET SCHEMA PUBLIC
SET DATABASE TRANSACTION CONTROL MVLOCKS
/*C20*/DISCONNECT
/*C26*/SET SCHEMA PUBLIC
SET DATABASE TRANSACTION CONTROL MVLOCKS
/*C21*/DISCONNECT
/*C27*/SET SCHEMA PUBLIC
SET DATABASE TRANSACTION CONTROL MVLOCKS
/*C23*/DISCONNECT
/*C28*/SET SCHEMA PUBLIC
SET DATABASE TRANSACTION CONTROL MVLOCKS
/*C22*/DISCONNECT
/*C29*/SET SCHEMA PUBLIC
SET DATABASE TRANSACTION CONTROL MVLOCKS
/*C24*/DISCONNECT
/*C30*/SET SCHEMA PUBLIC
SET DATABASE TRANSACTION CONTROL MVLOCKS
/*C25*/DISCONNECT
/*C31*/SET SCHEMA PUBLIC
SET DATABASE TRANSACTION CONTROL MVLOCKS
/*C26*/DELETE FROM "libertybans_names" WHERE "uuid"='24417846-d5ed-4608-ae7a-ed643b41c5e1' AND "name"='Rebbebba' AND "lower_name"='rebbebba' AND "updated"=1685130009
INSERT INTO "libertybans_names" VALUES('24417846-d5ed-4608-ae7a-ed643b41c5e1','Rebbebba','rebbebba',1685135629)
DELETE FROM "libertybans_addresses" WHERE "uuid"='24417846-d5ed-4608-ae7a-ed643b41c5e1' AND "address"='448482df' AND "updated"=1685130009
INSERT INTO "libertybans_addresses" VALUES('24417846-d5ed-4608-ae7a-ed643b41c5e1','448482df',1685135629)
COMMIT
DISCONNECT
/*C32*/SET SCHEMA PUBLIC
SET DATABASE TRANSACTION CONTROL MVLOCKS
/*C27*/DISCONNECT
/*C33*/SET SCHEMA PUBLIC
SET DATABASE TRANSACTION CONTROL MVLOCKS
/*C28*/DISCONNECT
/*C34*/SET SCHEMA PUBLIC
SET DATABASE TRANSACTION CONTROL MVLOCKS
/*C29*/DISCONNECT
/*C35*/SET SCHEMA PUBLIC
SET DATABASE TRANSACTION CONTROL MVLOCKS
/*C30*/DISCONNECT
/*C36*/SET SCHEMA PUBLIC
SET DATABASE TRANSACTION CONTROL MVLOCKS
/*C31*/DISCONNECT
/*C37*/SET SCHEMA PUBLIC
SET DATABASE TRANSACTION CONTROL MVLOCKS
