[22:06:09] ---- BEAUTYQUESTS LOGGER - OPENED Wed Jul 12 22:06:09 EDT 2023 ----
[22:06:33] [INFO] [BeautyQuests] Enabling BeautyQuests v0.20.1
[22:06:33] [INFO] [BeautyQuests] ------------ BeautyQuests ------------
[22:06:33] [WARNING] [BeautyQuests] You are not running the Paper software.
It is highly recommended to use it for extended features and more stability.
[22:06:33] [DEBUG] Hooked into [Citizens] v2.0.32-SNAPSHOT (build 3147)
[22:06:33] [DEBUG] Hooked into [WorldGuard] v7.0.9-SNAPSHOT+2250-fffb0c1
[22:06:33] [DEBUG] Hooked into [Vault] v1.7.3-b131
[22:06:33] [DEBUG] Hooked into [PlaceholderAPI] v2.11.3
[22:06:33] [DEBUG] Hooked into [dynmap] v3.6-beta-2-894
[22:06:33] [WARNING] [BeautyQuests] The Minecraft version 1_20_R1 is not supported by BeautyQuests.
[22:06:33] [WARNING] [BeautyQuests] Some functionnalities of the plugin have not been enabled.
[22:06:33] [DEBUG] Loading data file, last time edited : Wed Jul 12 21:59:40 EDT 2023
[22:06:33] [DEBUG] Unavailable string in config for key inv.mobSelect.advancedSpawners
[22:06:33] [INFO] [BeautyQuests] Loaded language en_US (0.017s)!
[22:06:33] [INFO] [BeautyQuests] Loaded start particles: REDSTONE in shape POINT with color R255 G255 B0
[22:06:33] [INFO] [BeautyQuests] Loaded talk particles: VILLAGER_HAPPY in shape BAR
[22:06:33] [INFO] [BeautyQuests] Loaded next particles: SMOKE_NORMAL in shape SPOT
[22:06:33] [DEBUG] Initlializing default stage types.
[22:06:33] [DEBUG] Stage registered (Talk, 0)
[22:06:33] [DEBUG] Stage registered (Items, 1)
[22:06:33] [DEBUG] Stage registered (Mobs, 2)
[22:06:33] [DEBUG] Stage registered (Mine, 3)
[22:06:33] [DEBUG] Stage registered (Place, 4)
[22:06:33] [DEBUG] Stage registered (Chat, 5)
[22:06:33] [DEBUG] Stage registered (Interact, 6)
[22:06:33] [DEBUG] Stage registered (Fish, 7)
[22:06:33] [DEBUG] Stage registered (Melt, 8)
[22:06:33] [DEBUG] Stage registered (Enchant, 9)
[22:06:33] [DEBUG] Stage registered (Craft, 10)
[22:06:33] [DEBUG] Stage registered (Bucket, 11)
[22:06:33] [DEBUG] Stage registered (Location, 12)
[22:06:33] [DEBUG] Stage registered (PlayTime, 13)
[22:06:33] [DEBUG] Stage registered (Breed, 14)
[22:06:33] [DEBUG] Stage registered (Tame, 15)
[22:06:33] [DEBUG] Stage registered (Death, 16)
[22:06:33] [DEBUG] Stage registered (DealDamage, 17)
[22:06:33] [DEBUG] Stage registered (EatDrink, 18)
[22:06:33] [DEBUG] Initlializing default rewards.
[22:06:33] [DEBUG] Quest object registered in registry rewards (id: commandReward, class: fr.skytasul.quests.rewards.CommandReward)
[22:06:33] [DEBUG] Quest object registered in registry rewards (id: itemReward, class: fr.skytasul.quests.rewards.ItemReward)
[22:06:33] [DEBUG] Quest object registered in registry rewards (id: removeItemsReward, class: fr.skytasul.quests.rewards.RemoveItemsReward)
[22:06:33] [DEBUG] Quest object registered in registry rewards (id: textReward, class: fr.skytasul.quests.rewards.MessageReward)
[22:06:33] [DEBUG] Quest object registered in registry rewards (id: tpReward, class: fr.skytasul.quests.rewards.TeleportationReward)
[22:06:33] [DEBUG] Quest object registered in registry rewards (id: expReward, class: fr.skytasul.quests.rewards.XPReward)
[22:06:33] [DEBUG] Quest object registered in registry rewards (id: checkpointReward, class: fr.skytasul.quests.rewards.CheckpointReward)
[22:06:33] [DEBUG] Quest object registered in registry rewards (id: questStopReward, class: fr.skytasul.quests.rewards.QuestStopReward)
[22:06:33] [DEBUG] Quest object registered in registry rewards (id: requirementDependentReward, class: fr.skytasul.quests.rewards.RequirementDependentReward)
[22:06:33] [DEBUG] Quest object registered in registry rewards (id: randomReward, class: fr.skytasul.quests.rewards.RandomReward)
[22:06:33] [DEBUG] Quest object registered in registry rewards (id: wait, class: fr.skytasul.quests.rewards.WaitReward)
[22:06:33] [DEBUG] Quest object registered in registry rewards (id: titleReward, class: fr.skytasul.quests.rewards.TitleReward)
[22:06:33] [DEBUG] Initlializing default requirements.
[22:06:33] [DEBUG] Quest object registered in registry requirements (id: logicalOr, class: fr.skytasul.quests.requirements.logical.LogicalOrRequirement)
[22:06:33] [DEBUG] Quest object registered in registry requirements (id: questRequired, class: fr.skytasul.quests.requirements.QuestRequirement)
[22:06:33] [DEBUG] Quest object registered in registry requirements (id: levelRequired, class: fr.skytasul.quests.requirements.LevelRequirement)
[22:06:33] [DEBUG] Quest object registered in registry requirements (id: permissionRequired, class: fr.skytasul.quests.requirements.PermissionsRequirement)
[22:06:33] [DEBUG] Quest object registered in registry requirements (id: scoreboardRequired, class: fr.skytasul.quests.requirements.ScoreboardRequirement)
[22:06:33] [DEBUG] Quest object registered in registry requirements (id: equipmentRequired, class: fr.skytasul.quests.requirements.EquipmentRequirement)
[22:06:33] [DEBUG] Initlializing default quest options.
[22:06:33] [DEBUG] Quest option registered (id: pool)
[22:06:33] [DEBUG] Quest option registered (id: name)
[22:06:33] [DEBUG] Quest option registered (id: description)
[22:06:33] [DEBUG] Quest option registered (id: customItem)
[22:06:33] [DEBUG] Quest option registered (id: confirmMessage)
[22:06:33] [DEBUG] Quest option registered (id: hologramText)
[22:06:33] [DEBUG] Quest option registered (id: bypassLimit)
[22:06:33] [DEBUG] Quest option registered (id: startableFromGUI)
[22:06:33] [DEBUG] Quest option registered (id: failOnDeath)
[22:06:33] [DEBUG] Quest option registered (id: cancellable)
[22:06:33] [DEBUG] Quest option registered (id: cancelActions)
[22:06:33] [DEBUG] Quest option registered (id: hologramLaunch)
[22:06:33] [DEBUG] Quest option registered (id: hologramLaunchNo)
[22:06:33] [DEBUG] Quest option registered (id: scoreboard)
[22:06:33] [DEBUG] Quest option registered (id: hideNoRequirements)
[22:06:33] [DEBUG] Quest option registered (id: auto)
[22:06:33] [DEBUG] Quest option registered (id: repeatable)
[22:06:33] [DEBUG] Quest option registered (id: timer)
[22:06:33] [DEBUG] Quest option registered (id: visibility)
[22:06:33] [DEBUG] Quest option registered (id: endSound)
[22:06:33] [DEBUG] Quest option registered (id: firework)
[22:06:33] [DEBUG] Quest option registered (id: requirements)
[22:06:33] [DEBUG] Quest option registered (id: startRewards)
[22:06:33] [DEBUG] Quest option registered (id: startMessage)
[22:06:33] [DEBUG] Quest option registered (id: starterNPC)
[22:06:33] [DEBUG] Quest option registered (id: startDialog)
[22:06:33] [DEBUG] Quest option registered (id: endRewards)
[22:06:33] [DEBUG] Quest option registered (id: endMsg)
[22:06:33] [DEBUG] Item comparison registered (id: bukkit)
[22:06:33] [DEBUG] Item comparison registered (id: customBukkit)
[22:06:33] [DEBUG] Item comparison registered (id: material)
[22:06:33] [DEBUG] Item comparison registered (id: name)
[22:06:33] [DEBUG] Item comparison registered (id: lore)
[22:06:33] [DEBUG] Item comparison registered (id: enchants)
[22:06:33] [DEBUG] Item comparison registered (id: repair)
[22:06:33] [DEBUG] Mob factory registered (id: bukkitEntity)
[22:06:33] [DEBUG] Bossbars manager has been registered: fr.skytasul.quests.api.bossbar.BQBossBarImplementation
[22:06:33] [DEBUG] Brigadier registered!
[22:06:33] [DEBUG] Mob factory registered (id: citizensNPC)
[22:06:33] [DEBUG] Now using WorldGuard entry API.
[22:06:33] [DEBUG] Stage registered (Find, 19)
[22:06:33] [DEBUG] Quest object registered in registry requirements (id: regionRequired, class: fr.skytasul.quests.requirements.RegionRequirement)
[22:06:33] [DEBUG] Quest object registered in registry rewards (id: moneyReward, class: fr.skytasul.quests.rewards.MoneyReward)
[22:06:33] [DEBUG] Quest object registered in registry rewards (id: permReward, class: fr.skytasul.quests.rewards.PermissionReward)
[22:06:33] [DEBUG] Quest object registered in registry requirements (id: moneyRequired, class: fr.skytasul.quests.requirements.MoneyRequirement)
[22:06:33] [INFO] [BeautyQuests] Placeholders registered !
[22:06:33] [DEBUG] Quest object registered in registry requirements (id: placeholderRequired, class: fr.skytasul.quests.requirements.PlaceholderRequirement)
[22:06:33] [DEBUG] Started bStats metrics
[22:06:33] [DEBUG] Starting Spigot updater
[22:06:35] [DEBUG] 0 accounts loaded and 113 identifiers.
[22:06:35] [DEBUG] Registered 5 lines in scoreboard
[22:06:35] [INFO] [BeautyQuests] 0 quests loaded (0.009s)!
[22:06:35] [INFO] [BeautyQuests] Periodic saves task started (18000 ticks). Task ID: 1157
[22:06:36] [INFO] [BeautyQuests] You are using the latest version of BeautyQuests.
[22:06:44] [DEBUG] Bree3_K (caee9b51-e10f-411d-ac55-b94910e2d605) joined the server
[22:06:44] [DEBUG] Loading player Bree3_K...
[22:06:44] [DEBUG] Loading account #11. Last file edition: Wed Jul 12 21:59:40 EDT 2023
[22:06:44] [DEBUG] Completed load of Bree3_K (caee9b51-e10f-411d-ac55-b94910e2d605 (#11)) datas within 96 ms (0 quests, 0 pools) | Loaded from file from index
[22:06:50] [DEBUG] Rebbebba (24417846-d5ed-4608-ae7a-ed643b41c5e1) joined the server
[22:06:50] [DEBUG] Loading player Rebbebba...
[22:06:50] [DEBUG] Loading account #10. Last file edition: Wed Jul 12 21:53:22 EDT 2023
[22:06:50] [DEBUG] Completed load of Rebbebba (24417846-d5ed-4608-ae7a-ed643b41c5e1 (#10)) datas within 393 ms (0 quests, 0 pools) | Loaded from file from index
[22:06:58] [DEBUG] GoPotato360 (7ff0fecd-c4ef-46ae-b334-301e1e4d46ea) joined the server
[22:06:58] [DEBUG] Loading player GoPotato360...
[22:06:58] [DEBUG] Loading account #4. Last file edition: Wed Jul 12 21:59:40 EDT 2023
[22:06:58] [DEBUG] Completed load of GoPotato360 (7ff0fecd-c4ef-46ae-b334-301e1e4d46ea (#4)) datas within 60 ms (0 quests, 0 pools) | Loaded from file from index
[22:07:24] [DEBUG] AmbigousAmishi (05cc077f-f3c6-427d-8417-080f0925ec92) joined the server
[22:07:24] [DEBUG] Loading player AmbigousAmishi...
[22:07:24] [DEBUG] Loading account #113. Last file edition: Wed Jul 12 21:59:40 EDT 2023
[22:07:24] [DEBUG] Completed load of AmbigousAmishi (05cc077f-f3c6-427d-8417-080f0925ec92 (#113)) datas within 31 ms (0 quests, 0 pools) | Loaded from file from index
[22:08:06] [DEBUG] _Sega (7cccc7b7-19e2-496c-a982-d61f85439535) joined the server
[22:08:06] [DEBUG] Loading player _Sega...
[22:08:06] [DEBUG] Loading account #9. Last file edition: Wed Jul 12 21:59:40 EDT 2023
[22:08:06] [DEBUG] Completed load of _Sega (7cccc7b7-19e2-496c-a982-d61f85439535 (#9)) datas within 36 ms (0 quests, 0 pools) | Loaded from file from index
[22:08:42] [DEBUG] Dare2BeStoopid (8caa6ae6-1fdb-4cd0-834d-fd8d89fa102f) joined the server
[22:08:42] [DEBUG] Loading player Dare2BeStoopid...
[22:08:42] [DEBUG] Loading account #3. Last file edition: Wed Jul 12 21:59:40 EDT 2023
[22:08:42] [DEBUG] Completed load of Dare2BeStoopid (8caa6ae6-1fdb-4cd0-834d-fd8d89fa102f (#3)) datas within 72 ms (0 quests, 0 pools) | Loaded from file from index
[22:13:31] [DEBUG] SassyMassy201 (beeb80f8-28af-49cb-b37a-652f25e4531b) joined the server
[22:13:31] [DEBUG] Loading player SassyMassy201...
[22:13:31] [DEBUG] Loading account #37. Last file edition: Wed Jul 12 21:55:05 EDT 2023
[22:13:31] [DEBUG] Completed load of SassyMassy201 (beeb80f8-28af-49cb-b37a-652f25e4531b (#37)) datas within 129 ms (0 quests, 0 pools) | Loaded from file from index
[22:25:00] [DEBUG] Rebbebba left the server
[22:25:00] [DEBUG] Unloading player Rebbebba... (0 quests, 0 pools)
[22:25:00] [WARNING] [BeautyQuests] An error ocurred while saving player file 24417846-d5ed-4608-ae7a-ed643b41c5e1 (#10)
[22:25:00] [ERROR] new #0: java.io.IOException: No such file or directory
	at java.base/java.io.UnixFileSystem.createFileExclusively0(Native Method)
	at java.base/java.io.UnixFileSystem.createFileExclusively(UnixFileSystem.java:356)
	at java.base/java.io.File.createNewFile(File.java:1043)
	at fr.skytasul.quests.players.PlayersManagerYAML.savePlayerFile(PlayersManagerYAML.java:279)
	at fr.skytasul.quests.players.PlayersManagerYAML.lambda$unloadAccount$2(PlayersManagerYAML.java:351)
	at org.bukkit.craftbukkit.v1_20_R1.scheduler.CraftTask.run(CraftTask.java:82)
	at org.bukkit.craftbukkit.v1_20_R1.scheduler.CraftAsyncTask.run(CraftAsyncTask.java:54)
	at java.base/java.util.concurrent.ThreadPoolExecutor.runWorker(ThreadPoolExecutor.java:1144)
	at java.base/java.util.concurrent.ThreadPoolExecutor$Worker.run(ThreadPoolExecutor.java:642)
	at java.base/java.lang.Thread.run(Thread.java:1589)

[22:25:04] [DEBUG] AmbigousAmishi left the server
[22:25:04] [DEBUG] Unloading player AmbigousAmishi... (0 quests, 0 pools)
[22:25:04] [INFO] [BeautyQuests] Disabling BeautyQuests v0.20.1
[22:25:04] [INFO] [BeautyQuests] Periodic saves task stopped.
[22:25:04] [INFO] [BeautyQuests] 5 scoreboards deleted.
[22:25:04] [DEBUG] Saving 5 loaded accounts and 113 identifiers.
[22:25:04] [SEVERE] [BeautyQuests] An error ocurred while trying to save 8caa6ae6-1fdb-4cd0-834d-fd8d89fa102f (#3) account file
[22:25:04] [ERROR] new #1: java.io.IOException: No such file or directory
	at java.base/java.io.UnixFileSystem.createFileExclusively0(Native Method)
	at java.base/java.io.UnixFileSystem.createFileExclusively(UnixFileSystem.java:356)
	at java.base/java.io.File.createNewFile(File.java:1043)
	at fr.skytasul.quests.players.PlayersManagerYAML.savePlayerFile(PlayersManagerYAML.java:279)
	at fr.skytasul.quests.players.PlayersManagerYAML.save(PlayersManagerYAML.java:338)
	at fr.skytasul.quests.BeautyQuests.saveAllConfig(BeautyQuests.java:507)
	at fr.skytasul.quests.BeautyQuests.onDisable(BeautyQuests.java:221)
	at org.bukkit.plugin.java.JavaPlugin.setEnabled(JavaPlugin.java:268)
	at org.bukkit.plugin.java.JavaPluginLoader.disablePlugin(JavaPluginLoader.java:367)
	at org.bukkit.plugin.SimplePluginManager.disablePlugin(SimplePluginManager.java:501)
	at org.bukkit.plugin.SimplePluginManager.disablePlugins(SimplePluginManager.java:493)
	at org.bukkit.craftbukkit.v1_20_R1.CraftServer.disablePlugins(CraftServer.java:477)
	at net.minecraft.server.MinecraftServer.t(MinecraftServer.java:865)
	at net.minecraft.server.dedicated.DedicatedServer.t(DedicatedServer.java:688)
	at net.minecraft.server.MinecraftServer.w(MinecraftServer.java:1048)
	at net.minecraft.server.MinecraftServer.lambda$0(MinecraftServer.java:304)
	at java.base/java.lang.Thread.run(Thread.java:1589)

[22:25:04] [SEVERE] [BeautyQuests] An error ocurred while trying to save 7ff0fecd-c4ef-46ae-b334-301e1e4d46ea (#4) account file
[22:25:04] [ERROR] existing #1
[22:25:04] [SEVERE] [BeautyQuests] An error ocurred while trying to save beeb80f8-28af-49cb-b37a-652f25e4531b (#37) account file
[22:25:04] [ERROR] existing #1
[22:25:04] [SEVERE] [BeautyQuests] An error ocurred while trying to save 7cccc7b7-19e2-496c-a982-d61f85439535 (#9) account file
[22:25:04] [ERROR] existing #1
[22:25:04] [SEVERE] [BeautyQuests] An error ocurred while trying to save caee9b51-e10f-411d-ac55-b94910e2d605 (#11) account file
[22:25:04] [ERROR] existing #1
[22:25:04] [DEBUG] Saved datas (0.003s)!
[22:25:04] [DEBUG] Unregistered from WorldGuard entry API.
[22:25:04] Logger was open during 18 minutes
[22:25:04] ---- BEAUTYQUESTS LOGGER - CLOSED Wed Jul 12 22:25:04 EDT 2023 ----
