2023-07-12 18:50:08,058 [Server thread]: [Towny] Database: [Load] flatfile [Save] flatfile
2023-07-12 18:50:08,180 [Server thread]: [Towny] Database: Loaded in 122ms.
2023-07-12 18:50:08,180 [Server thread]: [Towny] Database: 100% of residents have stored UUIDs.
2023-07-12 18:50:08,186 [Server thread]: [Towny] Searching for third-party plugins...
2023-07-12 18:50:08,186 [ForkJoinPool.commonPool-worker-1]: [Towny] Cleaning up old backups...
2023-07-12 18:50:08,186 [Server thread]: [Towny] Plugins found: 
2023-07-12 18:50:08,187 [Server thread]: [Towny]   Permissions: TownyPerms, LuckPerms v5.4.82 via Vault
2023-07-12 18:50:08,188 [Server thread]: [Towny]   Chat: LuckPerms v5.4.82 via Vault
2023-07-12 18:50:08,190 [Server thread]: [Towny]   Economy: EssentialsX Economy via Vault
2023-07-12 18:50:08,190 [ForkJoinPool.commonPool-worker-1]: [Towny] Successfully cleaned backups.
2023-07-12 18:50:08,191 [ForkJoinPool.commonPool-worker-3]: [Towny] Making backup...
2023-07-12 18:50:08,193 [Server thread]: [Towny]   Add-ons: TownyChat v0.107, Dynmap-Towny v0.94, PlaceholderAPI
                           v2.11.3
2023-07-12 18:50:08,193 [Server thread]: [Towny]   Warning: EssentialsX Economy has been known to reset
                           town and nation bank accounts on rare occasions.
2023-07-12 18:50:08,358 [Server thread]: [Towny] Version: 0.99.2.0 - Plugin Enabled
2023-07-12 18:50:08,705 [ForkJoinPool.commonPool-worker-3]: [Towny] Towny flatfiles and settings successfully backed up.
2023-07-12 18:50:11,032 [Craft Scheduler Thread - 0]: [Towny] Time until a New Day: 17 hours, 9 minutes, 49 seconds
2023-07-12 18:50:11,032 [Craft Scheduler Thread - 11]: [Towny] Checking for updates...
2023-07-12 18:50:11,431 [Craft Scheduler Thread - 11]: [Towny] New update available: 0.99.5.1 | Current version: 0.99.2.0
2023-07-12 18:50:11,431 [Craft Scheduler Thread - 11]: [Towny] Download it here: https://github.com/TownyAdvanced/Towny/releases/tag/0.99.5.1
