12:57 Dare2BeStoopid: claims work now
12:58 GoPotato360   : whats the command?
12:58 GoPotato360   : ./claim doesnt work
12:58 Dare2BeStoopid: do /claimbook
12:58 GoPotato360   : nope
12:58 mielosiker    : hey penguin can i make my own land to farm wheats?
12:58 ThatOnePenguin_2: go ahead
12:59 ThatOnePenguin_2: In fact if you wanna take part of the island I've made then go ahead
12:59 mielosiker      : thanks for permision
12:59 Dare2BeStoopid  : what was i doing
12:59 ThatOnePenguin_2: I plan on walling it off and turning it into a kind of kingdom anyway so farmland is good
12:59 Dare2BeStoopid  : oh
12:59 GoPotato360     : anyone need some iron armor
12:59 Dare2BeStoopid  : try?
12:59 mielosiker      : can i have?
13:00 GoPotato360     : nope doesnt work
13:00 GoPotato360     : and yea ill tp one sec
13:00 Dare2BeStoopid  : /w GoPotato360 join the new gamebarw 
13:01 FrenchToastRNG  : hi penguin
13:01 ThatOnePenguin_2: server poppin
13:01 ThatOnePenguin_2: hi
13:01 Dare2BeStoopid  : if only the website was up
13:01 GoPotato360     : heyya max i used to have tp2p ?
13:02 FrenchToastRNG  : 1 diamond to spare
13:02 GoPotato360     : can i take a stack of wood?
13:02 ThatOnePenguin_2: birch?
13:02 mielosiker      : thank you so much potato
13:02 GoPotato360     : yea is that not meilos
13:03 GoPotato360     : nvm im just dumb
13:04 mielosiker      : anyone has bones?
13:04 GoPotato360     : i have an ender portal if anyone needs
13:04 GoPotato360     : nether
13:05 mielosiker      : excuse moi frenchtoast can i use your anvil?
13:05 FrenchToastRNG  : sure
13:05 Dare2BeStoopid  : test
13:05 FrenchToastRNG  : anyone have books I can use
13:06 Dare2BeStoopid  : test
13:06 ThatOnePenguin_2: uh oh
13:06 GoPotato360     : is everything broken
13:06 ThatOnePenguin_2: ye
13:06 Dare2BeStoopid  : OH
13:06 GoPotato360     : fuck
13:06 Dare2BeStoopid  : OOP
13:06 Dare2BeStoopid  : MY BAD
13:06 GoPotato360     : back
13:07 FrenchToastRNG  : a
13:07 FrenchToastRNG  : I got kicked for flying lol
13:07 ThatOnePenguin_2: again bro
13:07 GoPotato360     : y u flyin
13:07 FrenchToastRNG  : im not flying
13:07 GoPotato360     : jk its just a bug
13:07 FrenchToastRNG  : anyone got books I can have
13:07 ThatOnePenguin_2: nope
13:08 FrenchToastRNG  : towny doesnt work
13:08 Dare2BeStoopid  : switched to claims
13:08 mielosiker      : a great idea get your cordinates on your tool bruh
13:09 VexPacks        : is it day time
13:09 ThatOnePenguin_2: ye
13:09 VexPacks        : im ina cave
13:09 mielosiker      : yes
13:09 VexPacks        : ok
13:09 GoPotato360     : fuck i forgot u need silk touch for book shelds
13:09 FrenchToastRNG  : yep
13:09 FrenchToastRNG  : can I have some books
13:10 GoPotato360     : when i get a farm rnning sure
13:10 FrenchToastRNG  : imma test /tpall
13:10 GoPotato360     : lol
13:11 FrenchToastRNG  : BOOKS
13:11 FrenchToastRNG  : YES
13:11 GoPotato360     : wait pls
13:11 FrenchToastRNG  : brb
13:12 ThatOnePenguin_2: fuck rain
13:12 mielosiker      : guys i found a secret chest
13:12 ThatOnePenguin_2: secret chest?
13:13 mielosiker      : nvm it only have name tag one iron and a bread lol
13:13 GoPotato360     : can yall not loot the mansion lol
13:14 ThatOnePenguin_2: that gonna be ur house again?
13:14 GoPotato360     : yup
13:14 mielosiker      : gunpowder enogh to make tnt tho
13:14 FrenchToastRNG  : u need to torch the place up
13:14 VexPacks        : this is the fastest ive ever got full diamond in survival
13:14 FrenchToastRNG  : so dark
13:14 VexPacks        : fr
13:15 mielosiker      : e
13:15 mielosiker      : t
13:15 FrenchToastRNG  : 1 more person
13:15 GoPotato360     : SLEEP
13:15 VexPacks        : selling diamonds for books/ book shelfs
13:15 GoPotato360     : WTF NO CAPS
13:15 GoPotato360     : we caNT CAPS
13:15 FrenchToastRNG  : bet
13:15 GoPotato360     : MAX
13:15 FrenchToastRNG  : VexPacks tp to me
13:15 GoPotato360     : npppp
13:15 GoPotato360     : PIOPAQWE
13:16 GoPotato360     : WE CANT DO ALL CAPS
13:16 mielosiker      : i am in a mansion looting books bruh
13:16 GoPotato360     : BRUH
13:16 GoPotato360     : STOP
13:16 Dare2BeStoopid  : just claim it
13:16 VexPacks        : is that enough
13:16 FrenchToastRNG  : I need some more for tools
13:16 FrenchToastRNG  : tyvm
13:16 GoPotato360     : its not enough for the whole mansion
13:16 FrenchToastRNG  : im 100 dollars in debt now
13:17 FrenchToastRNG  : accept tp
13:17 VexPacks        : any1 wanna team be atleast full iron
13:17 ThatOnePenguin_2: yea
13:17 ThatOnePenguin_2: All of us are building at an area im laying out rn
13:17 FrenchToastRNG  : ALLAYS
13:17 mielosiker      : a C418 - 13 MUSIC DISC BRUH
13:17 FrenchToastRNG  : mielosiker
13:18 FrenchToastRNG  : I thought he said no looting
13:18 mielosiker      : WHEN?
13:18 FrenchToastRNG  : before in chat
13:18 GoPotato360     : i said it like twice
13:18 mielosiker      : i am going afk for dinner
13:18 ThatOnePenguin_2: dinner?
13:18 mielosiker      : sorry
13:18 FrenchToastRNG  : I see nametag
13:18 mielosiker      : yup
13:18 mielosiker      : my dinner time
13:19 ThatOnePenguin_2: damn
13:19 GoPotato360     : accept
13:19 ThatOnePenguin_2: Its like noon here
13:20 FrenchToastRNG  : f
13:20 GoPotato360     : rip
13:21 FrenchToastRNG  : put his stuff in this chest
13:21 GoPotato360     : ye ye
13:21 FrenchToastRNG  : before its too late
13:21 GoPotato360     : bro looted 30 books yea, thats mine
13:21 FrenchToastRNG  : can I have some
13:22 FrenchToastRNG  : ty
13:22 FrenchToastRNG  : its 5 bucks for /home
13:22 VexPacks        : trading for diamonds for 12 books
13:22 GoPotato360     : oo
13:22 GoPotato360     : if anyone makes an enderman xp farm ill give u a stack of diamonds
13:23 FrenchToastRNG  : how do u have a stack lmao
13:23 GoPotato360     : almost
13:23 GoPotato360     : im in full diamond for a reason
13:23 FrenchToastRNG  : dripped out
13:23 GoPotato360     : yeye
13:23 FrenchToastRNG  : I have enchants too
13:23 GoPotato360     : ooo i gotta get trims
13:24 GoPotato360     : sh
13:24 FrenchToastRNG  : I dont have perms for bed
13:24 GoPotato360     : oh my bad i did claims here
13:24 GoPotato360     : there is a bed in the front
13:24 GoPotato360     : behind the stairs
13:24 FrenchToastRNG  : also I can see echest particles
13:24 FrenchToastRNG  : lemme use fr
13:24 GoPotato360     : sh
13:25 GoPotato360     : yo
13:25 GoPotato360     : PP HEAD
13:25 GoPotato360     : sh
13:25 FrenchToastRNG  : is it possible to make 2 homes
13:25 ThatOnePenguin_2: ye
13:26 VexPacks        : selling two stacks of birch wood for uncooked pork or steak or cooked pork or steak at least 20
13:26 FrenchToastRNG  : I have 50 pages of bank
13:27 FrenchToastRNG  : imma go nethher
13:27 FrenchToastRNG  : o hi
13:27 GoPotato360     : hi
13:27 GoPotato360     : u wanna grind ender pearls while i look for blaze rods?
13:27 FrenchToastRNG  : decent spawn
13:28 FrenchToastRNG  : Im looking for bastions
13:28 FrenchToastRNG  : and fortresses
13:28 GoPotato360     : lol those r hard to find
13:28 FrenchToastRNG  : ????
13:28 FrenchToastRNG  : how did u travel so far
13:28 GoPotato360     : i did /back idk
13:29 GoPotato360     : i think it calculates only overworld so try and do home from where ur at
13:29 FrenchToastRNG  : ah
13:29 GoPotato360     :  placed a sign @ world: x-1540, z-2967
  PENIS
13:29 GoPotato360     :  placed a sign @ world: x-1540, z-2972
  PENIS
13:29 FrenchToastRNG  : OOH
13:30 ThatOnePenguin_2: wait
13:30 ThatOnePenguin_2: do I have world edit
13:30 FrenchToastRNG  : oh nah
13:30 GoPotato360     : prob
13:30 ThatOnePenguin_2: what do I need to figure out
13:30 GoPotato360     : penguin can u try /op me
13:30 ThatOnePenguin_2: ye
13:30 ThatOnePenguin_2: done
13:30 GoPotato360     : shh
13:30 FrenchToastRNG  : admin abuse fr
13:30 ThatOnePenguin_2: He has been before
13:30 GoPotato360     : ye
13:31 FrenchToastRNG  : 2 debri
13:31 GoPotato360     : pog
13:31 ThatOnePenguin_2: Dont i need a wooden axe to do world edit stuff?
13:31 GoPotato360     : ye
13:31 FrenchToastRNG  : bros gonna worldedit in diamonds and nethrite
13:31 ThatOnePenguin_2: what no
13:31 ThatOnePenguin_2: Im just filling in an area with dirt
13:31 ThatOnePenguin_2: so that I dont have to farm
13:31 ThatOnePenguin_2: dirt
13:31 FrenchToastRNG  : UNBREAKING 3 DIAMODN PICK
13:31 FrenchToastRNG  : WOOOOOO
13:32 FrenchToastRNG  : man why no caps
13:32 GoPotato360     : lol in right
13:32 GoPotato360     : TEST
13:32 GoPotato360     : whot
13:33 mielosiker      : nooooooo
13:33 FrenchToastRNG  : do /back
13:33 FrenchToastRNG  : ur stuff is in a chest
13:33 mielosiker      : why ;(
13:33 FrenchToastRNG  : creeper blew u up
13:33 GoPotato360     : awww man
13:34 VexPacks        : who wanna team i have full diamond must have at least full iron
13:34 GoPotato360     : get full netherite then we'll talk
13:34 GoPotato360     : jk idc
13:34 FrenchToastRNG  : 4 DEBRI
13:34 VexPacks        : ight hol up
13:34 VexPacks        : gimme one hour
13:35 FrenchToastRNG  : YO
13:35 FrenchToastRNG  : GOD PICKAXE
13:35 FrenchToastRNG  : eff 4 unbreaking 3
13:35 FrenchToastRNG  : now I need fortune 3
13:35 VexPacks        : perngiun
13:35 VexPacks        : hello
13:35 VexPacks        : i just found him
13:35 ThatOnePenguin_2: brb
13:36 mielosiker      : can i get back where i was
13:36 GoPotato360     : do /back
13:37 mielosiker      : no the land before i was afk
13:37 GoPotato360     : idk
13:37 FrenchToastRNG  : I need netherite upgrade template
13:37 mielosiker      : well good luck finding it Freanch toast
13:37 FrenchToastRNG  : 1 pearl
13:38 VexPacks        : is stealing allowed
13:38 GoPotato360     : lol no
13:38 VexPacks        : stealingisnt allowed
13:38 VexPacks        : what kinda server is this
13:38 GoPotato360     : i mean ig its allowed
13:38 FrenchToastRNG  : friendly server
13:38 GoPotato360     : but ull face the conquences
13:38 VexPacks        : what like banned
13:38 VexPacks        : or fighting
13:39 GoPotato360     : nah just jail and prob fighting
13:39 FrenchToastRNG  : prob fighting
13:39 VexPacks        : why jail if its allowed
13:39 VexPacks        : lol
13:39 VexPacks        : makes no since
13:39 GoPotato360     : idk lol what do u wanna steal
13:39 VexPacks        : oh i alr did
13:39 FrenchToastRNG  : LMAO
13:39 GoPotato360     : from who
13:39 VexPacks        : idk
13:39 FrenchToastRNG  : what did u steal
13:39 VexPacks        : big land
13:39 GoPotato360     : lmao
13:39 VexPacks        : a couple things
13:39 mielosiker      : can i tpr potato?
13:40 GoPotato360     : i think thats ur stuff french
13:40 FrenchToastRNG  : NOOOOOO
13:40 GoPotato360     : drop it
13:40 VexPacks        : drop what
13:40 GoPotato360     : the stuff u stole
13:40 mielosiker      : potato?
13:40 VexPacks        : im allowed to steal so why
13:40 GoPotato360     : one sec meio
13:40 VexPacks        : this servers so weird
13:40 GoPotato360     : drop it bruh
13:40 mielosiker      : ok
13:40 GoPotato360     : yea it was ur stuff frnech
13:41 GoPotato360     : thx
13:41 FrenchToastRNG  : wat was it
13:41 GoPotato360     : everything
13:41 VexPacks        : lol you say i can steal and then tell me to drop stuff!?!?!!?
13:41 FrenchToastRNG  : damn
13:41 FrenchToastRNG  : wat stuff did he steal
13:41 FrenchToastRNG  : armor
13:41 FrenchToastRNG  : tools
13:41 GoPotato360     : idk bro like we just started and its allowed bc he didnt claim his land, but its a shit move bc he is in the nehter and claims was just set up
13:42 FrenchToastRNG  : its not even my land
13:42 FrenchToastRNG  : im living on penguins
13:42 GoPotato360     : lol
13:42 ThatOnePenguin_2: yea
13:42 GoPotato360     : well point is use claims yall
13:42 ThatOnePenguin_2: you and the rest of the server minus potato
13:42 GoPotato360     : lol
13:43 VexPacks        : someones watching me
13:43 mielosiker      : my crops ;(
13:43 GoPotato360     : not me
13:43 FrenchToastRNG  : wtf
13:43 mielosiker      : not having tools
13:43 FrenchToastRNG  : why are u here
13:44 FrenchToastRNG  : my sword broke
13:44 GoPotato360     : u wanna go home for a sec
13:44 GoPotato360     : u can do /back
13:44 GoPotato360     : yo french go home
13:44 GoPotato360     : i wanna drop ur stuff off
13:44 FrenchToastRNG  : 1 sec
13:45 VexPacks        : is fighting allowed
13:45 GoPotato360     : ye
13:45 VexPacks        : or is my pvp gunna get took away
13:45 FrenchToastRNG  : tp to me
13:45 ThatOnePenguin_2: oh
13:45 ThatOnePenguin_2: I dont have world edit
13:45 FrenchToastRNG  : the wood isnt mine
13:45 GoPotato360     : now ya do
13:45 FrenchToastRNG  : the wood is penguins I think
13:45 ThatOnePenguin_2: now I do
13:45 FrenchToastRNG  : give penguin the wood
13:45 GoPotato360     : um idk u return it
13:45 GoPotato360     : or wait
13:46 FrenchToastRNG  : my inv is out of space
13:46 mielosiker      : i need leather please somebody help
13:46 ThatOnePenguin_2: wait
13:46 GoPotato360     : take that wood
13:47 FrenchToastRNG  : I love how I have 5 enchanted diamond pickaxes
13:47 GoPotato360     : noice
13:47 Dare2BeStoopid  : /tell ThatOnePenguin_2 join gamebar 
13:47 FrenchToastRNG  : BRO WHO TOOK MY SMITHING TABLE
13:47 FrenchToastRNG  : AND ANVIL
13:47 Dare2BeStoopid  : /tell GoPotato360 join gamebar 
13:47 mielosiker      : excuse moi french toast
13:47 ThatOnePenguin_2: /msg Dare2BeStoopid what 
13:47 FrenchToastRNG  : yo VexPacks
13:47 FrenchToastRNG  : give me my anvil back
13:47 VexPacks        : yea?
13:47 FrenchToastRNG  : and iron
13:47 GoPotato360     : ill get u one
13:48 VexPacks        : i aint take iron
13:48 FrenchToastRNG  : anvil
13:48 VexPacks        : but the anvil...
13:48 mielosiker      : do you have leather?
13:48 VexPacks        : tp to me ill give it
13:48 FrenchToastRNG  : 0 leather
13:48 FrenchToastRNG  : ty
13:48 VexPacks        : i didnt take smithing table
13:48 FrenchToastRNG  : huh
13:48 VexPacks        : you said something about a smithing table
13:49 ThatOnePenguin_2: I have done it
13:49 FrenchToastRNG  : blud toook the coal
13:49 FrenchToastRNG  : nahhh
13:49 ThatOnePenguin_2: I have learned world edit
13:49 mielosiker      : hey penguin
13:49 VexPacks        : oops
13:49 FrenchToastRNG  : my coal is gone :skull:
13:49 ThatOnePenguin_2: ye whats up
13:49 VexPacks        : can i team
13:49 VexPacks        : with yall plz
13:50 ThatOnePenguin_2: yea
13:50 ThatOnePenguin_2: tp here
13:50 ThatOnePenguin_2: oh wait
13:50 mielosiker      : can i have some leather
13:50 ThatOnePenguin_2: hes alraedy here
13:50 ThatOnePenguin_2: Thats all I 've got
13:50 mielosiker      : thanks
13:50 FrenchToastRNG  : im richhh
13:51 FrenchToastRNG  : netherite ingot
13:51 FrenchToastRNG  : unbreaking 3 effieciency 4 silk touch pickaxe
13:51 mielosiker      : can i use your enchanting table?
13:51 FrenchToastRNG  : sure
13:52 FrenchToastRNG  : how do potato have 127k
13:52 GoPotato360     : um its prob from the old world
13:52 mielosiker      : toast you dropped your pickaxe
13:52 FrenchToastRNG  : u can have
13:52 FrenchToastRNG  : I have like 7
13:52 mielosiker      : thanks
13:53 FrenchToastRNG  : just dont die with it
13:53 FrenchToastRNG  : it dissapears
13:53 mielosiker      : i know curse of vanishing
13:54 FrenchToastRNG  : where did potato go
13:54 ThatOnePenguin_2: Anyone want a different type of wood that's not here?
13:54 ThatOnePenguin_2: Like cherry or spruce or jungle
13:54 FrenchToastRNG  : nope
13:54 FrenchToastRNG  : cherry please
13:55 mielosiker      : hey penguin can i borrow one thing from your chest please?
13:55 VexPacks        : how do you know how much money you have
13:55 ThatOnePenguin_2: what you need?
13:55 FrenchToastRNG  : d o/bal
13:55 VexPacks        : uh oh
13:55 mielosiker      : a bow and arrow
13:55 VexPacks        : im negative 330
13:55 FrenchToastRNG  : LMAo
13:55 VexPacks        : lol
13:56 VexPacks        : how do i earn money
13:56 FrenchToastRNG  : bros in debt
13:56 FrenchToastRNG  : do /sell hand
13:56 mielosiker      : and a axe to get smite 1
13:56 ThatOnePenguin_2: ye
13:56 mielosiker      : thanks
13:56 FrenchToastRNG  : HOLY
13:56 VexPacks        : i just sold my diamond axe for a bunch of money
13:56 ThatOnePenguin_2: who stole my blast furnace
13:56 FrenchToastRNG  : I CAN INSTANTLY BREAK NETHERACK
13:56 FrenchToastRNG  : prob vex
13:56 VexPacks        : BRO I DINT
13:57 FrenchToastRNG  : idk then
13:57 mielosiker      : i have thi can i try it?
13:57 ThatOnePenguin_2: that one is scary
13:57 mielosiker      : but this is so good that ur playing
13:57 ThatOnePenguin_2: ye
13:57 FrenchToastRNG  : les go
13:57 ThatOnePenguin_2: its pigstep of course its good
13:57 mielosiker      : :o
13:58 mielosiker      : so good i choose this server for starting my minecraft times
13:58 ThatOnePenguin_2: well im glad
13:58 ThatOnePenguin_2: oh claims are workin
13:58 FrenchToastRNG  : afk
13:58 FrenchToastRNG  : eat
13:59 Dare2BeStoopid  : new batch incoming
13:59 mielosiker      : whats redstone and netherack doing here?
13:59 ThatOnePenguin_2: hmm?
14:00 ThatOnePenguin_2: oh
14:00 ThatOnePenguin_2: that's my claim
14:00 ThatOnePenguin_2: you cant access anything inside unless I give you perms
14:00 ThatOnePenguin_2: Also
14:00 ThatOnePenguin_2: Welcome MR_LEGIT006
14:00 ThatOnePenguin_2: brb
14:01 mielosiker      : do you know something to gain exp fast?
14:02 ThatOnePenguin_2: ummm
14:02 GoPotato360     : farms, ez is aninmal breeding and feeding, best is mob farms
14:02 ThatOnePenguin_2: for now you can mine nether quartz
14:02 GoPotato360     : or mine skulk
14:02 ThatOnePenguin_2: but yea animal breeding also workd
14:02 VexPacks        : HOW MANY BOOKSHELFS DO YOU NEED TO MAKE A MAXED OUT ENCHANTING THING
14:02 GoPotato360     : 18 or 16 i think
14:02 mielosiker      : but i fear warden
14:02 GoPotato360     : just do /home
14:03 mielosiker      : ok i guese
14:03 GoPotato360     : but animal farms r ex
14:03 GoPotato360     : ez
14:03 MR_LEGIT006     : hello i am new in server
14:03 GoPotato360     : and ull need leather etc
14:03 ThatOnePenguin_2: Welcome welcome!
14:03 GoPotato360     : hi mr legit
14:03 Dare2BeStoopid  : test
14:03 mielosiker      : but how do i find a ancient city?
14:03 GoPotato360     : mine
14:04 ThatOnePenguin_2: ope
14:04 GoPotato360     : rip great start legit
14:04 ThatOnePenguin_2: MR_LEGIT006 do you want a tp to where everyone is building?
14:04 GoPotato360     : guess not
14:04 GoPotato360     : lol
14:05 GoPotato360     : penguin imma test someting on u come here
14:06 Dare2BeStoopid  : /w GoPotato360 rejoin gamebar 
14:06 ThatOnePenguin_2: whoa
14:06 ThatOnePenguin_2: thats cool
14:06 ThatOnePenguin_2: is that a normal minecraft block?
14:06 GoPotato360     : can u try and take those books
14:06 ThatOnePenguin_2: cant
14:06 GoPotato360     : right click
14:06 VexPacks        : selling 10 diamonds for 8 bookshelfs
14:06 ThatOnePenguin_2: i did
14:06 ThatOnePenguin_2: dont have perms
14:06 VexPacks        : no actually 15
14:06 GoPotato360     : ok thx al i neeeded
14:07 VexPacks        : any1 wanna trade
14:07 GoPotato360     : trade what
14:07 VexPacks        : i need booksa
14:07 ThatOnePenguin_2: None of us have books
14:07 VexPacks        : ill trade diamonds
14:07 mielosiker      : i have bro i have but only two
14:08 VexPacks        : any1 wanna trade ill give diamonds for 15 obsidian
14:09 GoPotato360     : AYY
14:09 Logosnail       : greetings
14:09 VexPacks        : what can i use money for
14:10 GoPotato360     : claims, and eventually shops
14:10 GoPotato360     : also mansion is now open for ppl sorry ab all that
14:10 ThatOnePenguin_2: nope
14:10 ThatOnePenguin_2: Everyone already wants to live here
14:10 FrenchToastRNG  : ?
14:10 GoPotato360     : then ill bring my mansion there
14:11 FrenchToastRNG  : lets gooo
14:11 FrenchToastRNG  : wither skely head
14:12 FrenchToastRNG  : 5 saddles
14:12 FrenchToastRNG  : hello
14:12 ThatOnePenguin_2: :O
14:13 ThatOnePenguin_2: Server really poppin
14:13 FrenchToastRNG  : f
14:13 HappyFeet222    : hello
14:13 FrenchToastRNG  : why is Dare2BeStoopid in spectator
14:13 Dare2BeStoopid  : im the host
14:13 FrenchToastRNG  : oo
14:13 ThatOnePenguin_2: You want to go where everyone is going nowadays
14:14 ThatOnePenguin_2: ?
14:14 Logosnail       : yeah, where's the hotspot?
14:14 Logosnail       : coolio
14:14 ThatOnePenguin_2: We've got liek 3 or 4 here already
14:14 MR_LEGIT006     : EVERYONE IS RICH HERE
14:14 ThatOnePenguin_2: nah im not
14:15 ThatOnePenguin_2: The others are just tryhards
14:15 FrenchToastRNG  : :<
14:15 GoPotato360     : brokeys
14:15 FrenchToastRNG  : rod fell off :<
14:15 MR_LEGIT006     : OHH
14:15 mielosiker      : am i a joke to you
14:15 Logosnail       : yeah, don't wanna start buidling away from everyone again
14:15 FrenchToastRNG  : who is Dare2BeStoopid stalking rn
14:15 FrenchToastRNG  : I think its me
14:15 ThatOnePenguin_2: Thats my goal
14:15 ThatOnePenguin_2: Is to get everyone to build together
14:15 GoPotato360     : ill come there and build soon ig
14:15 MR_LEGIT006     : how can i start my new journey
14:15 ThatOnePenguin_2: Ima have to go soon so you guys will be in charge of recruiting other people to this plot
14:16 GoPotato360     : coords?
14:16 FrenchToastRNG  : Dare2BeStoopid who are u watching rn
14:16 ThatOnePenguin_2: X -1500, Z -3000
14:16 GoPotato360     : no one he is afk i think
14:16 FrenchToastRNG  : he spoke in chat
14:16 ThatOnePenguin_2: Whoa
14:16 FrenchToastRNG  : how did he already get diamonds
14:16 FrenchToastRNG  : wtf
14:16 GoPotato360     : well is semi afk
14:16 ThatOnePenguin_2: Feel free to roam around MR_LEGIT006
14:16 FrenchToastRNG  : full diamond in like 5 seconds
14:17 MR_LEGIT006     : yeah
14:17 VexPacks        : im giving him stuff
14:17 FrenchToastRNG  : ohhh
14:17 MR_LEGIT006     : t
14:17 VexPacks        : give me my diamonds back
14:17 ThatOnePenguin_2: If you wanna build a house or something inside the island area feel free
14:17 ThatOnePenguin_2: That's recommended
14:17 MR_LEGIT006     : ohh thnks
14:17 ThatOnePenguin_2: Certainly a lot of space
14:17 GoPotato360     : try it lol
14:18 MR_LEGIT006     : where is your base penguin
14:18 VexPacks        : give them back
14:18 ThatOnePenguin_2: I dont have one yet
14:18 GoPotato360     : what?
14:18 ThatOnePenguin_2: I just finished setting up the island
14:18 VexPacks        : my diiamonds
14:18 MR_LEGIT006     : ohh
14:18 VexPacks        : i dropped 12
14:18 GoPotato360     : oh i didnt even se
14:18 MR_LEGIT006     : so long nerd
14:18 ThatOnePenguin_2: ye
14:18 ThatOnePenguin_2: be free
14:18 MR_LEGIT006     : :(
14:19 ThatOnePenguin_2: no chest for you
14:19 ThatOnePenguin_2: my claim
14:19 MR_LEGIT006     : ohh sorry
14:19 ThatOnePenguin_2: when you place a chest you will get one too
14:19 ThatOnePenguin_2: aight
14:19 ThatOnePenguin_2: i gtg
14:19 MR_LEGIT006     : yeah my frnds
14:19 FrenchToastRNG  : gtg
14:19 FrenchToastRNG  : wait nvm
14:19 FrenchToastRNG  : i dont
14:19 GoPotato360     : lit
14:19 ThatOnePenguin_2: you guys continue to work on recruiting ppl to this plot
14:19 MR_LEGIT006     : we are finally togetheer
14:19 GoPotato360     : i do tho ill be back
14:20 FrenchToastRNG  : oop
14:20 ThatOnePenguin_2: XD
14:20 MR_LEGIT006     : ok btw i have an question
14:20 ThatOnePenguin_2: whats up
14:20 MR_LEGIT006     : where are you from
14:20 ThatOnePenguin_2: US
14:21 MR_LEGIT006     : ohh
14:21 FrenchToastRNG  : same
14:21 MR_LEGIT006     : but i am not
14:21 ThatOnePenguin_2: oh damn
14:21 ThatOnePenguin_2: good
14:21 MR_LEGIT006     : from india
14:21 ThatOnePenguin_2: a fellow pigstep enjoyer
14:21 ThatOnePenguin_2: aight
14:23 MR_LEGIT006     : HOW OLD ARE YOU GUYS
14:23 FrenchToastRNG  : 13
14:23 FrenchToastRNG  : almost 14
14:23 MR_LEGIT006     : OHH I AM 18
14:23 MR_LEGIT006     : NOT +
14:24 FrenchToastRNG  : u can use my iron armor
14:24 MR_LEGIT006     : OHH CAN I/
14:24 MR_LEGIT006     : ?
14:24 FrenchToastRNG  : yes
14:24 MR_LEGIT006     : OHH THANKS
14:25 MR_LEGIT006     : OHH I AM JUST ROAMING AROUND
14:26 FrenchToastRNG  : HOLY
14:26 FrenchToastRNG  : I ALMOST JUST DIED
14:27 FrenchToastRNG  : wat are yall doing
14:28 Dare2BeStoopid  : making the website
14:28 FrenchToastRNG  : nice
14:28 FrenchToastRNG  : rtp doesnt work
14:29 FrenchToastRNG  : damn
14:29 FrenchToastRNG  : u spawned in fortress
14:30 mielosiker      : i am back after goofy ahh 0 fps
14:30 FrenchToastRNG  : damn
14:30 FrenchToastRNG  : I almost died
14:30 FrenchToastRNG  : enderpearl saved me
14:34 FrenchToastRNG  : wb
14:35 Dare2BeStoopid  : Logosnail
14:35 Logosnail       : hmm?
14:35 Dare2BeStoopid  : /w Logosnail can u make gamebar 
14:36 FrenchToastRNG  : YO WTF
14:36 FrenchToastRNG  : 2 netherite ingots
14:36 FrenchToastRNG  : and template
14:36 Logosnail       : I'm not sure what you mean dare
14:36 Dare2BeStoopid  : ugh
14:37 Dare2BeStoopid  : vc
14:37 Dare2BeStoopid  : ?
14:37 Logosnail       : sure
14:37 mielosiker      : i need food please
14:37 FrenchToastRNG  : bros an admin
14:37 FrenchToastRNG  : and is new
14:38 mielosiker      : i need food please help me!!!
14:38 Dare2BeStoopid  : sassy
14:38 FrenchToastRNG  : I need diamonds
14:38 FrenchToastRNG  : im out of diamonds
14:38 FrenchToastRNG  : not good
14:38 mielosiker      : thank you!!!
14:38 FrenchToastRNG  : I need diamonds for armor trims
14:38 FrenchToastRNG  : welcome
14:39 SammyFaz        : ty
14:39 FrenchToastRNG  : anyone got diamonds I can buy
14:39 Dare2BeStoopid  : test
14:39 Dare2BeStoopid  : test
14:40 VexPacks        : what do you want
14:40 FrenchToastRNG  : ur in the nether right
14:40 VexPacks        : yea
14:40 VexPacks        : blaze farming
14:40 FrenchToastRNG  : alr
14:40 FrenchToastRNG  : im looking for bastions
14:40 FrenchToastRNG  : accept
14:40 FrenchToastRNG  : I looted most of my area
14:40 VexPacks        : nahh
14:40 FrenchToastRNG  : mannn
14:42 FrenchToastRNG  : lagback wth
14:45 SammyFaz        : can i team with someone?
14:45 FrenchToastRNG  : we pretty much all teamed
14:46 Dare2BeStoopid  : i will get more ppl
14:46 SammyFaz        : oh ok
14:50 Dare2BeStoopid  : we r in vc
14:51 FrenchToastRNG  : who
14:51 Dare2BeStoopid  : ppl
14:51 MR_LEGIT006     : tum bohot aache dost ho
14:52 FrenchToastRNG  : nah thatswifi issue
14:52 FrenchToastRNG  : connection throtled
14:52 FrenchToastRNG  : wifi issue
14:52 FrenchToastRNG  :  placed a sign @ world: x-1540, z-2967
  PENIS
14:52 FrenchToastRNG  :  placed a sign @ world: x-1540, z-2967
  jesus christ
14:53 VexPacks        : lets goooooo
14:53 VexPacks        : my first netherite
14:53 FrenchToastRNG  : how many
14:53 VexPacks        : two
14:53 MR_LEGIT006     : is penguin gone
14:54 FrenchToastRNG  : penguin is gone
14:54 MR_LEGIT006     : ohh
14:54 FrenchToastRNG  :  placed a sign @ world: x-1540, z-2967
  jesus christ
14:54 MR_LEGIT006     : yo bro what is your future plan
14:54 FrenchToastRNG  : can I buy 1 ancient debri
14:54 FrenchToastRNG  : I jsut need 1
14:55 FrenchToastRNG  : hey potato
14:55 GoPotato360     : hola
14:55 FrenchToastRNG  : vex can I buy 1 ancient debri
14:55 VexPacks        : no
14:55 FrenchToastRNG  : please
14:55 GoPotato360     : lol
14:55 FrenchToastRNG  : just need 1
14:56 VexPacks        : for what
14:56 VexPacks        : like what do i get
14:56 FrenchToastRNG  : 8 iron blocks
14:56 FrenchToastRNG  : 10 gold blocks
14:56 FrenchToastRNG  : 30 emeralds
14:57 FrenchToastRNG  : EZ
14:57 GoPotato360     : ooo
14:57 GoPotato360     : drippy boi
14:57 VexPacks        : make that 5 obsidian asd well and you have a deal ill even throw in two debris
14:57 FrenchToastRNG  : bet
14:58 FrenchToastRNG  : accept tp
14:58 FrenchToastRNG  : try 1.20
14:58 VexPacks        : ems
14:58 FrenchToastRNG  : o
14:59 VexPacks        : books
14:59 VexPacks        : hoq mANY
14:59 VexPacks        : bye
14:59 FrenchToastRNG  : cant use /home
15:00 FrenchToastRNG  : nvm
15:00 FrenchToastRNG  : Logosnail
15:00 FrenchToastRNG  : tell him to try 1.20
15:00 FrenchToastRNG  : cause im on 1.20
15:00 FrenchToastRNG  : and it works just fine
15:01 Dare2BeStoopid  : gonna stop server rq
15:01 FrenchToastRNG  : tell them to try version 1.20
15:01 Dare2BeStoopid  : and restart
15:01 FrenchToastRNG  : alr
15:01 Dare2BeStoopid  : join vc
15:01 Dare2BeStoopid  : nathan
15:03 GoPotato360: tell him to try 1.20
15:04 FrenchToastRNG: yo potato
15:04 VexPacks      : yo
15:04 WelpYah       : i like ur skin
15:05 FrenchToastRNG: yo potato
15:05 GoPotato360   : yo
15:05 FrenchToastRNG: wats ur discord
15:05 GoPotato360   : im in the call
15:05 FrenchToastRNG: I need to tell u smt
15:05 GoPotato360   : its ng
15:05 FrenchToastRNG: which one is u
15:05 FrenchToastRNG: alr
15:06 GoPotato360   : rip
15:06 FrenchToastRNG: potato did u see it
15:06 FrenchToastRNG: I sent dms
15:06 AquaLogic     : is there a main town
15:06 Dare2BeStoopid: not yet
15:06 AquaLogic     : how long ago was this started
15:07 EPICGANER999  : aqua add me in dis
15:07 AquaLogic     : disc?
15:08 EPICGANER999  : relokate.
15:08 MR_LEGIT006   :  placed a sign @ world: x-1540, z-2972
  PENIS
15:08 GoPotato360   : ayy welcome back
15:09 SassyMassy201 : yo
15:09 FrenchToastRNG: yk what would be funny
15:09 FrenchToastRNG: netherite hoe
15:09 GoPotato360   : yea i think there is an achiment for it
15:09 FrenchToastRNG: but I dont have enough diamonds to dupe template
15:09 AquaLogic     : is everybody together
15:09 FrenchToastRNG: nope
15:09 GoPotato360   : nah some r
15:10 FrenchToastRNG: im in mansion
15:10 GoPotato360   : X -1500, Z -3000
15:10 GoPotato360   : for other ppls bases mostly
15:10 VexPacks      : can you steal yet or no
15:10 GoPotato360   : ask dare
15:10 FrenchToastRNG: u can but people dont like it
15:10 FrenchToastRNG: and people will prob kill u
15:10 VexPacks      : idc
15:10 GoPotato360   : everyone pls use claims
15:11 GoPotato360   : .do /claim so u dont get ur stuff stolen
15:13 VexPacks      : how do you share a claim with someone
15:13 GoPotato360   : .i think /invite
15:13 Logosnail     : its ./trust
15:13 GoPotato360   : yea that mb
15:13 FrenchToastRNG: how do I get more claim blocks
15:13 Dare2BeStoopid: play nore
15:14 GoPotato360   : i think invite ppl to ur claim
15:14 Dare2BeStoopid: but if u dont like it complain
15:14 Dare2BeStoopid: i am open to change
15:14 GoPotato360   : dare is stealing allowed
15:14 GoPotato360   : vex is asking
15:14 Dare2BeStoopid: if unclaimed
15:14 GoPotato360   : k make sure everyone u claim ur shit
15:14 GoPotato360   : dont complain if u didnt do /claim
15:15 FrenchToastRNG:  placed a sign @ world: x-1540, z-2967
  jesus christ
15:16 Dare2BeStoopid: lag?
15:16 GoPotato360   : dont think so
15:16 FrenchToastRNG: lol
15:16 AquaLogic     : bro
15:16 Dare2BeStoopid: cmon nathan
15:16 GoPotato360   : no i got it legit
15:16 FrenchToastRNG: that was so obvious
15:16 GoPotato360   : ask french
15:16 Dare2BeStoopid: omg
15:17 AquaLogic     : nuh uh
15:17 GoPotato360   : i literally was mining in the nether
15:17 GoPotato360   : i did u xray
15:17 GoPotato360   : use*
15:17 AquaLogic     : bru
15:17 FrenchToastRNG: LMAo
15:17 FrenchToastRNG: funni
15:17 FrenchToastRNG: bro just got hidden in the depths
15:18 WelpYah placed suspicious WATER_BUCKET @ world: x-3087, z-924
15:19 FrenchToastRNG: I sadly dont have enough lvls for lvl 30 enchants
15:19 FrenchToastRNG: since whe ndid u enchant it
15:20 FrenchToastRNG: at this point gimme lvls fr
15:21 FrenchToastRNG: im floating
15:21 GoPotato360   : floating pog
15:23 FrenchToastRNG: how do I make a grindstone
15:23 GoPotato360   : smooth stone
15:23 GoPotato360   : smelt stone
15:23 Logosnail     : stone slab, smooth stone is for blast furnace
15:30 FrenchToastRNG: anyone got lapis?
15:30 FrenchToastRNG:  placed a sign @ world: x-1540, z-2966
  w
15:33 FrenchToastRNG: NOTCH APPLE
15:33 FrenchToastRNG: LETS GO
15:35 FrenchToastRNG: what is this new music disc
15:35 FrenchToastRNG: american football
15:35 FrenchToastRNG: never meant
15:45 FrenchToastRNG:  placed a sign @ world: x-1540, z-2967
  jesus christ
15:46 Logosnail placed suspicious WATER_BUCKET @ world: x-1314, z-2178
15:47 VexPacks      : need gold willing to trade lots
15:47 WelpYah       : Anyone got smithing templates?
15:47 FrenchToastRNG: me
15:48 WelpYah       : Wanna trade?
15:48 FrenchToastRNG: VexPacks I got hella gold
15:48 VexPacks      : ight
15:48 FrenchToastRNG: wat u got
15:48 VexPacks      : wanna trade
15:48 VexPacks      : ancient debris
15:48 FrenchToastRNG: how much
15:48 VexPacks      : how much you want
15:48 VexPacks      : i want lots of gold
15:48 VexPacks      : i mean gold is kinda cheap
15:48 FrenchToastRNG: how much debri for 32 gold blocks
15:49 VexPacks      : whats your minium
15:49 VexPacks      : minimum
15:49 FrenchToastRNG: how many u got
15:49 VexPacks      : how much do you need and ill tell you if i haver that many
15:49 FrenchToastRNG: 12
15:49 VexPacks      : debris right?
15:49 FrenchToastRNG: ye
15:50 VexPacks      : can i do 11
15:50 VexPacks      : thats all i have
15:50 FrenchToastRNG: alr
15:50 VexPacks      : bye
15:50 FrenchToastRNG:  placed a sign @ world: x-1540, z-2972
  PENISea
15:51 VexPacks      : how do i unclaim struff
15:51 VexPacks      : stuff
15:51 FrenchToastRNG: wtf
15:52 Dare2BeStoopid: can u guys boost my gamebar
15:52 AquaLogic     : how u guys already going to the end
15:52 Dare2BeStoopid: trying to get more ppl
15:53 AquaLogic     : bro
15:53 FrenchToastRNG: YO WTF
15:58 FrenchToastRNG: noooo
15:58 FrenchToastRNG: im not at nether portal
15:58 FrenchToastRNG: WTF
15:58 FrenchToastRNG: I DUPED
15:59 FrenchToastRNG: wait no
15:59 VexPacks      : end working now?
15:59 FrenchToastRNG: I didnt dupe
15:59 FrenchToastRNG: damn
15:59 Logosnail     : idk, lets try again
15:59 VexPacks      : what happened
15:59 Logosnail     : incoming
15:59 oJqzzy        : hey daddies
16:00 FrenchToastRNG: dw
16:00 FrenchToastRNG: I gaev him diamonds
16:00 Logosnail     : hold on a sec. I gotta do some prep
16:00 FrenchToastRNG: u got echest?
16:02 GoPotato360   : hola
16:03 FrenchToastRNG: ello
16:03 Dare2BeStoopid: hi
16:03 Logosnail     : greetings
16:03 WelpYah       : anyone have smithing templates??
16:03 FrenchToastRNG: me
16:03 WelpYah       : What do u want for em
16:03 oJqzzy        : is anyone here female
16:03 FrenchToastRNG: what u got
16:04 GoPotato360   : ur mom is yea
16:04 oJqzzy        : i dont have one
16:04 GoPotato360   : fuck my bad
16:04 Luke_R_2      : yooo
16:04 Luke_R_2      : wats good
16:04 GoPotato360   : supp
16:04 Luke_R_2      : how far have uyall gotten
16:04 FrenchToastRNG: imma go in
16:05 WelpYah       : is their a specific amount of diamonds u want for them
16:05 WelpYah       : ?
16:05 FrenchToastRNG: no lag
16:05 Logosnail     : neat
16:05 Logosnail     : I'll catch up in a bit
16:05 VexPacks      : can i tp to you and beat the end with you
16:05 VexPacks      : i have eyes of ender
16:06 GoPotato360   : can u get ur stuff here or nah
16:06 FrenchToastRNG: ask logo
16:06 GoPotato360   : luke
16:06 VexPacks      : logo could i?
16:06 Logosnail     : sure. tpa to me
16:06 GoPotato360   : can u get that or no
16:07 VexPacks      : can my firned come
16:07 Dare2BeStoopid: yes
16:07 Dare2BeStoopid: try to spread the server
16:07 oJqzzy        : yo someone should tp me no cap
16:07 Luke_R_2      : can i coem to en d
16:08 VexPacks      : food
16:08 VexPacks      : plz
16:08 Luke_R_2      : thx
16:08 VexPacks      : fooooooood
16:08 VexPacks      : plzzzzzzzzzzzzz
16:08 oJqzzy        : yo let me join
16:08 Luke_R_2      : here
16:08 oJqzzy        : im a female
16:08 Luke_R_2      : vex here
16:10 FrenchToastRNG: f
16:11 Luke_R_2      : ow
16:11 FrenchToastRNG: gg
16:11 AquaLogic     : WHAT
16:11 FrenchToastRNG: I call egg
16:11 Logosnail     : hey, I'm the one who got here
16:12 GoPotato360   : ha
16:13 Luke_R_2      : can i pls have food
16:14 VexPacks      : who got ender eff
16:14 VexPacks      : egg
16:14 FrenchToastRNG: logo
16:15 VexPacks      : is he willing to tarde
16:15 VexPacks      : gunna take it as a no
16:15 Logosnail     : of course not
16:15 VexPacks      : whos team are you on
16:15 FrenchToastRNG: W
16:16 Logosnail     : i dont do teams. I just play the game
16:17 GoPotato360   : /whisper Logosnail vex and some others r greifers 
16:18 GoPotato360   : /whisper Logosnail or at least are part of a raiding server, doenst really matter but still 
16:18 FrenchToastRNG: logo ship?
16:18 Logosnail     : no ship here
16:19 FrenchToastRNG: but guess who did
16:19 Logosnail     : nice
16:20 WelpYah       : anyone wanna buy end stone?
16:21 Dare2BeStoopid: im in vc
16:21 GoPotato360   : hi
16:22 FrenchToastRNG: potato tell Dare2BeStoopid my concerns
16:22 GoPotato360   : i did
16:22 FrenchToastRNG: alr
16:22 Luke_R_2 placed suspicious WATER_BUCKET @ world: x-1753, z-2497
16:22 Luke_R_2 placed suspicious WATER_BUCKET @ world: x-1754, z-2498
16:22 Luke_R_2 placed suspicious WATER_BUCKET @ world: x-1754, z-2500
16:22 GoPotato360   : /whisper Dare2BeStoopid check dis 
16:22 FrenchToastRNG: anyone got mending villager
16:23 VexPacks      : plz sleep
16:23 GoPotato360   : ayy
16:24 Dare2BeStoopid: join vc
16:24 GoPotato360   : check discord dare
16:24 Luke_R_2      : kk
16:25 FrenchToastRNG: gimme seed of server fr
16:25 Dare2BeStoopid: read github
16:25 FrenchToastRNG: dynamic map doesnt work
16:26 FrenchToastRNG: send link
16:26 FrenchToastRNG: in discord
16:26 Dare2BeStoopid: wait
16:26 FrenchToastRNG: alrw
16:26 Bree3_K       : could yall hear me in vc earlier?
16:26 GoPotato360   : nah
16:26 Dare2BeStoopid: r u guys powergaming
16:27 FrenchToastRNG: I have elytra
16:27 Dare2BeStoopid: yea
16:27 Dare2BeStoopid: ok
16:29 FrenchToastRNG: gg
16:30 Dare2BeStoopid: https://soapstain22.github.io/GourmetServer/
16:30 FrenchToastRNG: ty
16:30 Dare2BeStoopid: css isnt loading
16:30 Dare2BeStoopid: also everyone vote for our server
16:30 Dare2BeStoopid: https://gist.github.com/soapstain22/fd765c4cd2d1417bf2f82e00cc2689a4
16:31 FrenchToastRNG: cant find seed :<
16:32 Dare2BeStoopid: 5925979004187771920
16:32 FrenchToastRNG: ty
16:32 Dare2BeStoopid: sorry
16:32 GoPotato360   : lol
16:32 AquaLogic     : bro
16:32 GoPotato360   : bro what
16:32 GoPotato360   : im litearlly at a boat rn
16:33 Dare2BeStoopid: fuck it
16:33 GoPotato360   : i traveled so far in the end
16:34 Bree3_K       : YO
16:34 Bree3_K       : IM FIXING MY VC
16:34 VexPacks      : sorry
16:34 Bree3_K       : c h i l l
16:34 Bree3_K       : lemme afk in peace
16:34 FrenchToastRNG: gg
16:34 VexPacks      : french are you home
16:34 GoPotato360   : now to make a sugar cane farm lol
16:34 FrenchToastRNG: nope
16:35 GoPotato360   : ?
16:35 FrenchToastRNG: im telling VexPacks
16:35 GoPotato360   : oh
16:35 VexPacks      : why
16:36 GoPotato360   : ri
16:36 GoPotato360   : p
16:36 VexPacks      : bro i hit him with a stick lol
16:36 VexPacks      : bro was legit one
16:36 FrenchToastRNG: F
16:36 Luke_R_2      : lol
16:37 Luke_R_2      : ./back is the best
16:37 FrenchToastRNG: /r 
16:37 FrenchToastRNG: unless ur in void
16:37 Luke_R_2      : missed my water clutch
16:37 Luke_R_2      : yeah
16:38 .rbcca82      : where superpizza
16:38 VexPacks      : any1 wanna team
16:38 Luke_R_2      : team?
16:38 VexPacks      : yea?
16:38 Luke_R_2      : oh like work together
16:38 VexPacks      : yea
16:38 Luke_R_2      : i got worried this was gonna go full anarachy for a sec
16:38 Luke_R_2      : lol
16:38 VexPacks      : want to?
16:39 Luke_R_2      : im gonna work alone for now
16:39 VexPacks      : k
16:39 GoPotato360   : yea that was vex he hit u with a stick
16:39 Luke_R_2      : but i do wanna collab with people on gunpowder and enderman farms
16:39 .rbcca82      : hi :3
16:39 .rbcca82      : /w Dare2BeStoopid test 
16:40 Bree3_K       : can yall still not hear me
16:40 VexPacks      : french are u still in end
16:40 FrenchToastRNG: yep
16:40 VexPacks      : can i tpa
16:40 Bree3_K       : i can hear yall now tho
16:40 FrenchToastRNG: nrn
16:40 VexPacks      : plz soon
16:40 AquaLogic placed suspicious WATER_BUCKET @ world: x-979, z-416
16:40 VexPacks      : i need an elytra and to look for one
16:40 FrenchToastRNG: try asking potato
16:40 VexPacks      : potato?
16:40 AquaLogic placed suspicious WATER_BUCKET @ world: x-974, z-418
16:41 Dare2BeStoopid: guys
16:41 FrenchToastRNG: ?
16:41 Luke_R_2      : yeah
16:41 Dare2BeStoopid: everyone vote
16:41 Dare2BeStoopid: https://gist.github.com/soapstain22/fd765c4cd2d1417bf2f82e00cc2689a4
16:41 .rbcca82      : mc on mobile is incredibly horrible
16:41 Luke_R_2      : lol
16:41 .rbcca82      : how am i admin
16:41 Luke_R_2      : its borderline unplayable
16:41 .rbcca82      : this isnt even the right acc
16:41 GoPotato360   : perks of the job?
16:41 Dare2BeStoopid: discord
16:41 .rbcca82      : wrong acc tho, no?
16:41 .rbcca82      : oohhh
16:42 Dare2BeStoopid: its airtight
16:42 .rbcca82      : ok i cant play like this lol ill be home at 6am
16:42 .rbcca82      : by by
16:42 Dare2BeStoopid: no
16:42 Dare2BeStoopid: NO
16:42 .rbcca82      : bruhh it sucks
16:42 Dare2BeStoopid: play
16:42 GoPotato360   : lol
16:42 Dare2BeStoopid: no
16:42 Dare2BeStoopid: play
16:42 Dare2BeStoopid: small children can do it
16:42 Dare2BeStoopid: u can to
16:42 Luke_R_2      : why are there no shulker spawns
16:42 .rbcca82      : my fuckin hands too fat i cant run
16:42 GoPotato360   : if u have a controller around that would work
16:42 VexPacks      : luke can i tp to you
16:43 Luke_R_2      : not rn
16:43 VexPacks      : i need elytra to look for
16:43 .rbcca82      : girl im in an airport
16:43 GoPotato360   : lol
16:43 Luke_R_2      : i need to get mine first
16:43 Luke_R_2      : lol
16:43 VexPacks      : bro plz
16:43 VexPacks      : i wont take yours
16:43 Luke_R_2      : WATER CLUTCH BABY
16:43 FrenchToastRNG: srry to whoevers end ship I just robbed
16:43 GoPotato360   : lol
16:43 Logosnail     : rude
16:43 FrenchToastRNG: hi logo
16:43 FrenchToastRNG: mine now
16:43 VexPacks      : logo can i tp ro you
16:44 VexPacks      : i wont take you stuff
16:44 Logosnail     : why?
16:44 .rbcca82      : how do u fight and move l8ke this omg
16:44 GoPotato360   : lol
16:44 VexPacks      : i want to look for elytas
16:44 VexPacks      : elytras
16:44 GoPotato360   : rip
16:44 Luke_R_2      : shit someones been here
16:44 FrenchToastRNG: me
16:44 FrenchToastRNG: I have 2 elytras
16:44 .rbcca82      : superpizza im sorry boo its so painful
16:44 .rbcca82      : by by
16:44 VexPacks      : plz
16:44 Dare2BeStoopid: no
16:44 FrenchToastRNG: servers fine
16:45 VexPacks      : french
16:45 Dare2BeStoopid: or go actually idk if ur on a bus
16:45 .rbcca82      : if i keep the window open on my phone will it show me online
16:45 FrenchToastRNG: ?
16:45 .rbcca82      : no its not the server lol the server is good
16:45 VexPacks      : I WASNT TO LOOK FOR AN ELYRA
16:45 .rbcca82      : its mobile
16:45 .rbcca82      : controls
16:45 Dare2BeStoopid: bedrock
16:45 .rbcca82      : yea
16:45 .rbcca82      : not anyones fault
16:45 FrenchToastRNG: tp to ur teammate luke
16:45 VexPacks      : BROOOOOO
16:45 VexPacks      : FRENCH
16:45 VexPacks      : PLZ TPA ME
16:45 .rbcca82      : im near microsoft offices
16:45 .rbcca82      : the ohysical one
16:45 FrenchToastRNG: little ducko
16:46 .rbcca82      : ill ask them for an xbox controller
16:46 Luke_R_2      : fuck
16:46 Luke_R_2      : he too kmy elytrra lol
16:46 .rbcca82      : ##### ### ############# #####
16:46 FrenchToastRNG: chill
16:46 Dare2BeStoopid: wtf
16:46 GoPotato360   : fuck?
16:46 GoPotato360   : there shoulnt be
16:46 FrenchToastRNG: bedrock has swear filter
16:46 Dare2BeStoopid: NO WAY
16:47 .rbcca82      : oh i was kidding
16:47 FrenchToastRNG: cant even swear on signs
16:47 .rbcca82      : fuck shit fart
16:47 .rbcca82      : wait.
16:47 .rbcca82      : thats so funny
16:47 .rbcca82      : ok i gtg sorry
16:47 FrenchToastRNG: I dont think thats what they say
16:48 FrenchToastRNG: 3 elytras
16:48 FrenchToastRNG: ty for seed fr
16:51 FrenchToastRNG: I jsut found the ultimate iron sword
16:51 GoPotato360   : bruh
16:51 FrenchToastRNG: fire aspect 2 sharp 4 looting 3 unbreaking 3 sweeping edge 3
16:51 Luke_R_2      : jesus
16:52 FrenchToastRNG: bro might just take the entire forest
16:52 GoPotato360   : there is water
16:53 FrenchToastRNG: selling elytras
16:53 FrenchToastRNG: got 4
16:53 GoPotato360   : BRUH
16:53 GoPotato360   : LEAVE SOME FOR PPL DAMN
16:53 FrenchToastRNG: ty Dare2BeStoopid for the seed
16:53 FrenchToastRNG: tyvm
16:53 GoPotato360   : omfg
16:53 FrenchToastRNG: I lagged back so hard
16:54 FrenchToastRNG: theres liek 50 end ships within this 10000x10000 area
16:54 GoPotato360   : yea i havent seen much animals idk y
16:54 FrenchToastRNG: I can see
16:54 FrenchToastRNG: OHH
16:54 FrenchToastRNG: IM GOING TO THE NETHER
16:55 FrenchToastRNG: I can see wherew all the bastions are
16:55 Dare2BeStoopid: https://soapstain22.github.io/GourmetServer/
16:55 GoPotato360   : nether deez nutz in yo moutf
16:55 FrenchToastRNG: lemme do elytra count
16:55 FrenchToastRNG: 5 elytras
16:55 FrenchToastRNG: and 1 egapple
16:56 FrenchToastRNG: alr im going back to overworld
16:56 FrenchToastRNG: NOOO
16:56 FrenchToastRNG: I can oonly have 3 homes
16:56 FrenchToastRNG: how to remove home
16:56 Luke_R_2      : ./delhome
16:56 Luke_R_2      : ii think
16:56 FrenchToastRNG: lets go
16:56 FrenchToastRNG: I now have direct home to end ship
16:57 Luke_R_2      : can someone help me
16:57 FrenchToastRNG: the seed really exposes everything
16:57 Luke_R_2      : im stuck lol
16:57 Luke_R_2      : i need blocks
16:57 GoPotato360   : lol
16:57 Luke_R_2      : hehe
16:57 GoPotato360   : just mine
16:57 Luke_R_2      : i pearled lol
16:58 Luke_R_2      : OH yeah
16:58 Luke_R_2      : thanks
16:58 Luke_R_2      : thanks bro
16:59 GoPotato360   : rip
16:59 GoPotato360   : wtf happened
16:59 Luke_R_2      : im good look
16:59 Luke_R_2      : come here
17:00 Luke_R_2      : u ghot some of my stuff
17:00 Luke_R_2      : can u /back so i can get there
17:00 GoPotato360   : here
17:00 Luke_R_2      : thank you bro
17:01 FrenchToastRNG: hello
17:01 GoPotato360   : hola
17:01 FrenchToastRNG: how did u get enchants on ur elytra
17:01 Luke_R_2      : mending and unb 3 booskl
17:01 FrenchToastRNG: we dont have villagers
17:02 GoPotato360   : mansion had unbreaking
17:02 Luke_R_2      : well u gotta get some or enchant boosk for unb3 mending oinly from natural spawn
17:02 Luke_R_2      : or bvil
17:02 FrenchToastRNG: can I have some fireworks
17:02 Luke_R_2      : i hate the void
17:02 FrenchToastRNG: fr
17:02 Luke_R_2      : it scary
17:03 FrenchToastRNG: 5 echests
17:04 FrenchToastRNG: y u following me
17:04 GoPotato360   : bc im bored
17:04 FrenchToastRNG: I ALMOST JUST DIED
17:04 GoPotato360   : lol
17:04 FrenchToastRNG: bro /home saved me
17:04 FrenchToastRNG: I was trying to eat
17:04 FrenchToastRNG: and I accidently switch from elytra to chestplate
17:05 Luke_R_2      : oof
17:06 GoPotato360   : wtf y is there mushrooms above the nether
17:06 Luke_R_2      : lol
17:06 FrenchToastRNG: why are you above the nether??
17:06 GoPotato360   : bc im researching
17:06 Luke_R_2      : there hallucinogenic mushrooms
17:06 FrenchToastRNG: BRO
17:07 FrenchToastRNG: I WAS AT BASTION
17:07 GoPotato360   : just go back
17:07 FrenchToastRNG: you tped onto nether roof
17:07 FrenchToastRNG: how am I gonna get back
17:07 GoPotato360   : do /back
17:07 GoPotato360   : duh
17:07 FrenchToastRNG: im out of fireworks
17:07 GoPotato360   : rip
17:07 FrenchToastRNG: u got more?
17:11 FrenchToastRNG: man vc is dead
17:11 Luke_R_2      : im watching podcast
17:12 Dare2BeStoopid: https://minecraft-server-list.com/server/497622/
17:12 Dare2BeStoopid: vote
17:12 Dare2BeStoopid: pls
17:13 FrenchToastRNG: alr
17:13 Ant_Dawgg     : is pvp allowed?
17:13 FrenchToastRNG: yes
17:13 Logosnail     : between consenting parties, i believe.
17:14 Ant_Dawgg     : so i cant just kos
17:14 Dare2BeStoopid: we should add skulling
17:14 FrenchToastRNG: voted
17:14 Luke_R_2      : wat day
17:14 Dare2BeStoopid: hero
17:14 Luke_R_2      : wat dat
17:14 Dare2BeStoopid: https://oldschool.runescape.wiki/w/Skull_(status)
17:15 Luke_R_2      : that seems cool
17:16 FrenchToastRNG: where did potato go
17:16 Dare2BeStoopid: idk
17:17 FrenchToastRNG: 4 netehrite upgrade template
17:18 FrenchToastRNG: 6 templates
17:18 FrenchToastRNG: 8 iron blocks
17:18 FrenchToastRNG: 6 diamodns
17:18 FrenchToastRNG: 9 gold blocks
17:18 FrenchToastRNG: 2 netherite ingots
17:18 FrenchToastRNG: and diamodn chestplate
17:19 FrenchToastRNG: whos wants the chestplate
17:19 Luke_R_2      : i need blocks
17:19 FrenchToastRNG: lemme get some rq
17:19 FrenchToastRNG: oop
17:19 Luke_R_2      : wa
17:19 FrenchToastRNG: 1 sec
17:19 Luke_R_2      : kk
17:19 FrenchToastRNG: lemme get hella netherack
17:20 Luke_R_2      : grazie
17:21 Ant_Dawgg     : if i find player loot, am i allowed to take it
17:21 Luke_R_2      : sorry
17:21 Dare2BeStoopid: u can
17:22 Dare2BeStoopid: but ppl are all new right now
17:22 Dare2BeStoopid: but usually the rule is if its unclaimed its fair game
17:22 Ant_Dawgg     : is it safe to say that anything that isnt in the discord rules is not bannable
17:22 Luke_R_2      : hanks dude
17:22 Dare2BeStoopid: yea
17:22 Ant_Dawgg     : ok
17:22 Luke_R_2      : can u do me a favor and let me take this elytra at the next city FrenchToastRNG
17:23 FrenchToastRNG: alr
17:23 Luke_R_2      : thank you bro
17:24 FrenchToastRNG: penguin missed a lot
17:24 Luke_R_2      : who
17:24 FrenchToastRNG: thatonepenguin
17:24 Luke_R_2      : oh
17:24 FrenchToastRNG: @superpizza
17:24 FrenchToastRNG: does that work
17:24 FrenchToastRNG: man it doesnt
17:25 Dare2BeStoopid: wat
17:25 FrenchToastRNG: ping people through chat
17:25 Dare2BeStoopid: no yea i turned it off
17:25 FrenchToastRNG: @.superpizza
17:25 Dare2BeStoopid: use /mail
17:25 FrenchToastRNG: damn
17:25 FrenchToastRNG: I dont have perms for mail
17:28 FrenchToastRNG: accept
17:28 FrenchToastRNG: im getting comboed by shulkers
17:29 FrenchToastRNG: and I have no food
17:30 Luke_R_2      : FUCKING FINALLY BRO
17:30 Luke_R_2      : LETS GO
17:32 Luke_R_2      : YAHHAHEHAHHS
17:32 FrenchToastRNG: potato
17:32 GoPotato360   : ye
17:32 FrenchToastRNG: im making a kit
17:34 FrenchToastRNG:  placed a sign @ world: x-1540, z-2967
  jesus christ
17:34 Luke_R_2 placed suspicious WATER_BUCKET @ world: x-6262, z5732
17:38 FrenchToastRNG: potato
17:38 FrenchToastRNG: check these shulker boxes
17:39 FrenchToastRNG: oh yeah
17:39 FrenchToastRNG: does anyone have trident
17:40 Luke_R_2      : fuck im outta food uh
17:41 FrenchToastRNG: same
17:41 Luke_R_2      : can i give anyone a diamond or 2 for food
17:41 AquaLogic     : bro how do we manage land claims
17:42 GoPotato360   : just do /trust
17:43 FrenchToastRNG: why are there floating brick homes
17:43 Ant_Dawgg     : fr
17:43 Ant_Dawgg     : i saw that
17:43 GoPotato360   : spawn is weird like that
17:43 FrenchToastRNG: what is this bamboo house
17:44 Luke_R_2      : max prob world editted it in loll
17:45 FrenchToastRNG: trading diamond set for trident
17:49 FrenchToastRNG: potato
17:49 FrenchToastRNG: I checked the seed
17:49 FrenchToastRNG: theres ancient city below me
17:49 FrenchToastRNG: Im gonna die
17:50 FrenchToastRNG: someone should replace all skulk shriekers with grass fr
17:50 FrenchToastRNG: this place is scary
17:50 FrenchToastRNG: im dipping
17:51 FrenchToastRNG: logo wanna fight warden
17:51 Logosnail     : not really
17:52 FrenchToastRNG: I need to go back
17:53 FrenchToastRNG: go down
17:53 FrenchToastRNG: are u in cmode or smt
17:53 FrenchToastRNG: they not aggroed
17:54 FrenchToastRNG: sneak
17:54 FrenchToastRNG: we're gonna die
17:54 GoPotato360   : i thought u wanna fight one
17:54 FrenchToastRNG: not here
17:55 FrenchToastRNG: where did u go
17:55 GoPotato360   : coming back one sec
17:55 FrenchToastRNG: holy shi
17:56 FrenchToastRNG: wat is that pickaxe
17:56 GoPotato360   : check disc
17:56 FrenchToastRNG: ummm
17:57 FrenchToastRNG: STOP MOVING AROUND SO MUCH FR
17:57 GoPotato360   : what do u want lol
17:57 FrenchToastRNG: theres ancient city near
17:57 GoPotato360   : ah
17:58 FrenchToastRNG: lemme check seed rq
17:58 FrenchToastRNG: dig to 603 -2845
17:59 FrenchToastRNG: dig that way
17:59 GoPotato360   : rip
18:00 FrenchToastRNG: why cant I pick up
18:00 GoPotato360   : lag i think
18:00 FrenchToastRNG: dig to 603 -2845
18:01 FrenchToastRNG: be quiet
18:01 GoPotato360   : maybe
18:01 FrenchToastRNG: thats not quiet
18:01 Luke_R_2      : can someone build enderman farm with me maybe
18:02 Luke_R_2      : shulkercraft yt tutorial
18:02 Luke_R_2      : guess not lol
18:03 FrenchToastRNG: where
18:05 FrenchToastRNG: so many
18:05 AquaLogic placed suspicious WATER_BUCKET @ world: x11, z300
18:06 FrenchToastRNG: OW
18:06 GoPotato360   : lol
18:07 FrenchToastRNG: HELP
18:11 FrenchToastRNG: im dead
18:11 FrenchToastRNG: half a heart
18:11 Luke_R_2      : u can tp to me if u need
18:11 GoPotato360   : rip
18:13 FrenchToastRNG: no notch apple yets
18:13 FrenchToastRNG: o shit]
18:15 FrenchToastRNG: W
18:15 GoPotato360   : indeed
18:15 GoPotato360   : op wow
18:15 FrenchToastRNG: ah shit
18:16 GoPotato360   : did u see
18:16 FrenchToastRNG: woah
18:16 GoPotato360   : amylyt shulk
18:16 FrenchToastRNG: when notch apple fr
18:19 GoPotato360   : ight ill be back
18:19 FrenchToastRNG: alr
18:22 AquaLogic     : why do you wanna tp to me toast
18:22 Ant_Dawgg     : same
18:22 Ant_Dawgg     : tryna tp to me taswell
18:22 AquaLogic     : hes tp hunting
18:22 FrenchToastRNG: cause im bored
18:22 FrenchToastRNG: im not tp hunting
18:23 Ant_Dawgg     : im good
18:23 FrenchToastRNG: hi
18:23 Dare2BeStoopid: hi
18:23 Dare2BeStoopid: are you bored?
18:23 FrenchToastRNG: wanna se smt
18:23 FrenchToastRNG: ye im bored
18:23 Dare2BeStoopid: you want to help me?
18:23 FrenchToastRNG: sure
18:23 Dare2BeStoopid: ok
18:23 Dare2BeStoopid: so
18:23 Dare2BeStoopid: we have a github
18:23 Dare2BeStoopid: actually
18:23 Dare2BeStoopid: do you know gamebar
18:23 FrenchToastRNG: yes
18:24 FrenchToastRNG: thats how I found this
18:24 Dare2BeStoopid: can you make gamebar posts
18:24 FrenchToastRNG: alr
18:24 Dare2BeStoopid: like
18:24 Dare2BeStoopid: a few
18:24 FrenchToastRNG: gimme a copy paste on discord
18:24 Dare2BeStoopid: just say
18:24 Dare2BeStoopid: BRAND NEW WORLD
18:24 FrenchToastRNG: this is no longer brand new
18:24 Dare2BeStoopid: bc it works on everything
18:24 FrenchToastRNG: lol
18:24 Dare2BeStoopid: its new enough
18:25 EPICGANER999  : how i lose money from tping
18:25 EPICGANER999  : im in debt
18:25 FrenchToastRNG: posted
18:25 FrenchToastRNG: i really want trident
18:25 FrenchToastRNG: but trident takes too long
18:26 Dare2BeStoopid: do /sell
18:26 FrenchToastRNG: 6 elytras
18:27 FrenchToastRNG: accept
18:27 FrenchToastRNG: lemme give u some stuff
18:28 Dare2BeStoopid: relogging
18:31 Luke_R_2      : im 2000 in debt rn lmao
18:31 FrenchToastRNG: damn
18:31 Luke_R_2      : io just trade people with diamonds so i dont really use economy but 2000$ debt isnt great
18:32 FrenchToastRNG: accept
18:33 Ant_Dawgg     : no
18:33 FrenchToastRNG: why not
18:33 Ant_Dawgg     : i dont want you to tp to me
18:33 Ant_Dawgg     : so stop trying please
18:33 EPICGANER999  : how do i get money on server cause tping just took 50
18:33 FrenchToastRNG: I can give diamonds
18:33 Ant_Dawgg     : idc
18:33 FrenchToastRNG: u do /sell hand
18:33 Ant_Dawgg     : dont want any
18:33 FrenchToastRNG: while holding it
18:35 Ant_Dawgg     : dude fuck
18:35 Ant_Dawgg     : fuck off
18:36 Ant_Dawgg     : why do you love harrasssing people
18:36 Dare2BeStoopid: wat
18:36 FrenchToastRNG: but im not harrassing people?
18:36 Ant_Dawgg     : i told you i dont want you to tp to me and now youre mining to my base?
18:36 Ant_Dawgg     : like clearly i dont want you around
18:36 FrenchToastRNG: im not even mining :/
18:36 Ant_Dawgg     : not that hard to realize
18:36 Ant_Dawgg     : this server is ass bro
18:37 FrenchToastRNG: damn
18:37 Dare2BeStoopid: NO
18:38 FrenchToastRNG: I got 2 people fro mpost
18:38 EPICGANER999  : can someone give me something to sell
18:38 FrenchToastRNG: their not in game yet
18:38 EPICGANER999  : im broke
18:39 EPICGANER999  : - 50 dollars
18:39 FrenchToastRNG: damn
18:39 EPICGANER999  : ye
18:39 FrenchToastRNG: I cna give u gold
18:39 EPICGANER999  : plz do
18:39 EPICGANER999  : omg tyyyyy
18:39 EPICGANER999  : omg
18:39 EPICGANER999  : ty
18:40 FrenchToastRNG: np
18:40 FrenchToastRNG: when will I get a goddamn trident
18:40 EPICGANER999  : soon i feel it
18:41 FrenchToastRNG: I love how you can check if specator is next to u
18:41 FrenchToastRNG: I can see where Dare2BeStoopid is on the map
18:44 EPICGANER999  : whats a heart of the sewa
18:44 EPICGANER999  : sea *
18:44 FrenchToastRNG: thing u need to craft conduit
18:44 EPICGANER999  : should i keep it
18:44 FrenchToastRNG: idk
18:45 FrenchToastRNG: I jsut watched that
18:46 FrenchToastRNG: oh nah
18:46 FrenchToastRNG: I just watched him
18:46 FrenchToastRNG: get dream luck or some shit
18:46 EPICGANER999  : does anyone know where i can get a mending book
18:46 EPICGANER999  : cause i cant find a village
18:46 FrenchToastRNG: bro went xray mining
18:46 EPICGANER999 placed suspicious WATER_BUCKET @ world: x1448, z32
18:47 FrenchToastRNG: Ive seen so many people xray already
18:47 FrenchToastRNG: at this point I dont really care
18:47 EPICGANER999  : anyone got a mending book
18:47 AquaLogic     : who is dare2bestoopid
18:47 EPICGANER999  : i need it or else
18:47 FrenchToastRNG: nope
18:47 Luke_R_2      : max
18:47 FrenchToastRNG: hes owner
18:47 Luke_R_2      : Dare2BeStoopid the owner
18:48 AquaLogic     : hes inside my zombie spawner
18:48 FrenchToastRNG: he is the zombie
18:48 AquaLogic     : I need to fix this farm its getting clogged
18:49 FrenchToastRNG: got any gunpowder?
18:49 FrenchToastRNG: I ran out
18:50 FrenchToastRNG: imma go visit luke
18:50 Dare2BeStoopid: guys
18:50 EPICGANER999  : yes
18:50 Dare2BeStoopid: would you pay for vip for this server
18:50 Luke_R_2      : hello whatsup
18:50 EPICGANER999  : idk im broke
18:50 AquaLogic     : no
18:50 Luke_R_2      : i aint paying lol
18:50 FrenchToastRNG: im broke
18:50 Dare2BeStoopid: ok what if it was
18:50 Dare2BeStoopid: 3 dollars
18:50 Dare2BeStoopid: forever
18:50 Luke_R_2      : nh bro
18:50 Dare2BeStoopid: but
18:50 FrenchToastRNG: still nah
18:50 Dare2BeStoopid: you get a check
18:50 AquaLogic     : not playing anymore
18:50 Luke_R_2      : im brroke as hell
18:50 EPICGANER999  : im broke
18:50 Dare2BeStoopid: ok
18:51 Luke_R_2      : dude french
18:51 Dare2BeStoopid: wait let me see
18:51 Luke_R_2      : come here
18:51 FrenchToastRNG: dont make it p2w
18:51 Luke_R_2      : this cave is insane
18:51 T2_foxy       : smb vc?
18:51 Luke_R_2      : nuts
18:51 FrenchToastRNG: holy
18:51 Luke_R_2      : look around
18:51 T2_foxy       : im in lobby
18:51 FrenchToastRNG: come here
18:51 Luke_R_2      : dude look at the walls
18:51 Luke_R_2      : diamonds everywherlol
18:52 FrenchToastRNG: Luke_R_2
18:52 Luke_R_2      : wats up
18:52 FrenchToastRNG: cmere
18:52 Luke_R_2      : un secundo
18:52 Luke_R_2      : sup
18:52 FrenchToastRNG: Ill let u borrow my netherite set
18:52 Luke_R_2      : OH
18:52 FrenchToastRNG: afk
18:53 FrenchToastRNG: brb
18:53 Luke_R_2      : nah i donmt wanna be respobnsuive
18:53 EPICGANER999  : someone got 2 diamonds im 2 off of full diamond lol
18:53 EPICGANER999  : im so mad
18:53 Luke_R_2      : yes
18:53 EPICGANER999  : i cleared this cave
18:53 Luke_R_2      : tp to ne
18:53 Luke_R_2      : me
18:53 Luke_R_2      : this cave is crazy
18:53 EPICGANER999  : how will i get back to my base
18:53 Luke_R_2      : set a home
18:53 Luke_R_2      : ./sethome home
18:54 Luke_R_2      : follow me
18:54 EPICGANER999  : tysm
18:54 Luke_R_2      : no prob pay it forwar
18:54 Luke_R_2      : d
18:54 Luke_R_2      : do u have food
18:55 Luke_R_2      : french
18:55 FrenchToastRNG: ?
18:55 Luke_R_2      : i dont wanna be resoponsbile for this but thanks for offer
18:55 FrenchToastRNG: o
18:55 Luke_R_2      : i will duplibate the amror trim tho ig u dont mind
18:55 FrenchToastRNG: alr
18:56 Luke_R_2      : oh shit i cant
18:56 Luke_R_2      : i need basalt or whatever
18:56 FrenchToastRNG: o
18:56 Luke_R_2      : eh its fgine
18:56 Luke_R_2      : thanks anyways
18:56 FrenchToastRNG: take some netherite upgrade templates
18:56 FrenchToastRNG: ur gonna need them
18:56 Luke_R_2      : YES PLS
18:56 Luke_R_2      : tHNAKS
18:57 Luke_R_2      : how many can i take
18:57 FrenchToastRNG: 4
18:57 Luke_R_2      : THANKS
18:57 Luke_R_2      : appreciate u
18:57 Luke_R_2      : ill be back in a bit
18:57 FrenchToastRNG: lemme test if this works
18:57 FrenchToastRNG: this would be funny
18:57 Luke_R_2      : NOOO
18:58 FrenchToastRNG: warden
18:59 FrenchToastRNG: damn
18:59 FrenchToastRNG: they are all gone
18:59 Dare2BeStoopid: omfg
19:00 Dare2BeStoopid: install stendhal
19:00 FrenchToastRNG: make a hunt or smt
19:00 FrenchToastRNG: ???
19:00 Dare2BeStoopid: this shit is so good
19:00 Dare2BeStoopid: 
19:00 Dare2BeStoopid: 
19:00 FrenchToastRNG: make a hunt
19:00 FrenchToastRNG: say those skulls again
19:01 FrenchToastRNG: lore
19:02 FrenchToastRNG: 
19:02 FrenchToastRNG: nahhh
19:02 FrenchToastRNG: 
19:03 FrenchToastRNG: 
19:03 FrenchToastRNG: r
19:04 FrenchToastRNG: y everyone gone
19:04 Dare2BeStoopid: uh
19:04 Dare2BeStoopid: huh
19:04 Dare2BeStoopid: idk
19:04 Dare2BeStoopid: make a gamebar
19:04 Dare2BeStoopid: like a bunch
19:04 Dare2BeStoopid: its also dinner time
19:04 FrenchToastRNG: (;`)
19:04 FrenchToastRNG: its 4 where I am
19:05 Dare2BeStoopid: wat
19:05 FrenchToastRNG: 4 pm
19:05 Dare2BeStoopid: crazy
19:05 FrenchToastRNG: california
19:05 FrenchToastRNG: wait does this work
19:06 FrenchToastRNG: it does
19:06 FrenchToastRNG: it definitly does
19:06 FrenchToastRNG: definitly
19:06 FrenchToastRNG: awfrayw
19:06 FrenchToastRNG: afk
19:14 FrenchToastRNG: im back
19:17 FrenchToastRNG: wat u reading
19:26 FrenchToastRNG: brb
19:56 Luke_R_2      : hey
19:57 Dare2BeStoopid: hi
19:57 Luke_R_2      : i leave for 30 min and everyone disapears lmao'
19:57 Dare2BeStoopid: yea i knop
19:57 Luke_R_2      : imma go nether exploring
19:58 Luke_R_2      : ugh
19:59 Luke_R_2      : i need a enderman farm
20:00 Luke_R_2      : can u make a warp for end portal please
20:00 Dare2BeStoopid: make a /home
20:01 Luke_R_2      : i dunno where stronghold is can u get me there pls
20:01 Dare2BeStoopid: u gotta find it
20:01 Luke_R_2      : breh
20:01 Dare2BeStoopid: also check the discord
20:01 Dare2BeStoopid: map
20:01 Luke_R_2      : k
20:01 Dare2BeStoopid: or stuff
20:13 Luke_R_2      : do cows spawn in taiga
20:14 Dare2BeStoopid: idk
20:14 Luke_R_2      : k
20:16 Luke_R_2      : oi
20:19 Luke_R_2      : hi
20:21 Luke_R_2      : hello
20:21 Luke_R_2      : toast
20:21 FrenchToastRNG: hi
20:21 Luke_R_2      : do me a favor
20:21 FrenchToastRNG: ?
20:21 Luke_R_2      : tp to me
20:21 Luke_R_2      : can u fortune all potatos
20:22 Luke_R_2      : no pls
20:22 FrenchToastRNG: alr
20:23 Luke_R_2      : wait
20:24 Luke_R_2      : no pls nbo
20:25 Luke_R_2      : french
20:25 EPICGANER999  :  placed a sign @ world: x186, z434
  ds 
20:25 Luke_R_2      : fortune again pls
20:25 Luke_R_2      : grazie
20:26 Luke_R_2      : thank you bro appreciate you
20:27 EPICGANER999  : lol
20:27 FrenchToastRNG: wanna use my etable
20:27 Luke_R_2      : i need xp firsty
20:28 Luke_R_2      : i wanna make xp farm
20:28 FrenchToastRNG: why cant I drop
20:28 EPICGANER999  : drap???
20:28 Luke_R_2      : pvp mode?
20:28 EPICGANER999  : drag
20:28 JaizanYzk     : thx
20:28 EPICGANER999  : how do you get good enchats
20:29 Luke_R_2      : 15 bookshelves surroundingh
20:29 Luke_R_2      : etable
20:29 FrenchToastRNG: yep
20:29 EPICGANER999  : ok
20:29 EPICGANER999  : why you want me to tp here
20:29 FrenchToastRNG: I brought u friends
20:29 FrenchToastRNG: I did it wrong
20:29 Luke_R_2      : hi
20:29 EPICGANER999  : these my new friends
20:30 Luke_R_2      : no
20:30 FrenchToastRNG: I thought it meant I tp to people
20:30 Luke_R_2      : not in ther
20:30 Luke_R_2      : OUT
20:31 EPICGANER999  : can you show me how to place all 15 around my etable
20:31 EPICGANER999  : can someone tp to me and show me
20:31 Luke_R_2      : out pls
20:31 FrenchToastRNG: why am I protecte from pvp
20:31 Luke_R_2      : please
20:31 Luke_R_2      : OUT PLS
20:31 Luke_R_2      : thx
20:31 EPICGANER999  : jaizan wanna team
20:33 EPICGANER999  : luke
20:33 EPICGANER999  : i cant accept
20:33 Luke_R_2      : wat
20:33 Luke_R_2      : all good
20:33 Luke_R_2      : it was accident
20:33 EPICGANER999  : i need help
20:33 Luke_R_2      : wassup
20:34 FrenchToastRNG: I have negative 1.2k dollars
20:34 FrenchToastRNG: im in debt
20:34 Luke_R_2      : same
20:34 SassyMassy201 : hello
20:34 Luke_R_2      : 5 more shelves
20:34 EPICGANER999  : i have no leather
20:34 EPICGANER999  : or paper
20:34 EPICGANER999  : lmao
20:34 FrenchToastRNG: I forgor I cant drop during combat
20:34 FrenchToastRNG: ahhhhh
20:34 SassyMassy201 : lmao
20:35 SassyMassy201 : :O
20:35 SassyMassy201 : tysm omg
20:35 FrenchToastRNG: np
20:35 Luke_R_2      : i need wood and more books pls
20:35 FrenchToastRNG: there goes another 50 bucks
20:35 EPICGANER999  : i have to grind for more books
20:35 Luke_R_2      : lolol
20:35 EPICGANER999  : i have none
20:35 Luke_R_2      : uhhh
20:35 EPICGANER999  : i need cows i must find more
20:35 Luke_R_2      : well we gotta kil some cows
20:35 Luke_R_2      : ill be back
20:36 EPICGANER999  : ok
20:36 FrenchToastRNG: I have hella books
20:36 Luke_R_2      : im bringing u some more books but can we share the table pls
20:36 EPICGANER999  : sure
20:36 EPICGANER999  : no prob
20:36 Luke_R_2      : thanks
20:36 EPICGANER999  : do you need stuff to make one
20:37 Luke_R_2      : i need more paper
20:37 EPICGANER999  : i just used all my sugarcane to make sugar'
20:37 EPICGANER999  : im gonna cry
20:37 Luke_R_2      : we need 7 more books
20:38 EPICGANER999  : bruh we need leather
20:38 SassyMassy201 : omg
20:38 EPICGANER999  : i killed all the cows i had
20:38 SassyMassy201 : tysm
20:38 FrenchToastRNG: np
20:38 Luke_R_2      : can u all pls not be in my base pls
20:38 FrenchToastRNG: i want totems fr
20:39 EPICGANER999  : your already unkillable
20:39 Luke_R_2      : wat
20:40 Luke_R_2      : max
20:43 EPICGANER999  : what do i do with phantom membranes
20:43 FrenchToastRNG: repair elytras
20:43 EPICGANER999  : ooohhhh
20:43 EPICGANER999  : i dont even have one lol
20:43 EPICGANER999  : prob never will for a long time]
20:43 FrenchToastRNG: im 1.5k in debt
20:44 EPICGANER999  : im not
20:44 EPICGANER999  : i have 260 dollars
20:44 FrenchToastRNG: noooo
20:44 FrenchToastRNG: I didnt get trident
20:44 FrenchToastRNG: it held a trident
20:45 FrenchToastRNG: OCEAN MOMUMENT
20:45 FrenchToastRNG: sponge
20:45 EPICGANER999 placed suspicious WATER_BUCKET @ world: x115, z407
20:45 EPICGANER999 placed suspicious WATER_BUCKET @ world: x115, z407
20:45 EPICGANER999 placed suspicious WATER_BUCKET @ world: x115, z407
20:45 EPICGANER999 placed suspicious WATER_BUCKET @ world: x115, z407
20:45 EPICGANER999 placed suspicious WATER_BUCKET @ world: x115, z407
20:45 EPICGANER999 placed suspicious WATER_BUCKET @ world: x115, z407
20:45 EPICGANER999 placed suspicious WATER_BUCKET @ world: x115, z407
20:46 FrenchToastRNG: where did penguin and potato go
20:46 FrenchToastRNG: bot hsaid they were gonna be back soon lmao
20:46 FrenchToastRNG: its been hours
20:47 EPICGANER999  : yo luke whats the progress on books i havent found any cows
20:49 Luke_R_2      : can u gimme some wood pls
20:49 Luke_R_2      : brb
20:50 Luke_R_2 placed suspicious WATER_BUCKET @ world: x-5749, z5589
20:51 Luke_R_2      : wood pls
20:52 Luke_R_2      : boom
20:52 EPICGANER999  : ez
20:52 EPICGANER999  : lettss go
20:52 EPICGANER999  : good job dawg
20:52 Luke_R_2      : u too
20:54 FrenchToastRNG: a
20:54 FrenchToastRNG: d
20:54 FrenchToastRNG: n
20:54 EPICGANER999  : luke
20:54 EPICGANER999  : now what
20:54 Luke_R_2      : sup
20:54 Luke_R_2      : get xp
20:54 EPICGANER999  : whats the best way
20:54 FrenchToastRNG: kill
20:54 Luke_R_2      : quarts
20:54 Luke_R_2      : ore
20:54 FrenchToastRNG: and that
20:55 EPICGANER999  : bettttt
20:58 FrenchToastRNG: 2nd triedent drowned
20:58 FrenchToastRNG: no trident
20:58 Luke_R_2      : there so rare
20:59 FrenchToastRNG: TRIDENT
20:59 FrenchToastRNG: I need mending
20:59 Luke_R_2      : same
20:59 EPICGANER999  : fr
20:59 Luke_R_2      : ill do villagers later
20:59 FrenchToastRNG: tp pls
20:59 FrenchToastRNG: accept
21:00 Luke_R_2      : wat
21:00 FrenchToastRNG: o
21:00 FrenchToastRNG: I thought u were at ur base
21:00 Luke_R_2      : not rn
21:00 EPICGANER999  : ez
21:00 FrenchToastRNG: I was gonna tell u that I had a 24 bookshelf etable at my abse
21:00 FrenchToastRNG: base
21:00 Luke_R_2      : 24?
21:00 FrenchToastRNG: yep
21:00 Luke_R_2      : does that get feather falling
21:01 FrenchToastRNG: idk
21:01 FrenchToastRNG: prob
21:01 Luke_R_2      : kk
21:01 Luke_R_2      : ill use later
21:01 Luke_R_2      : thx
21:01 FrenchToastRNG: I CAN FLY
21:02 FrenchToastRNG: riptide trident
21:04 FrenchToastRNG: my elytra broke :<
21:04 Luke_R_2      : sad
21:04 Luke_R_2      : :O
21:04 FrenchToastRNG: thank god I have 5 more
21:04 Luke_R_2      : nice lol
21:04 EPICGANER999  : what do i do after i get lvls luke
21:04 FrenchToastRNG: get lapis
21:04 EPICGANER999  : have it
21:04 Luke_R_2      : enchant
21:04 FrenchToastRNG: enchant it
21:04 Luke_R_2      : 3rd row
21:04 EPICGANER999  : whats good
21:05 Luke_R_2      : unbreaking 3 prot 4
21:05 FrenchToastRNG: get protection on armor
21:05 FrenchToastRNG: and sharpness on sword
21:05 FrenchToastRNG: tools get efficiency
21:05 EPICGANER999  : thorns2??/
21:05 FrenchToastRNG: f
21:06 EPICGANER999  : unbreaking 3 is good right
21:06 Luke_R_2      : yeah
21:06 FrenchToastRNG: ye
21:06 EPICGANER999  : i can get that on 2 things
21:06 FrenchToastRNG: protection best
21:06 FrenchToastRNG: always get the lvl 30 thing
21:06 EPICGANER999  : but if unbreaking3 is avalible get it
21:06 Luke_R_2 placed suspicious WATER_BUCKET @ world: x-5745, z5584
21:08 FrenchToastRNG: im back at 27 lvls :<
21:09 EPICGANER999  : same
21:09 EPICGANER999  : unbreaking 3 prot 4 dep strider 4
21:09 EPICGANER999  : pretty good?
21:09 Luke_R_2      : yeah
21:09 EPICGANER999  : dep strider 3
21:09 Luke_R_2      : look on mc wiki
21:09 FrenchToastRNG: very good
21:09 FrenchToastRNG: thats very good
21:09 EPICGANER999  : beett
21:10 EPICGANER999  : my friend made this zombie xp farm im using it
21:10 EPICGANER999  : not bac
21:10 EPICGANER999  : bad
21:10 Luke_R_2      : can i use
21:10 EPICGANER999  : idk if 2 can use at once
21:10 Luke_R_2      : oh oka
21:10 Luke_R_2      : y
21:10 EPICGANER999  : ill tell you when im done and you can use it as much as you want
21:10 FrenchToastRNG: anyone have I bow I can have
21:11 FrenchToastRNG: I have adopted a axolotle
21:11 FrenchToastRNG placed suspicious AXOLOTL_BUCKET @ world: x-1535, z-2971
21:11 EPICGANER999  : lit
21:13 FrenchToastRNG: im bored
21:13 FrenchToastRNG: can I tp to someone
21:13 EPICGANER999  : yes
21:15 EPICGANER999  : my sword
21:15 EPICGANER999  : broke noooo
21:16 FrenchToastRNG placed suspicious WATER_BUCKET @ world: x174, z415
21:24 Luke_R_2      : can someiobne make an enderman farm with me
21:24 FrenchToastRNG: idk how
21:24 EPICGANER999  : i would love to
21:24 EPICGANER999  : try
21:24 Luke_R_2      : great
21:25 EPICGANER999  : wanna get in a vc
21:25 Luke_R_2      : puklll up shulkercrafts video ill sned link
21:25 Luke_R_2      : yeagh
21:25 EPICGANER999  : join gen vc
21:26 FrenchToastRNG: I cant believe they just gave out the seed
21:27 Luke_R_2      : i know\
21:27 FrenchToastRNG: y ologo
21:27 Luke_R_2      : anyone have stronghold coords
21:27 FrenchToastRNG: how muc hfor the egg
21:27 FrenchToastRNG: im ducko
21:28 FrenchToastRNG: F
21:30 Luke_R_2      : oops
21:30 Luke_R_2      : get out for a sec toast
21:30 FrenchToastRNG: there
21:30 FrenchToastRNG: now it works
21:31 FrenchToastRNG: im in the call as well
21:32 FrenchToastRNG: who
21:32 FrenchToastRNG: who found the stronghold again?
21:33 FrenchToastRNG: wait for actual prot
21:34 FrenchToastRNG: logosnail how did u instantly find the portal room
21:34 FrenchToastRNG: just asking
21:34 FrenchToastRNG: u dug down straight into portal room
21:34 FrenchToastRNG: o
21:34 Luke_R_2      : anyone have stronghold coords
21:35 FrenchToastRNG: im ducko
21:35 FrenchToastRNG: yep
21:35 FrenchToastRNG: I had home at portal
21:35 FrenchToastRNG: but I deleted it
21:36 FrenchToastRNG: I think
21:36 FrenchToastRNG: lemme go there
21:36 FrenchToastRNG: sent me coords
21:36 FrenchToastRNG: send me coords
21:36 Luke_R_2      : 2400 -100
21:36 FrenchToastRNG: alr
21:36 FrenchToastRNG: I got 3 more elytras to break
21:37 FrenchToastRNG: riptide trident is so good
21:37 FrenchToastRNG: combined with elytra
21:37 FrenchToastRNG: shit
21:37 FrenchToastRNG: ocean momument
21:38 FrenchToastRNG: yes
21:38 FrenchToastRNG: no I found one
21:38 FrenchToastRNG: the trident was also almsot full durability when I got it
21:39 FrenchToastRNG: im at coords
21:39 FrenchToastRNG: wrong one
21:39 FrenchToastRNG: this one under ice
21:39 Luke_R_2      : -1300 -2200
21:40 FrenchToastRNG: foudn it
21:40 FrenchToastRNG: seems to be near here
21:41 FrenchToastRNG: I REMEMBER
21:41 FrenchToastRNG: come up
21:42 FrenchToastRNG: I have screenshot
21:42 FrenchToastRNG: -1312 -36 -2174
21:44 FrenchToastRNG: found it
21:44 FrenchToastRNG: tp
21:44 FrenchToastRNG: sethome
21:45 FrenchToastRNG: I like speedrunning
21:45 FrenchToastRNG: I think I still remember bastion routes
21:45 FrenchToastRNG: I have looting 3
21:46 FrenchToastRNG: get leaves
21:46 FrenchToastRNG: leaves
21:47 FrenchToastRNG: im collecting pearls
21:47 FrenchToastRNG: cactus farm
21:48 FrenchToastRNG: just get god particles
21:48 FrenchToastRNG: I have a hopper system that auto throws them into void
21:49 FrenchToastRNG: emeralds and totems
21:50 FrenchToastRNG: I lost my first hardcore world to a witch
21:51 FrenchToastRNG: I have 1 wither skeleton skull
21:52 FrenchToastRNG: I remember I had a history teacher
21:52 FrenchToastRNG: 5 of the students
21:52 EPICGANER999  :  placed a sign @ world: x188, z434
  big bawls
21:52 FrenchToastRNG: never did shit
21:52 FrenchToastRNG: and got 92%
21:53 FrenchToastRNG: nope
21:53 FrenchToastRNG: thats potato
21:53 FrenchToastRNG: yep
21:54 FrenchToastRNG: golden carrots?
21:54 FrenchToastRNG: jsut get villagers for golden carrots
21:54 FrenchToastRNG: they sell them
21:55 FrenchToastRNG: 3 stacks of pearls?
21:55 FrenchToastRNG: good enough?
21:56 FrenchToastRNG: I wanna kill wither
21:56 FrenchToastRNG: I saw 5
21:56 FrenchToastRNG: never took em
21:56 FrenchToastRNG: same
21:56 FrenchToastRNG: WTF
21:56 FrenchToastRNG: WHY DOES POTATO
21:57 FrenchToastRNG: potato is cheating
21:57 FrenchToastRNG: potato has villagers in his mansion
21:57 FrenchToastRNG: hes spawning things in
21:57 FrenchToastRNG: and also
21:57 FrenchToastRNG: he got full netehrite advancement without having ancient debri advancement
21:58 FrenchToastRNG: damn
21:58 FrenchToastRNG: did I mention
21:58 FrenchToastRNG: he one shot warden
21:59 FrenchToastRNG: out of food
22:00 FrenchToastRNG: o yea
22:00 FrenchToastRNG: when we crashed the server
22:00 FrenchToastRNG: when entering end
22:01 FrenchToastRNG: I accidently duped 28 diamonds
22:01 FrenchToastRNG: accept
22:01 FrenchToastRNG: when the server crashed
22:02 FrenchToastRNG: ye
22:02 FrenchToastRNG: Logosnail
22:02 FrenchToastRNG: I got a gift
22:02 FrenchToastRNG: alr
22:03 FrenchToastRNG: I live in california
22:06 FrenchToastRNG: no cheese or egg?
22:06 FrenchToastRNG: no omelette?
22:07 FrenchToastRNG: im getting off when we finish eman farm
22:07 FrenchToastRNG: guys how many jumps do you guys have
22:07 FrenchToastRNG: I have 13,956
22:08 FrenchToastRNG: I have 9 hours on the server
22:08 FrenchToastRNG: I joined yesterday
22:08 FrenchToastRNG: thats me
22:09 FrenchToastRNG: man
22:09 FrenchToastRNG: I lsot my netherite ingot
22:10 FrenchToastRNG: no
22:10 FrenchToastRNG: put it in ur offhand
22:11 FrenchToastRNG: im boutta make best flex
22:11 FrenchToastRNG: might as well
22:12 FrenchToastRNG: do /tpaall
22:12 FrenchToastRNG: LAMo
22:12 FrenchToastRNG: LMAO
22:12 FrenchToastRNG: use my extra netherite set
22:13 FrenchToastRNG: u can take picakxe
22:13 FrenchToastRNG: take it
22:13 FrenchToastRNG: take it as well
22:14 FrenchToastRNG: anyone got bones
22:14 FrenchToastRNG: yes
22:14 FrenchToastRNG: alr
22:16 FrenchToastRNG: im -2k in debt
22:16 FrenchToastRNG: holy
22:17 FrenchToastRNG: man im short
22:17 FrenchToastRNG: im 13
22:17 FrenchToastRNG: going to 8th grade
22:17 FrenchToastRNG: wtf
22:17 FrenchToastRNG: I was born in 2009
22:18 FrenchToastRNG: nope
22:18 FrenchToastRNG: thats how school system works
22:18 FrenchToastRNG: had to go to pre k
22:18 FrenchToastRNG: why do I just see "you don't have logosnail's permission to build here."
22:19 FrenchToastRNG: on the small island
22:19 FrenchToastRNG: 0 wool
22:19 FrenchToastRNG: leaves
22:19 FrenchToastRNG: leaves are ez
22:20 FrenchToastRNG: asian
22:21 FrenchToastRNG: good
22:21 FrenchToastRNG: lmao
22:22 FrenchToastRNG: they're mediocre
22:23 FrenchToastRNG: therapist
22:23 FrenchToastRNG: damn
22:25 FrenchToastRNG: I have no religion
22:26 FrenchToastRNG: my parents are gone
22:26 FrenchToastRNG: quite literally
22:26 Dare2BeStoopid: LMAO
22:26 FrenchToastRNG: im with my grandparents
22:27 FrenchToastRNG: its 7:27
22:29 FrenchToastRNG: how the fuck do I change my username
22:29 FrenchToastRNG: is that gonna ruin the plugins?
22:30 FrenchToastRNG: cause I dont think paper
22:30 FrenchToastRNG: has the echest plugin
22:31 FrenchToastRNG: make string into wool
22:31 FrenchToastRNG: we have spider spawner
22:31 FrenchToastRNG: Ill go sheep
22:32 FrenchToastRNG: I love bastions
22:33 FrenchToastRNG: yo wtf
22:33 FrenchToastRNG: f?
22:34 imnewb1       : hello
22:34 FrenchToastRNG: hi vex
22:34 imnewb1       : vax is a hacker he hacked in my server
22:34 FrenchToastRNG: ik
22:34 FrenchToastRNG: vex raids
22:34 VexPacks      : proof lol?
22:35 FrenchToastRNG: I told u max
22:35 imnewb1       : let me get the screen shots
22:35 Dare2BeStoopid: no i kno
22:35 Dare2BeStoopid: vc?
22:35 Dare2BeStoopid: i hate typing
22:35 VexPacks      : your allowed to xray in here lol
22:35 Dare2BeStoopid: ^
22:35 VexPacks      : am i wrong???
22:35 Dare2BeStoopid: no
22:35 VexPacks      : ok so then how am i hacking
22:36 VexPacks      : exactly
22:36 FrenchToastRNG: let me find u one
22:36 VexPacks      : i
22:36 VexPacks      : hi
22:36 VexPacks      : your owner right
22:36 Dare2BeStoopid: yea
22:36 Dare2BeStoopid: 
22:37 Luke_R_2      : :}
22:37 FrenchToastRNG: 
22:37 VexPacks      : so im allowed to xray for my self just no combat hacks etc
22:37 VexPacks      : so then i dont see the problem
22:37 FrenchToastRNG: ur not allowed t o xray?
22:37 FrenchToastRNG: I think?
22:37 VexPacks      : yes you can
22:37 VexPacks      : but i haven't been using
22:37 FrenchToastRNG: o shit
22:37 FrenchToastRNG: u can xray
22:37 Dare2BeStoopid: read the goddamn rules
22:37 VexPacks      : french
22:37 Dare2BeStoopid: but dont xray
22:38 VexPacks      : can we team
22:38 VexPacks      : plz
22:38 Dare2BeStoopid: bc its annoying
22:38 FrenchToastRNG: why?
22:38 VexPacks      : because i need someone to work with and play with
22:38 FrenchToastRNG: youve been asking for the last 5 hours for my elytras
22:38 FrenchToastRNG: vex is in call
22:39 FrenchToastRNG: change the rules fr
22:39 VexPacks      : and lol??
22:39 FrenchToastRNG: now watch out for the incoming gravel and lava
22:40 bobdabuilder674: hi
22:40 FrenchToastRNG : yes
22:40 FrenchToastRNG : minecraft is complicated
22:40 VexPacks       : does anyone wanna team im full diamond and have netherite
22:40 FrenchToastRNG : yes
22:40 bobdabuilder674: bet
22:40 FrenchToastRNG : I dont want to team
22:40 VexPacks       : so you do want to or what
22:41 bobdabuilder674: yes
22:41 VexPacks       : french??
22:41 FrenchToastRNG : nope
22:41 VexPacks       : ok
22:41 FrenchToastRNG : talk to me when u get a trident
22:41 VexPacks       : lol i have a trident
22:41 FrenchToastRNG : hmm
22:41 VexPacks       : there mad easy to get
22:41 FrenchToastRNG : show proof
22:41 VexPacks       : how
22:41 bobdabuilder674: i have trident and wannt team
22:41 FrenchToastRNG : finally
22:42 FrenchToastRNG : mangrove swamp
22:42 FrenchToastRNG : I alr voted
22:42 FrenchToastRNG : I checked replay mode for my hardcore world
22:42 FrenchToastRNG : about 400
22:42 VexPacks       : french tpa to me ill show proof
22:43 VexPacks       : of trident
22:43 FrenchToastRNG : sent tpa
22:43 VexPacks       : it says i dont have a pending request
22:43 bobdabuilder674: idk
22:43 VexPacks       : trya agsin
22:44 bobdabuilder674: don't work
22:44 FrenchToastRNG : YO WTF
22:44 FrenchToastRNG : blud tried to assasinate me
22:44 FrenchToastRNG : I tped to vex
22:44 FrenchToastRNG : bro had a trap
22:45 FrenchToastRNG : vex wya
22:45 VexPacks       : back at my base lol
22:45 FrenchToastRNG : Ill tp
22:45 VexPacks       : for what
22:45 VexPacks       : to kill me
22:45 FrenchToastRNG : trident
22:45 FrenchToastRNG : ;>
22:45 VexPacks       : bro i just tried killing you
22:45 VexPacks       : im not slow
22:45 FrenchToastRNG : ik
22:45 FrenchToastRNG : idc
22:46 VexPacks       : send it agsin
22:46 VexPacks       : ??
22:47 FrenchToastRNG : tyvm
22:47 Luke_R_2 placed suspicious WATER_BUCKET @ world: x-5745, z5585
22:48 FrenchToastRNG : ello
22:49 VexPacks       : hi
22:49 EPICGANER999   : bye
22:49 FrenchToastRNG : NICE REACH
22:49 FrenchToastRNG : vex is hacking lmao
22:49 VexPacks       : i dont have reach
22:49 FrenchToastRNG : BRO TURNED ON KILL AURA
22:50 FrenchToastRNG : mr vex
22:50 VexPacks       : ok
22:51 VexPacks       : ill stop
22:51 FrenchToastRNG : lmao
22:51 Dare2BeStoopid : ty
22:51 VexPacks       : just plz give me my stuff back
22:51 FrenchToastRNG : grind for it back
22:51 FrenchToastRNG : withotu xray this time
22:51 VexPacks       : buddy its allowed retard
22:51 FrenchToastRNG : cool
22:51 Dare2BeStoopid : its true!
22:51 FrenchToastRNG : ik
22:51 VexPacks       : thank you
22:51 Dare2BeStoopid : this?
22:52 VexPacks       : ?
22:52 Dare2BeStoopid : wait did u want ur stuff back
22:52 VexPacks       : yes plz
22:52 VexPacks       : i mean it owuld be nice
22:52 Dare2BeStoopid : wait where did u die
22:52 VexPacks       : he took it all
22:52 FrenchToastRNG : 2 iron 4 wood
22:52 Dare2BeStoopid : wat
22:53 VexPacks       : bro what
22:53 Dare2BeStoopid : idk where it was
22:53 FrenchToastRNG : I need to dupe them
22:53 FrenchToastRNG : I onlt have 1 more
22:53 FrenchToastRNG : 1 left*
22:53 VexPacks       : i had full diamond 21 ancient debris one ingot three templates one armor and othe were for anything
22:53 FrenchToastRNG : U DID NOT hAVE ANCIENT debri
22:53 VexPacks       : on my mothers life i did
22:53 FrenchToastRNG : I wouldve gotten it
22:54 VexPacks       : buddy i tried to kill you and you killed me ofc your gunna lie
22:55 FrenchToastRNG : 26 wool
22:55 VexPacks       : thnak you
22:55 FrenchToastRNG : good enough>
22:55 FrenchToastRNG : ?
22:55 VexPacks       : yes
22:55 FrenchToastRNG : 39 carpet
22:55 VexPacks       : idk where my debris went but its ight
22:55 VexPacks       : im finna just server hop who want all my stuff
22:55 Dare2BeStoopid : naurrrrrrrrrrrrrr
22:56 Dare2BeStoopid : atleast vote
22:56 VexPacks       : bye
22:56 Luke_R_2       : bye
22:56 EPICGANER999   : stay
22:56 EPICGANER999   : bud
22:56 EPICGANER999   : or else
22:56 VexPacks       : i will if i ever come back
22:57 Luke_R_2       : thx
22:57 VexPacks       : after all of that stuff lol
22:57 Luke_R_2       : sorry
22:57 Luke_R_2       : i need leather lol
22:57 VexPacks       : i have 2
22:57 VexPacks       : wanna see something cool before i leave
22:58 VexPacks       : dare2 be stoopid
22:58 VexPacks       : tp to me
22:58 VexPacks       : bye
22:58 FrenchToastRNG : hes not coming back, I found him on this discord server, where they server hop and start raiding and greifing people, their discord is called "The German Empire"
22:59 VexPacks       : no
22:59 VexPacks       : we dont raid
22:59 VexPacks       : just server hop
22:59 FrenchToastRNG : I have their discord
22:59 VexPacks       : bcuz all of these servers shit and boring
22:59 VexPacks       : where does it say we raid
22:59 FrenchToastRNG : cause ur cheating for everything
22:59 FrenchToastRNG : thats why its boring
22:59 Luke_R_2       : ur literally minecraft nazis
22:59 VexPacks       : this is my second time cheating
22:59 FrenchToastRNG : sure buddy
22:59 FrenchToastRNG : I can read in your discord
22:59 FrenchToastRNG : I aint blind
23:00 Luke_R_2       : might as well have an arm band and hitler stache
23:00 FrenchToastRNG : he aint coming back
23:00 Luke_R_2       : might as well throw up a sig heil
23:00 FrenchToastRNG : NOOO
23:00 FrenchToastRNG : THEY GONna BAN ME FROM THE "gErMaN EmPirE"
23:00 FrenchToastRNG : oh nah
23:00 FrenchToastRNG : they already found a new server to raid
23:00 FrenchToastRNG : called playbankzero
23:01 FrenchToastRNG : hmmm
23:02 Logosnail      : apparently my discord is crapping its pants
23:02 FrenchToastRNG : to repair them
23:02 FrenchToastRNG : u dont need them yet
23:02 FrenchToastRNG : combine on anvil
23:03 FrenchToastRNG : yes
23:03 FrenchToastRNG : hmmm
23:03 FrenchToastRNG : oh nah
23:03 FrenchToastRNG : not xqc
23:04 EPICGANER999   : cancel
23:05 FrenchToastRNG : gimme my shulker back
23:06 FrenchToastRNG : u can only combine netherite armor with netherite armor
23:06 FrenchToastRNG : use the helm I gave
23:06 FrenchToastRNG : the helms good
23:06 FrenchToastRNG : EPICGANER999 look at this
23:06 FrenchToastRNG : these are the enchants you want
23:07 FrenchToastRNG : check ur inv
23:07 FrenchToastRNG : sure
23:07 FrenchToastRNG : yep
23:08 FrenchToastRNG : 4 gold
23:08 FrenchToastRNG : 4 scrap
23:08 FrenchToastRNG : 4 gold
23:08 FrenchToastRNG : 4 scrap
23:08 FrenchToastRNG : look in
23:08 FrenchToastRNG : take gold
23:08 FrenchToastRNG : bastions
23:08 FrenchToastRNG : take THE GOLD
23:09 FrenchToastRNG : ye
23:10 FrenchToastRNG : or trident
23:10 FrenchToastRNG : WAIT
23:10 FrenchToastRNG : ITS RAINING
23:11 FrenchToastRNG : TIME TO SPAM TRIDENT
23:11 FrenchToastRNG : screw you mountain
23:11 FrenchToastRNG : LMAO
23:12 FrenchToastRNG : afk
23:12 FrenchToastRNG : A
23:13 FrenchToastRNG : now I want a rocket launcher
23:13 FrenchToastRNG : imma make rocket launcher
23:14 FrenchToastRNG : I have shears
23:14 FrenchToastRNG : ur supposed to make it in the middle of the void
23:14 FrenchToastRNG : with 0 end islands
23:15 FrenchToastRNG : 2-3
23:16 FrenchToastRNG : shear a chicken 
23:17 FrenchToastRNG : 300 black men for only 2 pounds?
23:18 FrenchToastRNG : clash royale reference
23:18 FrenchToastRNG : 2 end cities
23:18 FrenchToastRNG : next to each other
23:19 FrenchToastRNG : sheep in a bucket?
23:19 FrenchToastRNG : this isnt terraria
23:19 FrenchToastRNG : yes
23:19 FrenchToastRNG : u can put a wither in a box
23:20 FrenchToastRNG : AYO
23:20 EPICGANER999   : oxx want free loot
23:20 Luke_R_2       : hi
23:20 FrenchToastRNG : RARE USERNAME
23:20 FrenchToastRNG : how much for it
23:20 FrenchToastRNG : 200 bucks?
23:20 Dare2BeStoopid : rare
23:22 FrenchToastRNG : black death
23:22 FrenchToastRNG : u can keep echest
23:22 FrenchToastRNG : jk rowling got canceled
23:23 FrenchToastRNG : ello
23:23 FrenchToastRNG : FINALLY
23:23 FrenchToastRNG : SPIRE
23:23 FrenchToastRNG : TRIM!!!!!!
23:24 FrenchToastRNG : most things are funny
23:24 FrenchToastRNG : because ots bad
23:24 FrenchToastRNG : yo lemem test smt
23:26 Oxx            : where are the admins
23:26 FrenchToastRNG : owner is here tho
23:26 FrenchToastRNG : Dare2BeStoopid
23:26 Oxx            : alr
23:26 FrenchToastRNG : accept
23:26 FrenchToastRNG : now
23:27 Oxx            : accept what
23:27 FrenchToastRNG : tae this
23:27 FrenchToastRNG : check ur inv EPICGANER999
23:28 FrenchToastRNG : watching twitter videos, means your watching xvideos
23:28 FrenchToastRNG : they renamed twitter to x
23:29 FrenchToastRNG : is he the smartest moron or the most moron genius
23:30 Dare2BeStoopid : https://www.xvideos.com/
23:30 FrenchToastRNG : oh hell nah
23:30 FrenchToastRNG : nah
23:30 FrenchToastRNG : hes gonna watch it in secret
23:31 FrenchToastRNG : bro
23:31 FrenchToastRNG : JUST USE CHUNKBASE
23:32 FrenchToastRNG : TO FIND
23:32 FrenchToastRNG : BASTIONS
23:32 FrenchToastRNG : please
23:33 FrenchToastRNG : wait
23:33 FrenchToastRNG : what if I give EPICGANER999 a curse of binding carved pumpkin
23:33 FrenchToastRNG : since he doesnt knwo what it does
23:34 FrenchToastRNG : I have been on minecraft for the last 8 hours
23:34 FrenchToastRNG : BRO DOWNLOADED A VIRUS
23:35 FrenchToastRNG : sir, your computor has corona virus
23:35 0_dyle         : jis computer has STD's
23:35 FrenchToastRNG : sir, your computor has corona virus, pay me 200 dollars now for me to cure it
23:35 AquaLogic      : ok
23:37 Dare2BeStoopid : helo
23:37 Oxx            : hi
23:37 Dare2BeStoopid : hehe
23:37 Dare2BeStoopid : oh you have 1
23:37 Dare2BeStoopid : oops
23:37 0_dyle         : where is everyone
23:37 Oxx            : its another one
23:37 Dare2BeStoopid : we r all playing lego without 2
23:38 Dare2BeStoopid : u
23:39 Oxx            : help
23:39 0_dyle         : mo
23:39 Luke_R_2       : yo
23:39 Luke_R_2       : oi
23:39 TempLq         : hello
23:39 TempLq         : y is there a rainbowa
23:39 0_dyle         : gay
23:40 TempLq         : is this server for gay people
23:40 TempLq         : ?
23:40 0_dyle         : im not gay
23:40 TempLq         : if so then im out
23:40 Dare2BeStoopid : im not gay
23:40 TempLq         : thats good
23:40 Oxx            : hey
23:40 Dare2BeStoopid : chat off the yippers
23:40 AquaLogic      : ambatakum
23:40 0_dyle         : jews bad
23:41 Oxx            : daretobestoopid
23:41 TempLq         : what server hosting is the owner using
23:41 AquaLogic      : ich fick diene mutter und ich fick diene vater du bist ein klein scheisse
23:41 Dare2BeStoopid : ya
23:41 Oxx            : im logging cuz i gotta sleep
23:41 Dare2BeStoopid : oh
23:41 TempLq         : gn
23:41 0_dyle         : i hope your pillow is warm
23:42 TempLq         : oh mu
23:42 AquaLogic      : nother level of villiany bro
23:42 Oxx            : :therock:
23:42 Oxx            : bro what
23:42 Oxx            : wdym by that
23:42 0_dyle         : kys = keep yourself safe :)
23:43 Oxx            : :therockface:
23:43 TempLq         : lifesteal my ass
23:43 Oxx            : yo bro im 10
23:43 AquaLogic      : this might just be minecraft
23:44 AquaLogic      : L
23:44 0_dyle         : can i bunk with anyone? im lost and alone
23:46 0_dyle         : like.. is...... roblox
23:46 0_dyle         : life*
23:47 0_dyle         : wtf, why am i in dept
23:49 FrenchToastRNG : im back
23:49 FrenchToastRNG : wat happened
23:49 0_dyle         : hitler is innocent
23:49 FrenchToastRNG : ayo what
23:50 FrenchToastRNG : I am a duck
23:50 FrenchToastRNG : yo give me nitro
23:50 FrenchToastRNG : NOW
23:51 FrenchToastRNG : THAT EARRAPE
23:51 0_dyle         : i can do louder one
23:51 FrenchToastRNG : no
23:51 0_dyle         : .....
23:51 FrenchToastRNG : gimme nitro tho
23:51 0_dyle         : im gonna do it
23:52 FrenchToastRNG : MY EARS
23:52 FrenchToastRNG : help
23:52 0_dyle         : whoosd
23:53 0_dyle         : i keep a ruler under my pillow to know how long i've slept
23:53 0_dyle         : humans
23:53 FrenchToastRNG : 10001011110000011000100100100000
23:53 0_dyle         : &#$%)#@&%$)
23:54 0_dyle         : knock knocl
23:54 FrenchToastRNG : LETS GO
23:54 FrenchToastRNG : ANOTHER ELYTRA
23:54 0_dyle         : knock knock
23:54 FrenchToastRNG : sure
23:54 FrenchToastRNG : I got stacks
23:54 Luke_R_2       : lapis lpls
23:55 Luke_R_2       : lapis pls
23:55 Luke_R_2       : nvm
23:55 FrenchToastRNG : what is this vc
23:55 0_dyle         : uhuh
23:55 0_dyle         : me tyoo
23:56 0_dyle         : fortnite is life
23:56 FrenchToastRNG : life is roblox
23:56 0_dyle         : i have around 56
23:56 0_dyle         : i have a shepard
23:56 FrenchToastRNG : help
23:56 FrenchToastRNG : accept please
23:56 FrenchToastRNG : im dying
23:57 0_dyle         : 2 + 2 =636
23:57 FrenchToastRNG : HELP
23:57 FrenchToastRNG : ACCEPT
23:57 0_dyle         : squashed
23:57 Luke_R_2       : tp to me
23:57 FrenchToastRNG : EPICGANER999
23:57 FrenchToastRNG : I need 3 lvls
23:58 0_dyle         : i need a friend
23:58 Luke_R_2 placed suspicious WATER_BUCKET @ world: x-1823, z-1711
23:58 Luke_R_2 placed suspicious WATER_BUCKET @ world: x-1823, z-1710
23:58 Luke_R_2 placed suspicious WATER_BUCKET @ world: x-1820, z-1711
