23:58 FrenchToastRNG : my friend tested
23:58 FrenchToastRNG : saying the n word in minecraft chat
23:58 FrenchToastRNG : gets you banned for 11 days off of microsoft
23:59 FrenchToastRNG : cbt!
00:00 FrenchToastRNG : EPICGANER999
00:00 FrenchToastRNG : combine these 2 helmets
00:00 FrenchToastRNG : or 3
00:00 FrenchToastRNG : then u have god helmet
00:01 EPICGANER999   : ttyyyy
00:01 FrenchToastRNG : dunking donuts
00:02 FrenchToastRNG : wats ur favorite tax?
00:02 0_dyle         : fuck
00:02 FrenchToastRNG : so your favorite tax is fuck?
00:02 0_dyle         : NI@@er
00:02 FrenchToastRNG : oh
00:02 FrenchToastRNG : huh
00:03 Dare2BeStoopid : oh
00:03 Dare2BeStoopid : first warnin
00:03 FrenchToastRNG : L
00:03 FrenchToastRNG : he couldve said hot nigerian men
00:04 FrenchToastRNG : bro
00:04 FrenchToastRNG : doin /back removes 150$
00:04 FrenchToastRNG : EPICGANER999 dont check console rn
00:04 AquaLogic      : KKK
00:05 FrenchToastRNG : IM 7K IN DEBT!
00:05 FrenchToastRNG : NOOOOOOOOOOO
00:05 FrenchToastRNG : it says
00:05 FrenchToastRNG : error: You do not have sufficient funds
00:06 FrenchToastRNG : I went so back in debt
00:06 FrenchToastRNG : im -10k
00:06 Luke_R_2       : ./shitballspoopyfacebutthole
00:06 FrenchToastRNG : NO WAY/bellyflop
00:06 FrenchToastRNG : BRO
00:06 FrenchToastRNG : I CANT TPA
00:06 FrenchToastRNG : cause it says I dont have enough money
00:07 FrenchToastRNG : EPICGANER999
00:07 EPICGANER999   : yo
00:07 EPICGANER999   : yo wassup
00:08 FrenchToastRNG : YO
00:08 EPICGANER999   : wtf
00:08 FrenchToastRNG : LOOK AT ME
00:08 FrenchToastRNG : tp to me
00:09 FrenchToastRNG : DO /gsit:
00:09 FrenchToastRNG : it shows u all emotes
00:09 FrenchToastRNG : NOO
00:09 FrenchToastRNG : IM DEAD
00:09 FrenchToastRNG : tp to me
00:09 FrenchToastRNG : I died
00:09 FrenchToastRNG : I tripped
00:10 FrenchToastRNG : sold my gold blocks for 7.2k
00:10 FrenchToastRNG : still in debt
00:10 FrenchToastRNG : accept
00:10 FrenchToastRNG : before I lost more money
00:11 FrenchToastRNG : OH NAH
00:11 FrenchToastRNG : im chilling
00:11 FrenchToastRNG : im slepping
00:12 FrenchToastRNG : its called end city
00:12 FrenchToastRNG : nope
00:12 FrenchToastRNG : I just get the armor
00:12 FrenchToastRNG : armor with random enchants
00:12 FrenchToastRNG : in end cities
00:13 AquaLogic      : minecraft sex update
00:13 FrenchToastRNG : fuck off
00:13 FrenchToastRNG : LOOK
00:13 FrenchToastRNG : obsidion helmet
00:14 AquaLogic      : emerald armor in minecraft
00:15 FrenchToastRNG : I have a home at end city
00:15 AquaLogic      : cap
00:15 FrenchToastRNG : I do
00:15 AquaLogic      : nuh uh
00:15 FrenchToastRNG : Ive been to ancient city
00:15 FrenchToastRNG : and got trim
00:15 FrenchToastRNG : u dont
00:16 FrenchToastRNG : but u can dupe them
00:17 FrenchToastRNG : smelt it
00:17 FrenchToastRNG : smelting it gives xp
00:17 FrenchToastRNG : bro just mine quartz
00:18 FrenchToastRNG : sheep regrew their wool
00:18 FrenchToastRNG : that sucks
00:18 Luke_R_2 placed suspicious WATER_BUCKET @ world: x-5744, z5584
00:19 FrenchToastRNG : 39 carpet
00:21 Luke_R_2       : i need a nametag for the farm
00:21 Luke_R_2       : anyone have one
00:21 AquaLogic      : I dont
00:21 FrenchToastRNG : dont have
00:22 FrenchToastRNG : hes dead
00:22 AquaLogic      : blowjob
00:22 FrenchToastRNG : chill out
00:22 FrenchToastRNG : just sleep
00:23 FrenchToastRNG : was
00:23 FrenchToastRNG : then sold all my gold
00:24 FrenchToastRNG : im bored
00:24 FrenchToastRNG : imma tp to people
00:24 Luke_R_2       : david wassup
00:24 Qwerty13570    : hi luke
00:24 Qwerty13570    : omg
00:24 Luke_R_2       : hey bro
00:24 Qwerty13570    : do any of you have food :)
00:25 Luke_R_2       : here
00:25 FrenchToastRNG : no
00:25 Qwerty13570    : thank you
00:25 FrenchToastRNG : what is this bible shit
00:26 FrenchToastRNG : OMG
00:26 FrenchToastRNG : TP TO ME
00:27 FrenchToastRNG : GOD APPLE
00:27 FrenchToastRNG : but no nametag
00:27 FrenchToastRNG : its notch apple
00:27 FrenchToastRNG : I have 2 notch apples now
00:28 Qwerty13570    : im lost
00:28 Qwerty13570    : are any of you not in a cave
00:28 Qwerty13570    : this is the reason i hate mining
00:28 AquaLogic      : Quirky
00:28 FrenchToastRNG : lemme search for one in the end
00:29 Luke_R_2       : I NEED A NAMETAG
00:29 FrenchToastRNG : I have 49 books
00:29 FrenchToastRNG : accept tp
00:29 FrenchToastRNG : 50 actually
00:30 FrenchToastRNG : PENGUIN
00:30 ThatOnePenguin_2: ye
00:30 FrenchToastRNG  : u missed a lot
00:30 ThatOnePenguin_2: Did I?
00:30 ThatOnePenguin_2: bruh
00:30 ThatOnePenguin_2: did you Xray?
00:30 FrenchToastRNG  : nope
00:30 ThatOnePenguin_2: Bastion?
00:30 FrenchToastRNG  : yep
00:31 ThatOnePenguin_2: bruh
00:31 FrenchToastRNG  : take this
00:31 Qwerty13570     : omg
00:31 Qwerty13570     : im not in the ground anymore !
00:31 FrenchToastRNG  : place it
00:31 ThatOnePenguin_2: I dont have a silk touch
00:31 Qwerty13570     : thank you !!
00:31 ThatOnePenguin_2: no problem
00:31 FrenchToastRNG  : look in here
00:31 ThatOnePenguin_2: feel free to build here if you want too
00:31 FrenchToastRNG  : Ive gotten 7 so far
00:31 ThatOnePenguin_2: jesus
00:31 FrenchToastRNG  : take one
00:31 FrenchToastRNG  : I gave a lot away
00:32 FrenchToastRNG  : no
00:32 FrenchToastRNG  : Im giving him the stuff
00:32 FrenchToastRNG  : not spawning things in
00:32 ThatOnePenguin_2: yea its legit there are some that are broken
00:32 FrenchToastRNG  : use these armor pieces
00:33 FrenchToastRNG  : Qwerty13570 taje this
00:33 FrenchToastRNG  : Qwerty13570 come here
00:33 Qwerty13570     : thank you
00:33 Qwerty13570     : where'd you get this
00:33 ThatOnePenguin_2: What is the nether portal doing up there?
00:33 FrenchToastRNG  : I grinded
00:33 Qwerty13570     : oh
00:34 ThatOnePenguin_2: oh wait thats not a portal
00:34 Qwerty13570     : lemme get a village
00:34 ThatOnePenguin_2: thats just a staircase
00:34 FrenchToastRNG  : enchant the bow before adding infinity
00:34 FrenchToastRNG  : cause u cant enchant enchanted items
00:34 ThatOnePenguin_2: okay people
00:34 ThatOnePenguin_2: its wall building time
00:35 Qwerty13570     : can i use a diamond pick to mine a bel
00:35 Qwerty13570     : iron*
00:35 ThatOnePenguin_2: hey wait
00:35 Luke_R_2        : david if u need idamonds or netherite tp to me
00:35 Qwerty13570     : i don't
00:35 Luke_R_2        : kk
00:35 ThatOnePenguin_2: I got an axolotl bucket earlier with a blue one
00:35 Luke_R_2        : rare
00:35 ThatOnePenguin_2: and you have a blue one
00:35 FrenchToastRNG  : idk
00:35 FrenchToastRNG  : I found it
00:36 Logosnail       : light blue or dark blue?
00:36 ThatOnePenguin_2: light
00:36 FrenchToastRNG  : thats light blue
00:36 FrenchToastRNG  : not rare
00:36 Logosnail       : yeah, the dark blue one is the rare one
00:36 Luke_R_2        : oh
00:36 Qwerty13570     : do any of you have a bell
00:36 Luke_R_2        : yeah
00:36 Qwerty13570     : or blaze rod
00:36 Luke_R_2        : bell
00:36 FrenchToastRNG  : im bored
00:36 FrenchToastRNG  : imma tp to rando mpeople
00:36 Qwerty13570     : LOL
00:36 ThatOnePenguin_2: FrenchToast start building a medival style house
00:37 ThatOnePenguin_2: or do whatever
00:37 ThatOnePenguin_2: no im just mining trees close by
00:37 FrenchToastRNG  : what type of cool shit
00:37 Qwerty13570     : do any of you know where a nether fortress is
00:37 ThatOnePenguin_2: build whatver idrc just do so inside the island area
00:38 FrenchToastRNG  : oh shit
00:38 FrenchToastRNG  : I dont have
00:38 ThatOnePenguin_2: wait we have emotes now?
00:38 FrenchToastRNG  : yes
00:38 Luke_R_2        : yeah
00:39 FrenchToastRNG  : shut
00:39 FrenchToastRNG  : alr
00:39 ThatOnePenguin_2: whats the command
00:39 FrenchToastRNG  : who wants warp to end city
00:39 FrenchToastRNG  : tpa to me for end ship
00:39 FrenchToastRNG  : noo
00:39 FrenchToastRNG  : dont get off
00:40 AquaLogic       : toast x epic
00:40 ThatOnePenguin_2: holy server is poppin still
00:40 FrenchToastRNG  : yes
00:40 ThatOnePenguin_2: Anyone wanna build with the rest of us?
00:40 FrenchToastRNG  : LMAOo
00:40 ThatOnePenguin_2: That I havent talked to yet
00:40 FrenchToastRNG  : ik why
00:40 FrenchToastRNG  : use my etable
00:40 FrenchToastRNG  : it has more bookshelves
00:40 FrenchToastRNG  : EPICGANER999
00:41 FrenchToastRNG  : try my etable
00:41 FrenchToastRNG  : EPICGANER999
00:41 FrenchToastRNG  : try my etable
00:41 FrenchToastRNG  : EPICGANER999
00:41 Qwerty13570     : tell me when it becomes daytime
00:41 Qwerty13570     : im boxing myself in ;-;
00:41 FrenchToastRNG  : EPICGANER999
00:41 FrenchToastRNG  : tp to me
00:41 FrenchToastRNG  : now
00:41 FrenchToastRNG  : EPICGANER999
00:41 FrenchToastRNG  : tp to me
00:41 ThatOnePenguin_2: so demanding
00:41 FrenchToastRNG  : now
00:41 ThatOnePenguin_2: calm down
00:42 FrenchToastRNG  : EPICGANER TP TO ME
00:42 FrenchToastRNG  : use mine
00:42 FrenchToastRNG  : mine has better luck
00:42 FrenchToastRNG  : fr
00:42 FrenchToastRNG  : oh hell nah
00:42 FrenchToastRNG  : try again
00:42 FrenchToastRNG  : gfet more
00:43 FrenchToastRNG  : why not the right nut
00:43 ThatOnePenguin_2: someone should make a good looking mine entrance
00:43 Luke_R_2        : enderman farm is being started now
00:43 FrenchToastRNG  :  placed a sign @ world: x-1540, z-2966
  w     
00:43 ThatOnePenguin_2: somewhere on the outter rim of the space
00:43 FrenchToastRNG  : bro
00:43 FrenchToastRNG  : the moment he gets it
00:44 FrenchToastRNG  : enderman farm starts
00:44 ThatOnePenguin_2: brb
00:45 FrenchToastRNG  : debri
00:45 FrenchToastRNG  : ez
00:45 FrenchToastRNG  : who wants
00:45 FrenchToastRNG  : come here
00:45 FrenchToastRNG  : come here for debri
00:45 FrenchToastRNG  : and quartz
00:45 FrenchToastRNG  : afk
00:55 ThatOnePenguin_2: damn I leave and comeback and half the people are gone
00:56 ThatOnePenguin_2: Qwerty13570
00:56 ThatOnePenguin_2: its day
00:56 Qwerty13570     : hello
00:56 Qwerty13570     : im back
00:56 ThatOnePenguin_2: welcome
00:56 Logosnail       : well its about to be night again
00:56 ThatOnePenguin_2: no
00:56 ThatOnePenguin_2: I think you got the sun wrong
00:56 Logosnail       : just casaully move the sun
00:57 ThatOnePenguin_2: no
00:57 ThatOnePenguin_2: why berry farm?
00:57 Logosnail       : I was watching the sunset my dude
00:57 ThatOnePenguin_2: sunrise you mean
00:57 Logosnail       : nah, that sun vanished
00:57 ThatOnePenguin_2: lies
00:59 Luke_R_2 placed suspicious WATER_BUCKET @ world: x-5745, z5585
01:00 Qwerty13570     : i want a village
01:02 FrenchToastRNG  : yall still alive?
01:02 Qwerty13570     : yes
01:02 ThatOnePenguin_2: ye
01:02 Qwerty13570     : i have bad omen
01:02 FrenchToastRNG  : I can stronghold home
01:02 Luke_R_2        : yeah
01:02 FrenchToastRNG  : who wanted stronghold
01:02 FrenchToastRNG  : :/
01:03 FrenchToastRNG  : we iddnt
01:05 FrenchToastRNG  : vc is dead
01:05 Qwerty13570     : yea
01:05 ThatOnePenguin_2: yea
01:05 FrenchToastRNG  : man gage left
01:05 ThatOnePenguin_2: gage?
01:05 FrenchToastRNG  : dw about it
01:07 FrenchToastRNG  : im tired of this bullshit
01:07 FrenchToastRNG  : im xraying for this dumbass nametag
01:07 Luke_R_2        : yeah ive been too
01:08 Luke_R_2        : this nametags killing me
01:08 FrenchToastRNG  : NAMETAG
01:08 FrenchToastRNG  : come back to portal
01:08 Luke_R_2        : O WAY
01:08 Luke_R_2        : thanks
01:09 FrenchToastRNG  : where the hell did you go
01:09 Luke_R_2        : down here
01:11 Luke_R_2        : 42 150
01:12 Luke_R_2        : do u have the pearls
01:13 FrenchToastRNG  : yes
01:13 FrenchToastRNG  : anyone have paper
01:14 ThatOnePenguin_2: guys please sleep
01:14 Luke_R_2        : in the end
01:14 FrenchToastRNG  : FFF
01:14 Luke_R_2        : FUCKIINGJIUFJIDKL\
01:14 Luke_R_2        : KDF OIPMSJL:K"{
01:14 Logosnail       : D:
01:14 FrenchToastRNG  : there goes nametag
01:14 Qwerty13570     : i don't have a bed
01:14 Luke_R_2        : i just got fucked over by my mouse
01:14 Luke_R_2        : L
01:14 FrenchToastRNG  : rip elytra and nametag
01:15 Luke_R_2        : i have anoyher elytara
01:15 FrenchToastRNG  : nametag tho
01:15 FrenchToastRNG  : and carpet
01:15 Luke_R_2        : gotta get anotehr now
01:15 FrenchToastRNG  : and blocks
01:15 Luke_R_2        : i have carpet
01:15 Luke_R_2        : and blocks
01:15 FrenchToastRNG  : armor
01:15 Luke_R_2        : the shulekrs ther with most bloks
01:15 ThatOnePenguin_2: sir
01:15 Luke_R_2        : yeah
01:15 Luke_R_2        : oh i didnmt ewven have my enchanted leggings on
01:15 Qwerty13570     : luke
01:15 Luke_R_2        : yes'
01:16 FrenchToastRNG  : EZ
01:16 Qwerty13570     : which villagers do you have
01:16 FrenchToastRNG  : 2 nametags
01:16 Luke_R_2        : none yet
01:16 Qwerty13570     : aw man
01:16 Qwerty13570     : can i get some
01:16 Luke_R_2        : i hvve 2 i need to breed
01:16 Qwerty13570     : okay
01:16 Qwerty13570     : i need a lectern
01:16 Qwerty13570     : so i need some books
01:17 Luke_R_2        : tp to me
01:17 Luke_R_2        : french
01:17 Luke_R_2        : actually nvbm
01:17 FrenchToastRNG  : ?
01:17 Luke_R_2        : wait come here
01:17 Luke_R_2        : help for a sec
01:17 FrenchToastRNG  : alr
01:18 Luke_R_2        : can u reapir
01:18 Luke_R_2        : pls\
01:18 Luke_R_2        : apprecuiate u
01:18 Luke_R_2        : thanks
01:19 Luke_R_2        : can u get like 5 more stacks of spruce leaves pls
01:19 FrenchToastRNG  : alr
01:19 Luke_R_2        : appreciate u
01:21 Qwerty13570     : can i steal a bookshelf
01:21 Qwerty13570     : or no
01:21 Luke_R_2        : and i need that nametag at somepoint
01:21 Qwerty13570     : ThatOnePenguin_2?
01:21 Luke_R_2        : thanks bro
01:22 Luke_R_2        : u the goat
01:22 FrenchToastRNG  : gtg
01:22 Luke_R_2        : gn
01:22 Luke_R_2        : oh
01:22 Qwerty13570     : oh aw man
01:22 Qwerty13570     : i can't steal french's bookshelf
01:22 Qwerty13570     : oh well
01:23 Qwerty13570     : imma go now too
01:23 Luke_R_2        : night
01:23 Qwerty13570     : gn
01:29 ThatOnePenguin_2: So
01:29 ThatOnePenguin_2: Gentlemen
01:29 Luke_R_2        : hello
01:29 ThatOnePenguin_2: burning the midnight oil are we?
01:29 Luke_R_2        : what the hell does that mean lmao
01:29 ThatOnePenguin_2: i need spruce wood
01:32 Luke_R_2        : hello
01:32 ThatOnePenguin_2: Wecoome!
01:34 Luke_R_2        : does anyone have enderpearls i can hav eplease
01:34 ThatOnePenguin_2: oh he returns
01:38 ThatOnePenguin_2: ValuableGold571
01:38 ThatOnePenguin_2: you wanna get a TP to where everyone is gonna build?
01:38 Luke_R_2        : wait where is everyone gonna build
01:39 ThatOnePenguin_2: We've got quite the plot of land here
01:39 ThatOnePenguin_2: tpa me
01:39 ThatOnePenguin_2: youll see
01:39 ThatOnePenguin_2: welcome
01:39 Luke_R_2        : thabnks
01:39 Luke_R_2        : im going to finish enderman farm
01:39 Luke_R_2        : be back later
01:39 ThatOnePenguin_2: alright
01:39 ThatOnePenguin_2: did you set a home
01:40 ThatOnePenguin_2: aight
01:40 ThatOnePenguin_2: ima head out
01:40 Luke_R_2        : night
01:40 ThatOnePenguin_2: I'll start buildin tomorrow
01:41 ThatOnePenguin_2: Walls first then prolly a house or somethin
01:53 Luke_R_2        : anyone have pearls
01:53 Luke_R_2        : please
01:53 Luke_R_2        : damn
01:53 Luke_R_2        : anyone have loioting that can kill these enderman for me pls
01:53 Luke_R_2        : im doing the e farm
01:54 Logosnail       : I have neither excess pearls nor a looting sword
01:54 Luke_R_2        : ugh
01:55 Luke_R_2        : how bout a few gunpowder
01:56 Logosnail       : nah, I'm saving up my gunpowder
01:56 Luke_R_2        : i need like 3
01:56 Luke_R_2        : genuinelyy
01:56 Luke_R_2        : 2 will do
01:56 Luke_R_2        : pls
01:56 Luke_R_2        : 1 even
01:57 Logosnail       : sure, I have 3 spare
01:57 Luke_R_2        : thanks
01:57 Luke_R_2        : appreciate u
01:59 Logosnail       : what a death
02:04 Luke_R_2        : YES
02:04 Logosnail       : hmm?
02:04 Luke_R_2        : ITS DONE
02:04 Logosnail       : nice
02:14 Luke_R_2        :  placed a sign @ world_the_end: x42, z240
  WELCOME TO
  LUKE_R_2'S 
  ENDERMAN XP
  FARM
02:15 Luke_R_2        :  placed a sign @ world_the_end: x41, z240
  PLEASE DO NOT
  DESTROY OR
  FIGHT ANYONE
  OR ANYTHING
02:15 Luke_R_2        :  placed a sign @ world_the_end: x41, z240
  PLEASE DO
02:15 Luke_R_2        :  placed a sign @ world_the_end: x42, z240
  WELCOME TO
  LUKES COMMUNITY
  ENDERMAN XP
  FARM
02:17 Luke_R_2        :  placed a sign @ world_the_end: x41, z240
  PLEASE DO NOT
  FIGHT, STEAL OR
  GRIEF ANYONE OR
  BREAK ANYTHING
02:17 Luke_R_2        :  placed a sign @ world_the_end: x43, z240
  THANK YOU AND
  FEEL FREE TO USE
  AS MUCH AS YOU
  ALL NEED!!!! :D
02:17 Luke_R_2        :  placed a sign @ world_the_end: x43, z240
  THANK YOU AND
  FEEL FREE TO USE
  AS MUCH AS YOU
  ALL NEED!!!!!!!! :D
02:40 Luke_R_2        : u got any lapis
02:40 Luke_R_2        : i need to stock community farm
02:40 Logosnail       : lapis? not a whole lot
02:40 Luke_R_2        : a little
02:40 Logosnail       : I have 27
02:41 Luke_R_2        : oh okay nvm
02:41 Luke_R_2        : if u want to sety a home here u can tp to me
02:41 Logosnail       : its in the end, right
02:41 Luke_R_2        : yeah
02:43 Luke_R_2        : ill bne back soon
02:58 Luke_R_2        : can u sleep pls
02:58 Luke_R_2        : nvm
02:58 Logosnail       : in the nether
02:58 Luke_R_2        : yeah figured thanks
03:05 Luke_R_2        : PLS
03:05 Luke_R_2        : i need sugarcane'
03:05 Luke_R_2        : rn quick
03:05 Logosnail       : I am still in the nether
03:05 Luke_R_2        : shit
03:06 Luke_R_2        : can u go base and then back pls
03:06 Luke_R_2        : real qyuck
03:06 Luke_R_2        : thqanks
03:07 Luke_R_2        : mending vil secured
03:56 mielosiker      : good afternoon everyone!
04:10 mielosiker      : help me!
10:22 modern_e        : hi
10:22 mielosiker      : hello modern_e
10:22 modern_e        : can you sleep?
10:22 mielosiker      : i don't have a bed
10:22 modern_e        : ok
10:23 mielosiker      : cuz never saw a sheep in the server
10:23 mielosiker      : i am literlly above the ocean monument and i didn't notice it
10:23 modern_e        : i can make you a bed i found sheeps
10:24 modern_e        : oh your lucky
10:24 mielosiker      : can you tpa me?
10:24 modern_e        : wait do i tpa to you
10:25 mielosiker      : not tp to me
10:25 mielosiker      : let me do it
10:25 modern_e        : k
10:26 modern_e        : how do you sell stuff
10:26 mielosiker      : do ./sellhand
10:27 modern_e        : it says i dont want it
10:27 mielosiker      : but if inventroy /sellinventore
10:27 mielosiker      : can you come with me
10:27 modern_e        : sure
10:29 mielosiker      : i always needs to grow up crops
10:29 modern_e        : k
10:30 modern_e        : wait how tf is the land so flat here
10:31 mielosiker      : the admin of the server created this land
10:31 modern_e        : ka
10:31 modern_e        : k
10:31 modern_e        : so what do we do
10:32 mielosiker      : u can also live here if you want
10:32 mielosiker      : in nether?
10:32 modern_e        : alr
10:32 modern_e        : i dont have enough gear to go in nether
10:32 modern_e        : alr
10:33 mielosiker      : i have gold for trade also :)
10:33 modern_e        : there
10:34 mielosiker      : wait let me increase my render distance
10:35 mielosiker      : do have picaxe?
10:35 modern_e        : yea
10:36 mielosiker      : gib me once
10:36 modern_e        : balck stone
10:37 mielosiker      : did we got something good?
10:37 modern_e        : no
10:38 modern_e        : i got blackstoen and gravel
10:38 modern_e        : my pikaxe please
10:38 modern_e        : ty
10:39 modern_e        : im gonna go grind for gear
10:39 mielosiker      : w
10:40 mielosiker      : where are you bro
10:40 modern_e        : getting wood
10:41 mielosiker      : can u tp me?
10:41 modern_e        : im behind your base
10:41 mielosiker      : ok
10:41 mielosiker      : hey i think we can in here to get rescores
10:42 mielosiker      : like iron gold and diamonds'
10:42 modern_e        : just look for a cave
10:42 mielosiker      : it's right here
10:42 modern_e        : were
10:43 mielosiker      : tp
10:44 mielosiker      : hello epic
10:45 mielosiker      : just a sec
10:51 modern_e        : i need food
10:52 modern_e        : ty
10:52 modern_e        : wear your armour
10:53 mielosiker      : got despawn
10:53 modern_e        : bruh
10:54 mielosiker      : help me a witch
10:54 modern_e        : k
10:54 modern_e        : im bout to die so i can help
10:57 mielosiker      : sleep
10:58 mielosiker      : can u give my lapis
10:58 EPICGANER999    : hello
10:58 EPICGANER999    : anyone on
10:58 modern_e        : hi
10:58 EPICGANER999    : wanna join the vc
10:59 modern_e        : can
10:59 EPICGANER999    : in discord
10:59 modern_e        : cant#
10:59 EPICGANER999    : ?
10:59 mielosiker      : i can
10:59 EPICGANER999    : ok join
10:59 EPICGANER999    : mielo join
10:59 EPICGANER999    : vc
11:00 mielosiker      : give something
11:00 EPICGANER999    : for what
11:00 mielosiker      : to join
11:00 EPICGANER999    : bruh
11:00 EPICGANER999    : ok join vc
11:01 EPICGANER999    : mielooooo
11:01 mielosiker      : any link or something u stoopid
11:01 modern_e        : for discord?
11:01 EPICGANER999    : your not in it
11:01 EPICGANER999    : just tell me your discord
11:02 EPICGANER999    : ill add you
11:03 EPICGANER999    : i can inv you to the server if you send me your discord so i can add you
11:04 EPICGANER999    : so whats your discord
11:04 modern_e        : i think he went afk
11:04 EPICGANER999    : whats yours
11:04 modern_e        : im already in the server
11:04 EPICGANER999    : join vc
11:05 modern_e        : i cant i dont have my headphones
11:05 EPICGANER999    : bruh
11:05 EPICGANER999    : can you hear mew
11:05 EPICGANER999    : if i talked could you hear me
11:05 EPICGANER999    : you could just type in chat
11:05 modern_e        : no my pc speakers are buseted
11:05 EPICGANER999    : bro
11:05 EPICGANER999    : that sucks
11:05 EPICGANER999    : how progressed are you
11:06 modern_e        : uh i got 1 piece of diamond gear and enchanted dismond pick with effiency 3 with unbr 2
11:06 EPICGANER999    : accept that
11:06 modern_e        : 1 sec
11:07 EPICGANER999    : helmet good
11:07 modern_e        : thanks
11:07 EPICGANER999    : np
11:09 mielosiker      : Ladans
11:09 EPICGANER999    : to
11:10 EPICGANER999    : thats your dis
11:10 mielosiker      : yes
11:10 EPICGANER999    : added u
11:10 EPICGANER999    : accept
11:10 mielosiker      : ok
11:11 EPICGANER999    : accpt
11:12 mielosiker      : sorry i can't do it cuz my discord went crazy full of lags
11:13 mielosiker      : EPICGANER999
11:13 EPICGANER999    : yo
11:14 modern_e        : yo what book is that your holding?
11:15 EPICGANER999    : ???
11:15 mielosiker      : you won't like it
11:15 modern_e        : what enchanment does it have
11:15 mielosiker      : unbreaking 1
11:15 EPICGANER999    : are yall a tean'
11:15 modern_e        : yea
11:15 mielosiker      : :|
11:15 EPICGANER999    : oh
11:15 mielosiker      : 10
11:15 mielosiker      : 10 yrs
11:16 EPICGANER999    : yall known eachother for 10 years
11:16 mielosiker      : i said i am 10 yrs
11:16 EPICGANER999    : oh
11:17 mielosiker      : i need to go in cave
11:17 modern_e        : k
11:17 GoPotato360     : HOLA
11:17 mielosiker      : hey
11:17 GoPotato360     : oops caps
11:17 GoPotato360     : lol
11:17 mielosiker      : hola
11:18 mielosiker      : bonjour
11:18 EPICGANER999    : this damn lava in the nether is about to piss me off
11:19 mielosiker      : hey can someone come with me in a ravine?
11:20 GoPotato360     : sup
11:20 mielosiker      : please
11:20 mielosiker      : nobody?
11:20 Oxx             : /me 
11:20 Oxx             : im here
11:21 mielosiker      : auggh fine
11:21 Oxx             : nah 5 players
11:21 GoPotato360     : lol
11:22 GoPotato360     : hi
11:22 modern_e        : hi
11:22 mielosiker      : hi
11:23 mielosiker      : thanks
11:24 EPICGANER999    : you still need help in the ravine
11:24 GoPotato360     : crap from the deep car
11:25 EPICGANER999    : i almost died 30 times and only got 19 neitherite
11:25 EPICGANER999    : im so mad
11:25 GoPotato360     : lol
11:25 mielosiker      : do you have shulker box?
11:25 GoPotato360     : yea
11:25 mielosiker      : can give?
11:25 GoPotato360     : nah
11:25 GoPotato360     : u gotta go to the end
11:25 mielosiker      : ok
11:27 GoPotato360     : anyone need a hole
11:29 EPICGANER999    : bro
11:29 EPICGANER999    : you just mined stone
11:29 EPICGANER999    : lmao
11:29 GoPotato360     : follow me
11:29 Oxx             : yes
11:29 EPICGANER999    : you were here yesterday
11:30 Oxx             : i know
11:30 mielosiker      : mineshafft great
11:30 GoPotato360     : wtf
11:30 EPICGANER999    : ??
11:30 GoPotato360     : we r under french toasts claim
11:30 GoPotato360     : randomly
11:30 EPICGANER999    : lmao
11:31 mielosiker      : i dont have iron picaxe
11:31 GoPotato360     : kk one sec
11:31 EPICGANER999    : NEED ONE?
11:32 mielosiker      : thanks
11:32 EPICGANER999    : im getting the shittesest enchants
11:32 GoPotato360     : over ehere
11:32 EPICGANER999    : and there single
11:32 EPICGANER999    : not even doubling
11:32 mielosiker      : bro
11:32 EPICGANER999    : this is so bad
11:32 EPICGANER999    : im spending so many lvls
11:33 EPICGANER999    : potato join vc
11:33 GoPotato360     : cant talk rn
11:33 GoPotato360     : but i can hear lol
11:35 GoPotato360     : anyone willing to make an enderman farm
11:35 GoPotato360     : ill supply material
11:35 GoPotato360     : pog
11:35 mielosiker      : can i
11:35 GoPotato360     : luke started it ig
11:35 GoPotato360     : lit
11:35 mielosiker      : i have seen a tutorial
11:35 GoPotato360     : ill go check
11:36 GoPotato360     : umm ye
11:37 mielosiker      : potato i think you toke my 1 diamond
11:37 GoPotato360     : nope
11:37 GoPotato360     : i gave u like all i mined
11:37 mielosiker      : i mined two got one
11:37 GoPotato360     : i gave u 13 lol
11:37 mielosiker      : WAIT WHAT?
11:37 mielosiker      : W T
11:39 mielosiker      : BYE POTATO I AM GOING HOME
11:39 GoPotato360     : kk
11:39 mielosiker      : thanks
11:40 mielosiker      : thank you so much
11:40 CulturedPiao98  : hi
11:40 GoPotato360     : lol
11:40 CulturedPiao98  : whats special about this server
11:40 mielosiker      : i am going to an super smelter
11:40 EPICGANER999    : everything
11:41 poopynickle     : hello
11:41 mielosiker      : the best server
11:41 EPICGANER999    : do you need a blast furnace mielo
11:41 GoPotato360     : yes tshikiwe can
11:41 mielosiker      : what is that?
11:41 EPICGANER999    : it smelts stuff faster
11:41 GoPotato360     : relskate u dont here him
11:41 poopynickle     : anyone wanna team
11:41 mielosiker      : ok i can have both
11:41 mielosiker      : me
11:41 poopynickle     : alr
11:42 GoPotato360     : nah
11:42 poopynickle     : accept teh tpa
11:42 CulturedPiao98  : hi
11:42 poopynickle     : hello
11:42 GoPotato360     : u can do either
11:42 mielosiker      : ok
11:42 poopynickle     : what so specile abt thi server
11:42 GoPotato360     : i have ender chests
11:42 GoPotato360     : lol
11:43 mielosiker      : the server is so good i can explain
11:43 poopynickle     : is there mods?
11:43 mielosiker      : u can do trading the best generation peace all over
11:43 mielosiker      : u can hang out
11:44 poopynickle     : bro what
11:44 poopynickle     : so this server is normal
11:44 mielosiker      : and all peoples are friendly
11:44 GoPotato360     : just survival basically
11:44 GoPotato360     : just vanilla
11:44 mielosiker      : yup
11:44 poopynickle     : like a regular server? so how is it really good
11:45 mielosiker      : you will find out when all players join
11:45 poopynickle     : can i have a iron pic to go mining
11:45 mielosiker      : here i will give loots
11:46 poopynickle     : breh
11:46 poopynickle     : admin can u lend me a iron pic
11:46 poopynickle     : nvm
11:46 poopynickle     : do u have a mine
11:47 mielosiker      : mine?
11:47 poopynickle     : mining mine
11:47 poopynickle     : liek where u mine iron
11:47 mielosiker      : u can go there follow me
11:47 mielosiker      : or just tpa
11:48 mielosiker      : send me a tpa
11:48 GoPotato360     : who me?
11:48 mielosiker      : have fun
11:49 GoPotato360     : yea
11:50 mielosiker      : bro what in the world when i wanted some logs phantoms appeared out of thin air
11:50 mielosiker      : drained my all health
11:51 poopynickle     : i need help losiker
11:51 mielosiker      : ok
11:51 mielosiker      : coming
11:51 poopynickle     : no tp me
11:51 mielosiker      : ok
11:51 GoPotato360     : yea
11:51 GoPotato360     : let me land one sec
11:52 Oxx             : yo should i craft a iron set?
11:52 GoPotato360     : ye
11:52 Oxx             : bet
11:52 GoPotato360     : who needs again
11:52 poopynickle     : gopatato can u give ,me a kit
11:53 GoPotato360     : ye im op
11:53 mielosiker      : bruh
11:53 GoPotato360     : i cant aint this kinda server
11:54 poopynickle     : can i have kit?
11:54 mielosiker      : one heart
11:54 poopynickle     : sorry
11:54 GoPotato360     : lol
11:54 poopynickle     : u have my stuff
11:55 poopynickle     : can i have my 2 pices of armor back
11:55 poopynickle     : can i have some diamonds?
11:55 poopynickle     : not u admin
11:56 poopynickle     : foood
11:56 poopynickle     : im 1 hp
11:56 mielosiker      : bruh
11:56 GoPotato360     : sorry
11:56 GoPotato360     : one sec
11:56 mielosiker      : i am laughing out loud
11:56 poopynickle     : patata can i have soem legging i didnt get
11:57 poopynickle     : FOOD
11:57 Oxx             : nahhh
11:58 poopynickle     : lemme tp hurry
11:58 GoPotato360     : nah u dont need to worry ab it, ill just take intrest from the enderfarm
11:59 poopynickle     : can i have ur diamonds
11:59 poopynickle     : rq
11:59 poopynickle     : for a sec
11:59 poopynickle     : ill give back
11:59 mielosiker      : augh ok
12:00 mielosiker      : then whats the point of taking the?
12:00 poopynickle     : just lookin
12:00 mielosiker      : diamonds?
12:00 poopynickle     : yes'
12:00 mielosiker      : ok
12:00 poopynickle     : can i make a pic? or no
12:00 mielosiker      : yo can
12:01 poopynickle     : ill make it a NETHERITRE PIC BY MINING NMETHERITE
12:01 poopynickle     : sorrycaps
12:01 mielosiker      : no worries
12:01 poopynickle     : can i make a netherite pic
12:01 GoPotato360     : i am
12:01 poopynickle     : canm i
12:02 GoPotato360     : lol
12:02 poopynickle     : loisiker
12:02 mielosiker      : yes?
12:02 poopynickle     : can i make a netherite pic
12:02 GoPotato360     : nah
12:02 poopynickle     : wdym
12:02 mielosiker      : i said 3 times yes
12:02 poopynickle     : oh
12:03 GoPotato360     : there is a spider spawner under frechs base
12:03 poopynickle     : i need sticks
12:03 GoPotato360     : then make some sticks
12:03 mielosiker      : he's asking
12:03 EPICGANER999    : we know
12:04 EPICGANER999    : he can make them himself
12:04 EPICGANER999    : its only sticks
12:04 GoPotato360     : sure
12:04 poopynickle     : loisker can u go get soem gold
12:04 mielosiker      : you were stealing
12:04 mielosiker      : or something
12:04 modern_e        : i took soem weat
12:05 mielosiker      : ok but next please ask
12:05 modern_e        : k
12:05 poopynickle     : can u tp back to that mine loskier
12:05 poopynickle     : and l;et me tp
12:06 poopynickle     : imma mkine diamonds
12:06 poopynickle     : for us
12:06 mielosiker      : just press /back
12:06 GoPotato360     : idk lol
12:07 Oxx             : YESSSS
12:07 GoPotato360     : wtf
12:07 GoPotato360     : LMAO
12:07 ThatOnePenguin_2: what
12:07 mielosiker      : hello penguin
12:08 GoPotato360     : hi penguin
12:09 GoPotato360     : damn
12:09 GoPotato360     : sheesh
12:10 ThatOnePenguin_2: ok im back
12:11 GoPotato360     : BRUH
12:11 GoPotato360     : u coulve said so
12:11 GoPotato360     : just do /back
12:12 mielosiker      : my irons got disappered nooo
12:13 GoPotato360     : waiiittttttt
12:13 GoPotato360     : holy shit
12:13 GoPotato360     : not again
12:13 poopynickle     : waht?
12:13 GoPotato360     : there is 2 portals
12:13 poopynickle     : lol
12:13 GoPotato360     : last time this happned
12:13 GoPotato360     : there is 2 ender portals
12:13 GoPotato360     : in this server
12:13 poopynickle     : break it
12:13 GoPotato360     : its bug
12:14 GoPotato360     : only 1
12:15 mielosiker      : broo admins someone stole it
12:15 GoPotato360     : stole what
12:15 mielosiker      : my stack of iron
12:15 poopynickle     : oh no u gave me it
12:15 GoPotato360     : also btw do claims, stealing is legal
12:15 poopynickle     : lemem tp
12:15 mielosiker      : i didn't give full stack i gave you 3 irons
12:15 GoPotato360     : u wanna tp?
12:16 GoPotato360     : to the end?
12:16 GoPotato360     : yea
12:16 poopynickle     : lno
12:16 poopynickle     : no
12:16 poopynickle     : accept my tp loskier]
12:16 GoPotato360     : 50$ is tax for the claims
12:16 GoPotato360     : a long while, french looted like 6 of them bc he has the seed
12:16 mielosiker      : i don't know how to do that
12:17 poopynickle     : bro
12:17 GoPotato360     : like a stack
12:17 mielosiker      : but i just want them
12:17 poopynickle     : lemem tp loisker i have ur iron
12:17 poopynickle     : do /tpaccept
12:17 mielosiker      : i mined for 10 mins to super smelter and this happened
12:17 GoPotato360     : wait can someone go back to the portal pls
12:18 GoPotato360     : thx
12:18 GoPotato360     : lol we used to have towny
12:18 GoPotato360     : so i owned the portals
12:18 mielosiker      : i want my iron back
12:18 modern_e        : i didnt take it
12:18 mielosiker      : i also wanted make the anvil
12:19 poopynickle     : guess what loskier
12:19 mielosiker      : what
12:19 modern_e        : thanks
12:19 GoPotato360     : i mean i can lol
12:19 poopynickle     : i mined 48 diamond but i gave 3 to our neighober
12:19 GoPotato360     : lol one sec
12:20 poopynickle     : go
12:20 GoPotato360     : type it in chat
12:20 mielosiker      : ok no problem but did you got some irons?
12:20 EPICGANER999    : 128 65 408:
12:21 mielosiker      : poopynickle?
12:21 mielosiker      : do you have iron?
12:21 poopynickle     : oh yea srry
12:21 GoPotato360     : one sec
12:22 mielosiker      : thanks
12:22 poopynickle     : yw
12:22 poopynickle     : potato can i have soem lapis
12:23 X_XTsuiseki     : I will give 5 diamounds for food
12:23 X_XTsuiseki     : any offers
12:23 poopynickle     : hello
12:23 modern_e        : hi
12:24 poopynickle     : HOLY
12:25 mielosiker      : can i lend some wood from someone
12:25 GoPotato360     : kk everyone pls move to safe spot
12:25 poopynickle     : YES patata
